[2025-07-01T16:15:25.673+0000] {processor.py:161} INFO - Started process (PID=193) to work on /opt/airflow/dags/dag.py
[2025-07-01T16:15:25.674+0000] {processor.py:830} INFO - Processing file /opt/airflow/dags/dag.py for tasks to queue
[2025-07-01T16:15:25.677+0000] {logging_mixin.py:188} INFO - [2025-07-01T16:15:25.676+0000] {dagbag.py:545} INFO - Filling up the DagBag from /opt/airflow/dags/dag.py
[2025-07-01T16:15:25.684+0000] {logging_mixin.py:188} INFO - Successfully imported request_data
[2025-07-01T16:15:25.694+0000] {processor.py:840} INFO - DAG(s) 'spark_processing_pipeline' retrieved from /opt/airflow/dags/dag.py
[2025-07-01T16:15:25.707+0000] {logging_mixin.py:188} INFO - [2025-07-01T16:15:25.706+0000] {dag.py:3089} INFO - Sync 1 DAGs
[2025-07-01T16:15:25.735+0000] {logging_mixin.py:188} INFO - [2025-07-01T16:15:25.734+0000] {dag.py:3947} INFO - Setting next_dagrun for spark_processing_pipeline to 2025-06-30 00:08:00+00:00, run_after=2025-07-01 00:08:00+00:00
[2025-07-01T16:15:25.769+0000] {processor.py:183} INFO - Processing /opt/airflow/dags/dag.py took 0.102 seconds
[2025-07-01T16:15:56.344+0000] {processor.py:161} INFO - Started process (PID=211) to work on /opt/airflow/dags/dag.py
[2025-07-01T16:15:56.347+0000] {processor.py:830} INFO - Processing file /opt/airflow/dags/dag.py for tasks to queue
[2025-07-01T16:15:56.352+0000] {logging_mixin.py:188} INFO - [2025-07-01T16:15:56.351+0000] {dagbag.py:545} INFO - Filling up the DagBag from /opt/airflow/dags/dag.py
[2025-07-01T16:15:56.371+0000] {logging_mixin.py:188} INFO - Successfully imported request_data
[2025-07-01T16:15:56.403+0000] {processor.py:840} INFO - DAG(s) 'spark_processing_pipeline' retrieved from /opt/airflow/dags/dag.py
[2025-07-01T16:15:56.430+0000] {logging_mixin.py:188} INFO - [2025-07-01T16:15:56.430+0000] {dag.py:3089} INFO - Sync 1 DAGs
[2025-07-01T16:15:56.486+0000] {logging_mixin.py:188} INFO - [2025-07-01T16:15:56.485+0000] {dag.py:3947} INFO - Setting next_dagrun for spark_processing_pipeline to 2025-06-30 00:08:00+00:00, run_after=2025-07-01 00:08:00+00:00
[2025-07-01T16:15:56.556+0000] {processor.py:183} INFO - Processing /opt/airflow/dags/dag.py took 0.225 seconds
[2025-07-01T16:16:27.913+0000] {processor.py:161} INFO - Started process (PID=240) to work on /opt/airflow/dags/dag.py
[2025-07-01T16:16:27.916+0000] {processor.py:830} INFO - Processing file /opt/airflow/dags/dag.py for tasks to queue
[2025-07-01T16:16:27.920+0000] {logging_mixin.py:188} INFO - [2025-07-01T16:16:27.919+0000] {dagbag.py:545} INFO - Filling up the DagBag from /opt/airflow/dags/dag.py
[2025-07-01T16:16:27.946+0000] {logging_mixin.py:188} INFO - Successfully imported request_data
[2025-07-01T16:16:27.973+0000] {processor.py:840} INFO - DAG(s) 'spark_processing_pipeline' retrieved from /opt/airflow/dags/dag.py
[2025-07-01T16:16:28.248+0000] {logging_mixin.py:188} INFO - [2025-07-01T16:16:28.247+0000] {dag.py:3089} INFO - Sync 1 DAGs
[2025-07-01T16:16:28.294+0000] {logging_mixin.py:188} INFO - [2025-07-01T16:16:28.293+0000] {dag.py:3947} INFO - Setting next_dagrun for spark_processing_pipeline to 2025-06-30 00:08:00+00:00, run_after=2025-07-01 00:08:00+00:00
[2025-07-01T16:16:28.355+0000] {processor.py:183} INFO - Processing /opt/airflow/dags/dag.py took 0.458 seconds
[2025-07-01T16:16:59.051+0000] {processor.py:161} INFO - Started process (PID=267) to work on /opt/airflow/dags/dag.py
[2025-07-01T16:16:59.052+0000] {processor.py:830} INFO - Processing file /opt/airflow/dags/dag.py for tasks to queue
[2025-07-01T16:16:59.056+0000] {logging_mixin.py:188} INFO - [2025-07-01T16:16:59.055+0000] {dagbag.py:545} INFO - Filling up the DagBag from /opt/airflow/dags/dag.py
[2025-07-01T16:16:59.065+0000] {logging_mixin.py:188} INFO - Successfully imported request_data
[2025-07-01T16:16:59.087+0000] {processor.py:840} INFO - DAG(s) 'spark_processing_pipeline' retrieved from /opt/airflow/dags/dag.py
[2025-07-01T16:16:59.103+0000] {logging_mixin.py:188} INFO - [2025-07-01T16:16:59.102+0000] {dag.py:3089} INFO - Sync 1 DAGs
[2025-07-01T16:16:59.134+0000] {logging_mixin.py:188} INFO - [2025-07-01T16:16:59.134+0000] {dag.py:3947} INFO - Setting next_dagrun for spark_processing_pipeline to 2025-06-30 00:08:00+00:00, run_after=2025-07-01 00:08:00+00:00
[2025-07-01T16:16:59.166+0000] {processor.py:183} INFO - Processing /opt/airflow/dags/dag.py took 0.126 seconds
[2025-07-01T16:17:30.938+0000] {processor.py:161} INFO - Started process (PID=294) to work on /opt/airflow/dags/dag.py
[2025-07-01T16:17:30.941+0000] {processor.py:830} INFO - Processing file /opt/airflow/dags/dag.py for tasks to queue
[2025-07-01T16:17:30.947+0000] {logging_mixin.py:188} INFO - [2025-07-01T16:17:30.946+0000] {dagbag.py:545} INFO - Filling up the DagBag from /opt/airflow/dags/dag.py
[2025-07-01T16:17:30.967+0000] {logging_mixin.py:188} INFO - Successfully imported request_data
[2025-07-01T16:17:30.995+0000] {processor.py:840} INFO - DAG(s) 'spark_processing_pipeline' retrieved from /opt/airflow/dags/dag.py
[2025-07-01T16:17:31.333+0000] {logging_mixin.py:188} INFO - [2025-07-01T16:17:31.333+0000] {dag.py:3089} INFO - Sync 1 DAGs
[2025-07-01T16:17:31.383+0000] {logging_mixin.py:188} INFO - [2025-07-01T16:17:31.382+0000] {dag.py:3947} INFO - Setting next_dagrun for spark_processing_pipeline to 2025-06-30 00:08:00+00:00, run_after=2025-07-01 00:08:00+00:00
[2025-07-01T16:17:31.457+0000] {processor.py:183} INFO - Processing /opt/airflow/dags/dag.py took 0.536 seconds
[2025-07-01T16:18:01.683+0000] {processor.py:161} INFO - Started process (PID=319) to work on /opt/airflow/dags/dag.py
[2025-07-01T16:18:01.686+0000] {processor.py:830} INFO - Processing file /opt/airflow/dags/dag.py for tasks to queue
[2025-07-01T16:18:01.693+0000] {logging_mixin.py:188} INFO - [2025-07-01T16:18:01.692+0000] {dagbag.py:545} INFO - Filling up the DagBag from /opt/airflow/dags/dag.py
[2025-07-01T16:18:01.732+0000] {logging_mixin.py:188} INFO - Successfully imported request_data
[2025-07-01T16:18:01.764+0000] {processor.py:840} INFO - DAG(s) 'spark_processing_pipeline' retrieved from /opt/airflow/dags/dag.py
[2025-07-01T16:18:01.837+0000] {logging_mixin.py:188} INFO - [2025-07-01T16:18:01.836+0000] {dag.py:3089} INFO - Sync 1 DAGs
[2025-07-01T16:18:01.896+0000] {logging_mixin.py:188} INFO - [2025-07-01T16:18:01.895+0000] {dag.py:3947} INFO - Setting next_dagrun for spark_processing_pipeline to 2025-06-30 00:08:00+00:00, run_after=2025-07-01 00:08:00+00:00
[2025-07-01T16:18:01.967+0000] {processor.py:183} INFO - Processing /opt/airflow/dags/dag.py took 0.301 seconds
[2025-07-01T16:18:32.758+0000] {processor.py:161} INFO - Started process (PID=346) to work on /opt/airflow/dags/dag.py
[2025-07-01T16:18:32.762+0000] {processor.py:830} INFO - Processing file /opt/airflow/dags/dag.py for tasks to queue
[2025-07-01T16:18:32.768+0000] {logging_mixin.py:188} INFO - [2025-07-01T16:18:32.767+0000] {dagbag.py:545} INFO - Filling up the DagBag from /opt/airflow/dags/dag.py
[2025-07-01T16:18:32.797+0000] {logging_mixin.py:188} INFO - Successfully imported request_data
[2025-07-01T16:18:32.826+0000] {processor.py:840} INFO - DAG(s) 'spark_processing_pipeline' retrieved from /opt/airflow/dags/dag.py
[2025-07-01T16:18:32.898+0000] {logging_mixin.py:188} INFO - [2025-07-01T16:18:32.897+0000] {dag.py:3089} INFO - Sync 1 DAGs
[2025-07-01T16:18:32.956+0000] {logging_mixin.py:188} INFO - [2025-07-01T16:18:32.955+0000] {dag.py:3947} INFO - Setting next_dagrun for spark_processing_pipeline to 2025-06-30 00:08:00+00:00, run_after=2025-07-01 00:08:00+00:00
[2025-07-01T16:18:33.021+0000] {processor.py:183} INFO - Processing /opt/airflow/dags/dag.py took 0.285 seconds
[2025-07-01T16:19:03.837+0000] {processor.py:161} INFO - Started process (PID=373) to work on /opt/airflow/dags/dag.py
[2025-07-01T16:19:03.840+0000] {processor.py:830} INFO - Processing file /opt/airflow/dags/dag.py for tasks to queue
[2025-07-01T16:19:03.847+0000] {logging_mixin.py:188} INFO - [2025-07-01T16:19:03.845+0000] {dagbag.py:545} INFO - Filling up the DagBag from /opt/airflow/dags/dag.py
[2025-07-01T16:19:03.869+0000] {logging_mixin.py:188} INFO - Successfully imported request_data
[2025-07-01T16:19:03.898+0000] {processor.py:840} INFO - DAG(s) 'spark_processing_pipeline' retrieved from /opt/airflow/dags/dag.py
[2025-07-01T16:19:03.975+0000] {logging_mixin.py:188} INFO - [2025-07-01T16:19:03.974+0000] {dag.py:3089} INFO - Sync 1 DAGs
[2025-07-01T16:19:04.036+0000] {logging_mixin.py:188} INFO - [2025-07-01T16:19:04.035+0000] {dag.py:3947} INFO - Setting next_dagrun for spark_processing_pipeline to 2025-06-30 00:08:00+00:00, run_after=2025-07-01 00:08:00+00:00
[2025-07-01T16:19:04.100+0000] {processor.py:183} INFO - Processing /opt/airflow/dags/dag.py took 0.283 seconds
[2025-07-01T16:19:34.817+0000] {processor.py:161} INFO - Started process (PID=400) to work on /opt/airflow/dags/dag.py
[2025-07-01T16:19:34.820+0000] {processor.py:830} INFO - Processing file /opt/airflow/dags/dag.py for tasks to queue
[2025-07-01T16:19:34.826+0000] {logging_mixin.py:188} INFO - [2025-07-01T16:19:34.825+0000] {dagbag.py:545} INFO - Filling up the DagBag from /opt/airflow/dags/dag.py
[2025-07-01T16:19:34.846+0000] {logging_mixin.py:188} INFO - Successfully imported request_data
[2025-07-01T16:19:34.878+0000] {processor.py:840} INFO - DAG(s) 'spark_processing_pipeline' retrieved from /opt/airflow/dags/dag.py
[2025-07-01T16:19:34.955+0000] {logging_mixin.py:188} INFO - [2025-07-01T16:19:34.954+0000] {dag.py:3089} INFO - Sync 1 DAGs
[2025-07-01T16:19:35.017+0000] {logging_mixin.py:188} INFO - [2025-07-01T16:19:35.016+0000] {dag.py:3947} INFO - Setting next_dagrun for spark_processing_pipeline to 2025-06-30 00:08:00+00:00, run_after=2025-07-01 00:08:00+00:00
[2025-07-01T16:19:35.084+0000] {processor.py:183} INFO - Processing /opt/airflow/dags/dag.py took 0.286 seconds
[2025-07-01T16:20:05.864+0000] {processor.py:161} INFO - Started process (PID=422) to work on /opt/airflow/dags/dag.py
[2025-07-01T16:20:05.866+0000] {processor.py:830} INFO - Processing file /opt/airflow/dags/dag.py for tasks to queue
[2025-07-01T16:20:05.873+0000] {logging_mixin.py:188} INFO - [2025-07-01T16:20:05.871+0000] {dagbag.py:545} INFO - Filling up the DagBag from /opt/airflow/dags/dag.py
[2025-07-01T16:20:05.897+0000] {logging_mixin.py:188} INFO - Successfully imported request_data
[2025-07-01T16:20:05.957+0000] {processor.py:840} INFO - DAG(s) 'spark_processing_pipeline' retrieved from /opt/airflow/dags/dag.py
[2025-07-01T16:20:06.025+0000] {logging_mixin.py:188} INFO - [2025-07-01T16:20:06.025+0000] {dag.py:3089} INFO - Sync 1 DAGs
[2025-07-01T16:20:06.076+0000] {logging_mixin.py:188} INFO - [2025-07-01T16:20:06.075+0000] {dag.py:3947} INFO - Setting next_dagrun for spark_processing_pipeline to 2025-06-30 00:08:00+00:00, run_after=2025-07-01 00:08:00+00:00
[2025-07-01T16:20:06.132+0000] {processor.py:183} INFO - Processing /opt/airflow/dags/dag.py took 0.284 seconds
[2025-07-01T16:20:36.807+0000] {processor.py:161} INFO - Started process (PID=449) to work on /opt/airflow/dags/dag.py
[2025-07-01T16:20:36.809+0000] {processor.py:830} INFO - Processing file /opt/airflow/dags/dag.py for tasks to queue
[2025-07-01T16:20:36.815+0000] {logging_mixin.py:188} INFO - [2025-07-01T16:20:36.814+0000] {dagbag.py:545} INFO - Filling up the DagBag from /opt/airflow/dags/dag.py
[2025-07-01T16:20:36.841+0000] {logging_mixin.py:188} INFO - Successfully imported request_data
[2025-07-01T16:20:36.869+0000] {processor.py:840} INFO - DAG(s) 'spark_processing_pipeline' retrieved from /opt/airflow/dags/dag.py
[2025-07-01T16:20:36.897+0000] {logging_mixin.py:188} INFO - [2025-07-01T16:20:36.896+0000] {dag.py:3089} INFO - Sync 1 DAGs
[2025-07-01T16:20:36.963+0000] {logging_mixin.py:188} INFO - [2025-07-01T16:20:36.962+0000] {dag.py:3947} INFO - Setting next_dagrun for spark_processing_pipeline to 2025-06-30 00:08:00+00:00, run_after=2025-07-01 00:08:00+00:00
[2025-07-01T16:20:37.030+0000] {processor.py:183} INFO - Processing /opt/airflow/dags/dag.py took 0.242 seconds
