[2025-07-01T16:15:25.469+0000] {processor.py:161} INFO - Started process (PID=186) to work on /opt/airflow/dags/dag_smart_fallback.py
[2025-07-01T16:15:25.471+0000] {processor.py:830} INFO - Processing file /opt/airflow/dags/dag_smart_fallback.py for tasks to queue
[2025-07-01T16:15:25.474+0000] {logging_mixin.py:188} INFO - [2025-07-01T16:15:25.473+0000] {dagbag.py:545} INFO - Filling up the DagBag from /opt/airflow/dags/dag_smart_fallback.py
[2025-07-01T16:15:25.482+0000] {logging_mixin.py:188} INFO - Successfully imported request_data
[2025-07-01T16:15:25.489+0000] {logging_mixin.py:188} WARNING - /home/airflow/.local/lib/python3.10/site-packages/airflow/models/baseoperator.py:485 RemovedInAirflow3Warning: provide_context is deprecated as of 2.0 and is no longer required
[2025-07-01T16:15:25.492+0000] {logging_mixin.py:188} WARNING - /home/airflow/.local/lib/python3.10/site-packages/airflow/providers/apache/spark/operators/spark_submit.py:137 RemovedInAirflow3Warning: none_failed_or_skipped Trigger Rule is deprecated. Please use `none_failed_min_one_success`.
[2025-07-01T16:15:25.507+0000] {processor.py:840} INFO - DAG(s) 'spark_processing_pipeline_smart' retrieved from /opt/airflow/dags/dag_smart_fallback.py
[2025-07-01T16:15:25.554+0000] {logging_mixin.py:188} INFO - [2025-07-01T16:15:25.553+0000] {dag.py:3089} INFO - Sync 1 DAGs
[2025-07-01T16:15:25.587+0000] {logging_mixin.py:188} INFO - [2025-07-01T16:15:25.586+0000] {dag.py:3947} INFO - Setting next_dagrun for spark_processing_pipeline_smart to 2025-06-30 00:08:00+00:00, run_after=2025-07-01 00:08:00+00:00
[2025-07-01T16:15:25.629+0000] {processor.py:183} INFO - Processing /opt/airflow/dags/dag_smart_fallback.py took 0.167 seconds
[2025-07-01T16:15:56.071+0000] {processor.py:161} INFO - Started process (PID=206) to work on /opt/airflow/dags/dag_smart_fallback.py
[2025-07-01T16:15:56.073+0000] {processor.py:830} INFO - Processing file /opt/airflow/dags/dag_smart_fallback.py for tasks to queue
[2025-07-01T16:15:56.080+0000] {logging_mixin.py:188} INFO - [2025-07-01T16:15:56.078+0000] {dagbag.py:545} INFO - Filling up the DagBag from /opt/airflow/dags/dag_smart_fallback.py
[2025-07-01T16:15:56.115+0000] {logging_mixin.py:188} INFO - Successfully imported request_data
[2025-07-01T16:15:56.133+0000] {logging_mixin.py:188} WARNING - /home/airflow/.local/lib/python3.10/site-packages/airflow/models/baseoperator.py:485 RemovedInAirflow3Warning: provide_context is deprecated as of 2.0 and is no longer required
[2025-07-01T16:15:56.143+0000] {logging_mixin.py:188} WARNING - /home/airflow/.local/lib/python3.10/site-packages/airflow/providers/apache/spark/operators/spark_submit.py:137 RemovedInAirflow3Warning: none_failed_or_skipped Trigger Rule is deprecated. Please use `none_failed_min_one_success`.
[2025-07-01T16:15:56.157+0000] {processor.py:840} INFO - DAG(s) 'spark_processing_pipeline_smart' retrieved from /opt/airflow/dags/dag_smart_fallback.py
[2025-07-01T16:15:56.190+0000] {logging_mixin.py:188} INFO - [2025-07-01T16:15:56.189+0000] {dag.py:3089} INFO - Sync 1 DAGs
[2025-07-01T16:15:56.250+0000] {logging_mixin.py:188} INFO - [2025-07-01T16:15:56.250+0000] {dag.py:3947} INFO - Setting next_dagrun for spark_processing_pipeline_smart to 2025-06-30 00:08:00+00:00, run_after=2025-07-01 00:08:00+00:00
[2025-07-01T16:15:56.319+0000] {processor.py:183} INFO - Processing /opt/airflow/dags/dag_smart_fallback.py took 0.263 seconds
[2025-07-01T16:16:26.916+0000] {processor.py:161} INFO - Started process (PID=233) to work on /opt/airflow/dags/dag_smart_fallback.py
[2025-07-01T16:16:26.919+0000] {processor.py:830} INFO - Processing file /opt/airflow/dags/dag_smart_fallback.py for tasks to queue
[2025-07-01T16:16:26.925+0000] {logging_mixin.py:188} INFO - [2025-07-01T16:16:26.923+0000] {dagbag.py:545} INFO - Filling up the DagBag from /opt/airflow/dags/dag_smart_fallback.py
[2025-07-01T16:16:26.946+0000] {logging_mixin.py:188} INFO - Successfully imported request_data
[2025-07-01T16:16:26.962+0000] {logging_mixin.py:188} WARNING - /home/airflow/.local/lib/python3.10/site-packages/airflow/models/baseoperator.py:485 RemovedInAirflow3Warning: provide_context is deprecated as of 2.0 and is no longer required
[2025-07-01T16:16:26.970+0000] {logging_mixin.py:188} WARNING - /home/airflow/.local/lib/python3.10/site-packages/airflow/providers/apache/spark/operators/spark_submit.py:137 RemovedInAirflow3Warning: none_failed_or_skipped Trigger Rule is deprecated. Please use `none_failed_min_one_success`.
[2025-07-01T16:16:26.986+0000] {processor.py:840} INFO - DAG(s) 'spark_processing_pipeline_smart' retrieved from /opt/airflow/dags/dag_smart_fallback.py
[2025-07-01T16:16:27.717+0000] {logging_mixin.py:188} INFO - [2025-07-01T16:16:27.717+0000] {dag.py:3089} INFO - Sync 1 DAGs
[2025-07-01T16:16:27.764+0000] {logging_mixin.py:188} INFO - [2025-07-01T16:16:27.763+0000] {dag.py:3947} INFO - Setting next_dagrun for spark_processing_pipeline_smart to 2025-06-30 00:08:00+00:00, run_after=2025-07-01 00:08:00+00:00
[2025-07-01T16:16:27.842+0000] {processor.py:183} INFO - Processing /opt/airflow/dags/dag_smart_fallback.py took 0.945 seconds
[2025-07-01T16:16:58.653+0000] {processor.py:161} INFO - Started process (PID=258) to work on /opt/airflow/dags/dag_smart_fallback.py
[2025-07-01T16:16:58.655+0000] {processor.py:830} INFO - Processing file /opt/airflow/dags/dag_smart_fallback.py for tasks to queue
[2025-07-01T16:16:58.669+0000] {logging_mixin.py:188} INFO - [2025-07-01T16:16:58.667+0000] {dagbag.py:545} INFO - Filling up the DagBag from /opt/airflow/dags/dag_smart_fallback.py
[2025-07-01T16:16:58.698+0000] {logging_mixin.py:188} INFO - Successfully imported request_data
[2025-07-01T16:16:58.730+0000] {logging_mixin.py:188} WARNING - /home/airflow/.local/lib/python3.10/site-packages/airflow/models/baseoperator.py:485 RemovedInAirflow3Warning: provide_context is deprecated as of 2.0 and is no longer required
[2025-07-01T16:16:58.736+0000] {logging_mixin.py:188} WARNING - /home/airflow/.local/lib/python3.10/site-packages/airflow/providers/apache/spark/operators/spark_submit.py:137 RemovedInAirflow3Warning: none_failed_or_skipped Trigger Rule is deprecated. Please use `none_failed_min_one_success`.
[2025-07-01T16:16:58.745+0000] {processor.py:840} INFO - DAG(s) 'spark_processing_pipeline_smart' retrieved from /opt/airflow/dags/dag_smart_fallback.py
[2025-07-01T16:16:58.782+0000] {logging_mixin.py:188} INFO - [2025-07-01T16:16:58.781+0000] {dag.py:3089} INFO - Sync 1 DAGs
[2025-07-01T16:16:58.884+0000] {logging_mixin.py:188} INFO - [2025-07-01T16:16:58.884+0000] {dag.py:3947} INFO - Setting next_dagrun for spark_processing_pipeline_smart to 2025-06-30 00:08:00+00:00, run_after=2025-07-01 00:08:00+00:00
[2025-07-01T16:16:58.973+0000] {processor.py:183} INFO - Processing /opt/airflow/dags/dag_smart_fallback.py took 0.352 seconds
[2025-07-01T16:17:29.622+0000] {processor.py:161} INFO - Started process (PID=287) to work on /opt/airflow/dags/dag_smart_fallback.py
[2025-07-01T16:17:29.628+0000] {processor.py:830} INFO - Processing file /opt/airflow/dags/dag_smart_fallback.py for tasks to queue
[2025-07-01T16:17:29.653+0000] {logging_mixin.py:188} INFO - [2025-07-01T16:17:29.649+0000] {dagbag.py:545} INFO - Filling up the DagBag from /opt/airflow/dags/dag_smart_fallback.py
[2025-07-01T16:17:29.726+0000] {logging_mixin.py:188} INFO - Successfully imported request_data
[2025-07-01T16:17:29.791+0000] {logging_mixin.py:188} WARNING - /home/airflow/.local/lib/python3.10/site-packages/airflow/models/baseoperator.py:485 RemovedInAirflow3Warning: provide_context is deprecated as of 2.0 and is no longer required
[2025-07-01T16:17:29.801+0000] {logging_mixin.py:188} WARNING - /home/airflow/.local/lib/python3.10/site-packages/airflow/providers/apache/spark/operators/spark_submit.py:137 RemovedInAirflow3Warning: none_failed_or_skipped Trigger Rule is deprecated. Please use `none_failed_min_one_success`.
[2025-07-01T16:17:29.819+0000] {processor.py:840} INFO - DAG(s) 'spark_processing_pipeline_smart' retrieved from /opt/airflow/dags/dag_smart_fallback.py
[2025-07-01T16:17:30.683+0000] {logging_mixin.py:188} INFO - [2025-07-01T16:17:30.682+0000] {dag.py:3089} INFO - Sync 1 DAGs
[2025-07-01T16:17:30.770+0000] {logging_mixin.py:188} INFO - [2025-07-01T16:17:30.769+0000] {dag.py:3947} INFO - Setting next_dagrun for spark_processing_pipeline_smart to 2025-06-30 00:08:00+00:00, run_after=2025-07-01 00:08:00+00:00
[2025-07-01T16:17:30.866+0000] {processor.py:183} INFO - Processing /opt/airflow/dags/dag_smart_fallback.py took 1.293 seconds
[2025-07-01T16:18:01.318+0000] {processor.py:161} INFO - Started process (PID=314) to work on /opt/airflow/dags/dag_smart_fallback.py
[2025-07-01T16:18:01.320+0000] {processor.py:830} INFO - Processing file /opt/airflow/dags/dag_smart_fallback.py for tasks to queue
[2025-07-01T16:18:01.327+0000] {logging_mixin.py:188} INFO - [2025-07-01T16:18:01.326+0000] {dagbag.py:545} INFO - Filling up the DagBag from /opt/airflow/dags/dag_smart_fallback.py
[2025-07-01T16:18:01.354+0000] {logging_mixin.py:188} INFO - Successfully imported request_data
[2025-07-01T16:18:01.380+0000] {logging_mixin.py:188} WARNING - /home/airflow/.local/lib/python3.10/site-packages/airflow/models/baseoperator.py:485 RemovedInAirflow3Warning: provide_context is deprecated as of 2.0 and is no longer required
[2025-07-01T16:18:01.388+0000] {logging_mixin.py:188} WARNING - /home/airflow/.local/lib/python3.10/site-packages/airflow/providers/apache/spark/operators/spark_submit.py:137 RemovedInAirflow3Warning: none_failed_or_skipped Trigger Rule is deprecated. Please use `none_failed_min_one_success`.
[2025-07-01T16:18:01.404+0000] {processor.py:840} INFO - DAG(s) 'spark_processing_pipeline_smart' retrieved from /opt/airflow/dags/dag_smart_fallback.py
[2025-07-01T16:18:01.500+0000] {logging_mixin.py:188} INFO - [2025-07-01T16:18:01.500+0000] {dag.py:3089} INFO - Sync 1 DAGs
[2025-07-01T16:18:01.566+0000] {logging_mixin.py:188} INFO - [2025-07-01T16:18:01.565+0000] {dag.py:3947} INFO - Setting next_dagrun for spark_processing_pipeline_smart to 2025-06-30 00:08:00+00:00, run_after=2025-07-01 00:08:00+00:00
[2025-07-01T16:18:01.642+0000] {processor.py:183} INFO - Processing /opt/airflow/dags/dag_smart_fallback.py took 0.342 seconds
[2025-07-01T16:18:32.395+0000] {processor.py:161} INFO - Started process (PID=341) to work on /opt/airflow/dags/dag_smart_fallback.py
[2025-07-01T16:18:32.398+0000] {processor.py:830} INFO - Processing file /opt/airflow/dags/dag_smart_fallback.py for tasks to queue
[2025-07-01T16:18:32.405+0000] {logging_mixin.py:188} INFO - [2025-07-01T16:18:32.404+0000] {dagbag.py:545} INFO - Filling up the DagBag from /opt/airflow/dags/dag_smart_fallback.py
[2025-07-01T16:18:32.441+0000] {logging_mixin.py:188} INFO - Successfully imported request_data
[2025-07-01T16:18:32.467+0000] {logging_mixin.py:188} WARNING - /home/airflow/.local/lib/python3.10/site-packages/airflow/models/baseoperator.py:485 RemovedInAirflow3Warning: provide_context is deprecated as of 2.0 and is no longer required
[2025-07-01T16:18:32.475+0000] {logging_mixin.py:188} WARNING - /home/airflow/.local/lib/python3.10/site-packages/airflow/providers/apache/spark/operators/spark_submit.py:137 RemovedInAirflow3Warning: none_failed_or_skipped Trigger Rule is deprecated. Please use `none_failed_min_one_success`.
[2025-07-01T16:18:32.492+0000] {processor.py:840} INFO - DAG(s) 'spark_processing_pipeline_smart' retrieved from /opt/airflow/dags/dag_smart_fallback.py
[2025-07-01T16:18:32.575+0000] {logging_mixin.py:188} INFO - [2025-07-01T16:18:32.575+0000] {dag.py:3089} INFO - Sync 1 DAGs
[2025-07-01T16:18:32.641+0000] {logging_mixin.py:188} INFO - [2025-07-01T16:18:32.640+0000] {dag.py:3947} INFO - Setting next_dagrun for spark_processing_pipeline_smart to 2025-06-30 00:08:00+00:00, run_after=2025-07-01 00:08:00+00:00
[2025-07-01T16:18:32.730+0000] {processor.py:183} INFO - Processing /opt/airflow/dags/dag_smart_fallback.py took 0.355 seconds
[2025-07-01T16:19:03.506+0000] {processor.py:161} INFO - Started process (PID=368) to work on /opt/airflow/dags/dag_smart_fallback.py
[2025-07-01T16:19:03.508+0000] {processor.py:830} INFO - Processing file /opt/airflow/dags/dag_smart_fallback.py for tasks to queue
[2025-07-01T16:19:03.516+0000] {logging_mixin.py:188} INFO - [2025-07-01T16:19:03.515+0000] {dagbag.py:545} INFO - Filling up the DagBag from /opt/airflow/dags/dag_smart_fallback.py
[2025-07-01T16:19:03.547+0000] {logging_mixin.py:188} INFO - Successfully imported request_data
[2025-07-01T16:19:03.575+0000] {logging_mixin.py:188} WARNING - /home/airflow/.local/lib/python3.10/site-packages/airflow/models/baseoperator.py:485 RemovedInAirflow3Warning: provide_context is deprecated as of 2.0 and is no longer required
[2025-07-01T16:19:03.582+0000] {logging_mixin.py:188} WARNING - /home/airflow/.local/lib/python3.10/site-packages/airflow/providers/apache/spark/operators/spark_submit.py:137 RemovedInAirflow3Warning: none_failed_or_skipped Trigger Rule is deprecated. Please use `none_failed_min_one_success`.
[2025-07-01T16:19:03.597+0000] {processor.py:840} INFO - DAG(s) 'spark_processing_pipeline_smart' retrieved from /opt/airflow/dags/dag_smart_fallback.py
[2025-07-01T16:19:03.684+0000] {logging_mixin.py:188} INFO - [2025-07-01T16:19:03.683+0000] {dag.py:3089} INFO - Sync 1 DAGs
[2025-07-01T16:19:03.749+0000] {logging_mixin.py:188} INFO - [2025-07-01T16:19:03.748+0000] {dag.py:3947} INFO - Setting next_dagrun for spark_processing_pipeline_smart to 2025-06-30 00:08:00+00:00, run_after=2025-07-01 00:08:00+00:00
[2025-07-01T16:19:03.821+0000] {processor.py:183} INFO - Processing /opt/airflow/dags/dag_smart_fallback.py took 0.333 seconds
[2025-07-01T16:19:34.485+0000] {processor.py:161} INFO - Started process (PID=395) to work on /opt/airflow/dags/dag_smart_fallback.py
[2025-07-01T16:19:34.488+0000] {processor.py:830} INFO - Processing file /opt/airflow/dags/dag_smart_fallback.py for tasks to queue
[2025-07-01T16:19:34.495+0000] {logging_mixin.py:188} INFO - [2025-07-01T16:19:34.494+0000] {dagbag.py:545} INFO - Filling up the DagBag from /opt/airflow/dags/dag_smart_fallback.py
[2025-07-01T16:19:34.520+0000] {logging_mixin.py:188} INFO - Successfully imported request_data
[2025-07-01T16:19:34.542+0000] {logging_mixin.py:188} WARNING - /home/airflow/.local/lib/python3.10/site-packages/airflow/models/baseoperator.py:485 RemovedInAirflow3Warning: provide_context is deprecated as of 2.0 and is no longer required
[2025-07-01T16:19:34.549+0000] {logging_mixin.py:188} WARNING - /home/airflow/.local/lib/python3.10/site-packages/airflow/providers/apache/spark/operators/spark_submit.py:137 RemovedInAirflow3Warning: none_failed_or_skipped Trigger Rule is deprecated. Please use `none_failed_min_one_success`.
[2025-07-01T16:19:34.563+0000] {processor.py:840} INFO - DAG(s) 'spark_processing_pipeline_smart' retrieved from /opt/airflow/dags/dag_smart_fallback.py
[2025-07-01T16:19:34.657+0000] {logging_mixin.py:188} INFO - [2025-07-01T16:19:34.657+0000] {dag.py:3089} INFO - Sync 1 DAGs
[2025-07-01T16:19:34.731+0000] {logging_mixin.py:188} INFO - [2025-07-01T16:19:34.730+0000] {dag.py:3947} INFO - Setting next_dagrun for spark_processing_pipeline_smart to 2025-06-30 00:08:00+00:00, run_after=2025-07-01 00:08:00+00:00
[2025-07-01T16:19:34.813+0000] {processor.py:183} INFO - Processing /opt/airflow/dags/dag_smart_fallback.py took 0.349 seconds
[2025-07-01T16:20:05.432+0000] {processor.py:161} INFO - Started process (PID=415) to work on /opt/airflow/dags/dag_smart_fallback.py
[2025-07-01T16:20:05.435+0000] {processor.py:830} INFO - Processing file /opt/airflow/dags/dag_smart_fallback.py for tasks to queue
[2025-07-01T16:20:05.445+0000] {logging_mixin.py:188} INFO - [2025-07-01T16:20:05.443+0000] {dagbag.py:545} INFO - Filling up the DagBag from /opt/airflow/dags/dag_smart_fallback.py
[2025-07-01T16:20:05.496+0000] {logging_mixin.py:188} INFO - Successfully imported request_data
[2025-07-01T16:20:05.528+0000] {logging_mixin.py:188} WARNING - /home/airflow/.local/lib/python3.10/site-packages/airflow/models/baseoperator.py:485 RemovedInAirflow3Warning: provide_context is deprecated as of 2.0 and is no longer required
[2025-07-01T16:20:05.537+0000] {logging_mixin.py:188} WARNING - /home/airflow/.local/lib/python3.10/site-packages/airflow/providers/apache/spark/operators/spark_submit.py:137 RemovedInAirflow3Warning: none_failed_or_skipped Trigger Rule is deprecated. Please use `none_failed_min_one_success`.
[2025-07-01T16:20:05.553+0000] {processor.py:840} INFO - DAG(s) 'spark_processing_pipeline_smart' retrieved from /opt/airflow/dags/dag_smart_fallback.py
[2025-07-01T16:20:05.649+0000] {logging_mixin.py:188} INFO - [2025-07-01T16:20:05.648+0000] {dag.py:3089} INFO - Sync 1 DAGs
[2025-07-01T16:20:05.716+0000] {logging_mixin.py:188} INFO - [2025-07-01T16:20:05.716+0000] {dag.py:3947} INFO - Setting next_dagrun for spark_processing_pipeline_smart to 2025-06-30 00:08:00+00:00, run_after=2025-07-01 00:08:00+00:00
[2025-07-01T16:20:05.788+0000] {processor.py:183} INFO - Processing /opt/airflow/dags/dag_smart_fallback.py took 0.377 seconds
[2025-07-01T16:20:36.479+0000] {processor.py:161} INFO - Started process (PID=442) to work on /opt/airflow/dags/dag_smart_fallback.py
[2025-07-01T16:20:36.483+0000] {processor.py:830} INFO - Processing file /opt/airflow/dags/dag_smart_fallback.py for tasks to queue
[2025-07-01T16:20:36.492+0000] {logging_mixin.py:188} INFO - [2025-07-01T16:20:36.490+0000] {dagbag.py:545} INFO - Filling up the DagBag from /opt/airflow/dags/dag_smart_fallback.py
[2025-07-01T16:20:36.527+0000] {logging_mixin.py:188} INFO - Successfully imported request_data
[2025-07-01T16:20:36.554+0000] {logging_mixin.py:188} WARNING - /home/airflow/.local/lib/python3.10/site-packages/airflow/models/baseoperator.py:485 RemovedInAirflow3Warning: provide_context is deprecated as of 2.0 and is no longer required
[2025-07-01T16:20:36.564+0000] {logging_mixin.py:188} WARNING - /home/airflow/.local/lib/python3.10/site-packages/airflow/providers/apache/spark/operators/spark_submit.py:137 RemovedInAirflow3Warning: none_failed_or_skipped Trigger Rule is deprecated. Please use `none_failed_min_one_success`.
[2025-07-01T16:20:36.583+0000] {processor.py:840} INFO - DAG(s) 'spark_processing_pipeline_smart' retrieved from /opt/airflow/dags/dag_smart_fallback.py
[2025-07-01T16:20:36.622+0000] {logging_mixin.py:188} INFO - [2025-07-01T16:20:36.621+0000] {dag.py:3089} INFO - Sync 1 DAGs
[2025-07-01T16:20:36.697+0000] {logging_mixin.py:188} INFO - [2025-07-01T16:20:36.696+0000] {dag.py:3947} INFO - Setting next_dagrun for spark_processing_pipeline_smart to 2025-06-30 00:08:00+00:00, run_after=2025-07-01 00:08:00+00:00
[2025-07-01T16:20:36.764+0000] {processor.py:183} INFO - Processing /opt/airflow/dags/dag_smart_fallback.py took 0.308 seconds
[2025-07-01T16:21:07.749+0000] {processor.py:161} INFO - Started process (PID=468) to work on /opt/airflow/dags/dag_smart_fallback.py
[2025-07-01T16:21:07.766+0000] {processor.py:830} INFO - Processing file /opt/airflow/dags/dag_smart_fallback.py for tasks to queue
[2025-07-01T16:21:08.078+0000] {logging_mixin.py:188} INFO - [2025-07-01T16:21:07.923+0000] {dagbag.py:545} INFO - Filling up the DagBag from /opt/airflow/dags/dag_smart_fallback.py
[2025-07-01T16:22:58.746+0000] {logging_mixin.py:188} INFO - [2025-07-01T16:21:48.847+0000] {timeout.py:68} ERROR - Process timed out, PID: 468
