[2025-07-01T16:15:25.812+0000] {processor.py:161} INFO - Started process (PID=198) to work on /opt/airflow/dags/dag_local_fallback.py
[2025-07-01T16:15:25.813+0000] {processor.py:830} INFO - Processing file /opt/airflow/dags/dag_local_fallback.py for tasks to queue
[2025-07-01T16:15:25.816+0000] {logging_mixin.py:188} INFO - [2025-07-01T16:15:25.816+0000] {dagbag.py:545} INFO - Filling up the DagBag from /opt/airflow/dags/dag_local_fallback.py
[2025-07-01T16:15:25.825+0000] {logging_mixin.py:188} INFO - Successfully imported request_data
[2025-07-01T16:15:25.840+0000] {processor.py:840} INFO - DAG(s) 'spark_processing_pipeline_local' retrieved from /opt/airflow/dags/dag_local_fallback.py
[2025-07-01T16:15:25.855+0000] {logging_mixin.py:188} INFO - [2025-07-01T16:15:25.854+0000] {dag.py:3089} INFO - Sync 1 DAGs
[2025-07-01T16:15:25.889+0000] {logging_mixin.py:188} INFO - [2025-07-01T16:15:25.888+0000] {dag.py:3947} INFO - Setting next_dagrun for spark_processing_pipeline_local to 2025-06-30 00:08:00+00:00, run_after=2025-07-01 00:08:00+00:00
[2025-07-01T16:15:25.930+0000] {processor.py:183} INFO - Processing /opt/airflow/dags/dag_local_fallback.py took 0.127 seconds
[2025-07-01T16:15:56.412+0000] {processor.py:161} INFO - Started process (PID=216) to work on /opt/airflow/dags/dag_local_fallback.py
[2025-07-01T16:15:56.415+0000] {processor.py:830} INFO - Processing file /opt/airflow/dags/dag_local_fallback.py for tasks to queue
[2025-07-01T16:15:56.419+0000] {logging_mixin.py:188} INFO - [2025-07-01T16:15:56.419+0000] {dagbag.py:545} INFO - Filling up the DagBag from /opt/airflow/dags/dag_local_fallback.py
[2025-07-01T16:15:56.439+0000] {logging_mixin.py:188} INFO - Successfully imported request_data
[2025-07-01T16:15:56.463+0000] {processor.py:840} INFO - DAG(s) 'spark_processing_pipeline_local' retrieved from /opt/airflow/dags/dag_local_fallback.py
[2025-07-01T16:15:56.493+0000] {logging_mixin.py:188} INFO - [2025-07-01T16:15:56.492+0000] {dag.py:3089} INFO - Sync 1 DAGs
[2025-07-01T16:15:56.552+0000] {logging_mixin.py:188} INFO - [2025-07-01T16:15:56.551+0000] {dag.py:3947} INFO - Setting next_dagrun for spark_processing_pipeline_local to 2025-06-30 00:08:00+00:00, run_after=2025-07-01 00:08:00+00:00
[2025-07-01T16:15:56.616+0000] {processor.py:183} INFO - Processing /opt/airflow/dags/dag_local_fallback.py took 0.223 seconds
[2025-07-01T16:16:27.996+0000] {processor.py:161} INFO - Started process (PID=243) to work on /opt/airflow/dags/dag_local_fallback.py
[2025-07-01T16:16:27.999+0000] {processor.py:830} INFO - Processing file /opt/airflow/dags/dag_local_fallback.py for tasks to queue
[2025-07-01T16:16:28.004+0000] {logging_mixin.py:188} INFO - [2025-07-01T16:16:28.003+0000] {dagbag.py:545} INFO - Filling up the DagBag from /opt/airflow/dags/dag_local_fallback.py
[2025-07-01T16:16:28.024+0000] {logging_mixin.py:188} INFO - Successfully imported request_data
[2025-07-01T16:16:28.049+0000] {processor.py:840} INFO - DAG(s) 'spark_processing_pipeline_local' retrieved from /opt/airflow/dags/dag_local_fallback.py
[2025-07-01T16:16:28.320+0000] {logging_mixin.py:188} INFO - [2025-07-01T16:16:28.319+0000] {dag.py:3089} INFO - Sync 1 DAGs
[2025-07-01T16:16:28.366+0000] {logging_mixin.py:188} INFO - [2025-07-01T16:16:28.366+0000] {dag.py:3947} INFO - Setting next_dagrun for spark_processing_pipeline_local to 2025-06-30 00:08:00+00:00, run_after=2025-07-01 00:08:00+00:00
[2025-07-01T16:16:28.429+0000] {processor.py:183} INFO - Processing /opt/airflow/dags/dag_local_fallback.py took 0.451 seconds
[2025-07-01T16:16:59.205+0000] {processor.py:161} INFO - Started process (PID=272) to work on /opt/airflow/dags/dag_local_fallback.py
[2025-07-01T16:16:59.207+0000] {processor.py:830} INFO - Processing file /opt/airflow/dags/dag_local_fallback.py for tasks to queue
[2025-07-01T16:16:59.210+0000] {logging_mixin.py:188} INFO - [2025-07-01T16:16:59.210+0000] {dagbag.py:545} INFO - Filling up the DagBag from /opt/airflow/dags/dag_local_fallback.py
[2025-07-01T16:16:59.219+0000] {logging_mixin.py:188} INFO - Successfully imported request_data
[2025-07-01T16:16:59.231+0000] {processor.py:840} INFO - DAG(s) 'spark_processing_pipeline_local' retrieved from /opt/airflow/dags/dag_local_fallback.py
[2025-07-01T16:16:59.247+0000] {logging_mixin.py:188} INFO - [2025-07-01T16:16:59.246+0000] {dag.py:3089} INFO - Sync 1 DAGs
[2025-07-01T16:16:59.275+0000] {logging_mixin.py:188} INFO - [2025-07-01T16:16:59.275+0000] {dag.py:3947} INFO - Setting next_dagrun for spark_processing_pipeline_local to 2025-06-30 00:08:00+00:00, run_after=2025-07-01 00:08:00+00:00
[2025-07-01T16:16:59.325+0000] {processor.py:183} INFO - Processing /opt/airflow/dags/dag_local_fallback.py took 0.128 seconds
[2025-07-01T16:17:31.540+0000] {processor.py:161} INFO - Started process (PID=299) to work on /opt/airflow/dags/dag_local_fallback.py
[2025-07-01T16:17:31.543+0000] {processor.py:830} INFO - Processing file /opt/airflow/dags/dag_local_fallback.py for tasks to queue
[2025-07-01T16:17:31.549+0000] {logging_mixin.py:188} INFO - [2025-07-01T16:17:31.548+0000] {dagbag.py:545} INFO - Filling up the DagBag from /opt/airflow/dags/dag_local_fallback.py
[2025-07-01T16:17:31.567+0000] {logging_mixin.py:188} INFO - Successfully imported request_data
[2025-07-01T16:17:31.596+0000] {processor.py:840} INFO - DAG(s) 'spark_processing_pipeline_local' retrieved from /opt/airflow/dags/dag_local_fallback.py
[2025-07-01T16:17:31.876+0000] {logging_mixin.py:188} INFO - [2025-07-01T16:17:31.876+0000] {dag.py:3089} INFO - Sync 1 DAGs
[2025-07-01T16:17:31.927+0000] {logging_mixin.py:188} INFO - [2025-07-01T16:17:31.926+0000] {dag.py:3947} INFO - Setting next_dagrun for spark_processing_pipeline_local to 2025-06-30 00:08:00+00:00, run_after=2025-07-01 00:08:00+00:00
[2025-07-01T16:17:31.992+0000] {processor.py:183} INFO - Processing /opt/airflow/dags/dag_local_fallback.py took 0.467 seconds
[2025-07-01T16:18:02.751+0000] {processor.py:161} INFO - Started process (PID=326) to work on /opt/airflow/dags/dag_local_fallback.py
[2025-07-01T16:18:02.754+0000] {processor.py:830} INFO - Processing file /opt/airflow/dags/dag_local_fallback.py for tasks to queue
[2025-07-01T16:18:02.761+0000] {logging_mixin.py:188} INFO - [2025-07-01T16:18:02.760+0000] {dagbag.py:545} INFO - Filling up the DagBag from /opt/airflow/dags/dag_local_fallback.py
[2025-07-01T16:18:02.787+0000] {logging_mixin.py:188} INFO - Successfully imported request_data
[2025-07-01T16:18:02.816+0000] {processor.py:840} INFO - DAG(s) 'spark_processing_pipeline_local' retrieved from /opt/airflow/dags/dag_local_fallback.py
[2025-07-01T16:18:02.894+0000] {logging_mixin.py:188} INFO - [2025-07-01T16:18:02.893+0000] {dag.py:3089} INFO - Sync 1 DAGs
[2025-07-01T16:18:02.951+0000] {logging_mixin.py:188} INFO - [2025-07-01T16:18:02.951+0000] {dag.py:3947} INFO - Setting next_dagrun for spark_processing_pipeline_local to 2025-06-30 00:08:00+00:00, run_after=2025-07-01 00:08:00+00:00
[2025-07-01T16:18:03.030+0000] {processor.py:183} INFO - Processing /opt/airflow/dags/dag_local_fallback.py took 0.298 seconds
[2025-07-01T16:18:33.839+0000] {processor.py:161} INFO - Started process (PID=353) to work on /opt/airflow/dags/dag_local_fallback.py
[2025-07-01T16:18:33.842+0000] {processor.py:830} INFO - Processing file /opt/airflow/dags/dag_local_fallback.py for tasks to queue
[2025-07-01T16:18:33.849+0000] {logging_mixin.py:188} INFO - [2025-07-01T16:18:33.848+0000] {dagbag.py:545} INFO - Filling up the DagBag from /opt/airflow/dags/dag_local_fallback.py
[2025-07-01T16:18:33.874+0000] {logging_mixin.py:188} INFO - Successfully imported request_data
[2025-07-01T16:18:33.904+0000] {processor.py:840} INFO - DAG(s) 'spark_processing_pipeline_local' retrieved from /opt/airflow/dags/dag_local_fallback.py
[2025-07-01T16:18:33.979+0000] {logging_mixin.py:188} INFO - [2025-07-01T16:18:33.978+0000] {dag.py:3089} INFO - Sync 1 DAGs
[2025-07-01T16:18:34.038+0000] {logging_mixin.py:188} INFO - [2025-07-01T16:18:34.038+0000] {dag.py:3947} INFO - Setting next_dagrun for spark_processing_pipeline_local to 2025-06-30 00:08:00+00:00, run_after=2025-07-01 00:08:00+00:00
[2025-07-01T16:18:34.104+0000] {processor.py:183} INFO - Processing /opt/airflow/dags/dag_local_fallback.py took 0.284 seconds
[2025-07-01T16:19:04.200+0000] {processor.py:161} INFO - Started process (PID=380) to work on /opt/airflow/dags/dag_local_fallback.py
[2025-07-01T16:19:04.203+0000] {processor.py:830} INFO - Processing file /opt/airflow/dags/dag_local_fallback.py for tasks to queue
[2025-07-01T16:19:04.210+0000] {logging_mixin.py:188} INFO - [2025-07-01T16:19:04.208+0000] {dagbag.py:545} INFO - Filling up the DagBag from /opt/airflow/dags/dag_local_fallback.py
[2025-07-01T16:19:04.236+0000] {logging_mixin.py:188} INFO - Successfully imported request_data
[2025-07-01T16:19:04.266+0000] {processor.py:840} INFO - DAG(s) 'spark_processing_pipeline_local' retrieved from /opt/airflow/dags/dag_local_fallback.py
[2025-07-01T16:19:04.337+0000] {logging_mixin.py:188} INFO - [2025-07-01T16:19:04.336+0000] {dag.py:3089} INFO - Sync 1 DAGs
[2025-07-01T16:19:04.389+0000] {logging_mixin.py:188} INFO - [2025-07-01T16:19:04.389+0000] {dag.py:3947} INFO - Setting next_dagrun for spark_processing_pipeline_local to 2025-06-30 00:08:00+00:00, run_after=2025-07-01 00:08:00+00:00
[2025-07-01T16:19:04.447+0000] {processor.py:183} INFO - Processing /opt/airflow/dags/dag_local_fallback.py took 0.269 seconds
[2025-07-01T16:19:34.912+0000] {processor.py:161} INFO - Started process (PID=405) to work on /opt/airflow/dags/dag_local_fallback.py
[2025-07-01T16:19:34.914+0000] {processor.py:830} INFO - Processing file /opt/airflow/dags/dag_local_fallback.py for tasks to queue
[2025-07-01T16:19:34.921+0000] {logging_mixin.py:188} INFO - [2025-07-01T16:19:34.919+0000] {dagbag.py:545} INFO - Filling up the DagBag from /opt/airflow/dags/dag_local_fallback.py
[2025-07-01T16:19:34.941+0000] {logging_mixin.py:188} INFO - Successfully imported request_data
[2025-07-01T16:19:34.970+0000] {processor.py:840} INFO - DAG(s) 'spark_processing_pipeline_local' retrieved from /opt/airflow/dags/dag_local_fallback.py
[2025-07-01T16:19:35.053+0000] {logging_mixin.py:188} INFO - [2025-07-01T16:19:35.052+0000] {dag.py:3089} INFO - Sync 1 DAGs
[2025-07-01T16:19:35.111+0000] {logging_mixin.py:188} INFO - [2025-07-01T16:19:35.111+0000] {dag.py:3947} INFO - Setting next_dagrun for spark_processing_pipeline_local to 2025-06-30 00:08:00+00:00, run_after=2025-07-01 00:08:00+00:00
[2025-07-01T16:19:35.177+0000] {processor.py:183} INFO - Processing /opt/airflow/dags/dag_local_fallback.py took 0.283 seconds
[2025-07-01T16:20:06.201+0000] {processor.py:161} INFO - Started process (PID=427) to work on /opt/airflow/dags/dag_local_fallback.py
[2025-07-01T16:20:06.203+0000] {processor.py:830} INFO - Processing file /opt/airflow/dags/dag_local_fallback.py for tasks to queue
[2025-07-01T16:20:06.209+0000] {logging_mixin.py:188} INFO - [2025-07-01T16:20:06.208+0000] {dagbag.py:545} INFO - Filling up the DagBag from /opt/airflow/dags/dag_local_fallback.py
[2025-07-01T16:20:06.226+0000] {logging_mixin.py:188} INFO - Successfully imported request_data
[2025-07-01T16:20:06.252+0000] {processor.py:840} INFO - DAG(s) 'spark_processing_pipeline_local' retrieved from /opt/airflow/dags/dag_local_fallback.py
[2025-07-01T16:20:06.313+0000] {logging_mixin.py:188} INFO - [2025-07-01T16:20:06.312+0000] {dag.py:3089} INFO - Sync 1 DAGs
[2025-07-01T16:20:06.372+0000] {logging_mixin.py:188} INFO - [2025-07-01T16:20:06.372+0000] {dag.py:3947} INFO - Setting next_dagrun for spark_processing_pipeline_local to 2025-06-30 00:08:00+00:00, run_after=2025-07-01 00:08:00+00:00
[2025-07-01T16:20:06.457+0000] {processor.py:183} INFO - Processing /opt/airflow/dags/dag_local_fallback.py took 0.270 seconds
[2025-07-01T16:20:36.856+0000] {processor.py:161} INFO - Started process (PID=452) to work on /opt/airflow/dags/dag_local_fallback.py
[2025-07-01T16:20:36.859+0000] {processor.py:830} INFO - Processing file /opt/airflow/dags/dag_local_fallback.py for tasks to queue
[2025-07-01T16:20:36.865+0000] {logging_mixin.py:188} INFO - [2025-07-01T16:20:36.864+0000] {dagbag.py:545} INFO - Filling up the DagBag from /opt/airflow/dags/dag_local_fallback.py
[2025-07-01T16:20:36.892+0000] {logging_mixin.py:188} INFO - Successfully imported request_data
[2025-07-01T16:20:36.925+0000] {processor.py:840} INFO - DAG(s) 'spark_processing_pipeline_local' retrieved from /opt/airflow/dags/dag_local_fallback.py
[2025-07-01T16:20:36.958+0000] {logging_mixin.py:188} INFO - [2025-07-01T16:20:36.957+0000] {dag.py:3089} INFO - Sync 1 DAGs
[2025-07-01T16:20:37.024+0000] {logging_mixin.py:188} INFO - [2025-07-01T16:20:37.023+0000] {dag.py:3947} INFO - Setting next_dagrun for spark_processing_pipeline_local to 2025-06-30 00:08:00+00:00, run_after=2025-07-01 00:08:00+00:00
[2025-07-01T16:20:37.090+0000] {processor.py:183} INFO - Processing /opt/airflow/dags/dag_local_fallback.py took 0.253 seconds
