[2025-07-01T16:15:25.449+0000] {processor.py:161} INFO - Started process (PID=183) to work on /opt/airflow/dags/hello_dag.py
[2025-07-01T16:15:25.450+0000] {processor.py:830} INFO - Processing file /opt/airflow/dags/hello_dag.py for tasks to queue
[2025-07-01T16:15:25.453+0000] {logging_mixin.py:188} INFO - [2025-07-01T16:15:25.452+0000] {dagbag.py:545} INFO - Filling up the DagBag from /opt/airflow/dags/hello_dag.py
[2025-07-01T16:15:25.505+0000] {processor.py:840} INFO - DAG(s) 'hello_world_dag' retrieved from /opt/airflow/dags/hello_dag.py
[2025-07-01T16:15:25.548+0000] {logging_mixin.py:188} INFO - [2025-07-01T16:15:25.548+0000] {dag.py:3089} INFO - Sync 1 DAGs
[2025-07-01T16:15:25.586+0000] {logging_mixin.py:188} INFO - [2025-07-01T16:15:25.585+0000] {dag.py:3947} INFO - Setting next_dagrun for hello_world_dag to 2025-06-30 00:00:00+00:00, run_after=2025-07-01 00:00:00+00:00
[2025-07-01T16:15:25.632+0000] {processor.py:183} INFO - Processing /opt/airflow/dags/hello_dag.py took 0.189 seconds
[2025-07-01T16:15:56.043+0000] {processor.py:161} INFO - Started process (PID=203) to work on /opt/airflow/dags/hello_dag.py
[2025-07-01T16:15:56.046+0000] {processor.py:830} INFO - Processing file /opt/airflow/dags/hello_dag.py for tasks to queue
[2025-07-01T16:15:56.053+0000] {logging_mixin.py:188} INFO - [2025-07-01T16:15:56.052+0000] {dagbag.py:545} INFO - Filling up the DagBag from /opt/airflow/dags/hello_dag.py
[2025-07-01T16:15:56.090+0000] {processor.py:840} INFO - DAG(s) 'hello_world_dag' retrieved from /opt/airflow/dags/hello_dag.py
[2025-07-01T16:15:56.125+0000] {logging_mixin.py:188} INFO - [2025-07-01T16:15:56.124+0000] {dag.py:3089} INFO - Sync 1 DAGs
[2025-07-01T16:15:56.194+0000] {logging_mixin.py:188} INFO - [2025-07-01T16:15:56.194+0000] {dag.py:3947} INFO - Setting next_dagrun for hello_world_dag to 2025-06-30 00:00:00+00:00, run_after=2025-07-01 00:00:00+00:00
[2025-07-01T16:15:56.270+0000] {processor.py:183} INFO - Processing /opt/airflow/dags/hello_dag.py took 0.242 seconds
[2025-07-01T16:16:26.893+0000] {processor.py:161} INFO - Started process (PID=230) to work on /opt/airflow/dags/hello_dag.py
[2025-07-01T16:16:26.896+0000] {processor.py:830} INFO - Processing file /opt/airflow/dags/hello_dag.py for tasks to queue
[2025-07-01T16:16:26.901+0000] {logging_mixin.py:188} INFO - [2025-07-01T16:16:26.900+0000] {dagbag.py:545} INFO - Filling up the DagBag from /opt/airflow/dags/hello_dag.py
[2025-07-01T16:16:26.935+0000] {processor.py:840} INFO - DAG(s) 'hello_world_dag' retrieved from /opt/airflow/dags/hello_dag.py
[2025-07-01T16:16:27.711+0000] {logging_mixin.py:188} INFO - [2025-07-01T16:16:27.710+0000] {dag.py:3089} INFO - Sync 1 DAGs
[2025-07-01T16:16:27.755+0000] {logging_mixin.py:188} INFO - [2025-07-01T16:16:27.754+0000] {dag.py:3947} INFO - Setting next_dagrun for hello_world_dag to 2025-06-30 00:00:00+00:00, run_after=2025-07-01 00:00:00+00:00
[2025-07-01T16:16:27.830+0000] {processor.py:183} INFO - Processing /opt/airflow/dags/hello_dag.py took 0.954 seconds
[2025-07-01T16:16:58.653+0000] {processor.py:161} INFO - Started process (PID=257) to work on /opt/airflow/dags/hello_dag.py
[2025-07-01T16:16:58.657+0000] {processor.py:830} INFO - Processing file /opt/airflow/dags/hello_dag.py for tasks to queue
[2025-07-01T16:16:58.669+0000] {logging_mixin.py:188} INFO - [2025-07-01T16:16:58.667+0000] {dagbag.py:545} INFO - Filling up the DagBag from /opt/airflow/dags/hello_dag.py
[2025-07-01T16:16:58.745+0000] {processor.py:840} INFO - DAG(s) 'hello_world_dag' retrieved from /opt/airflow/dags/hello_dag.py
[2025-07-01T16:16:58.782+0000] {logging_mixin.py:188} INFO - [2025-07-01T16:16:58.782+0000] {dag.py:3089} INFO - Sync 1 DAGs
[2025-07-01T16:16:58.886+0000] {logging_mixin.py:188} INFO - [2025-07-01T16:16:58.885+0000] {dag.py:3947} INFO - Setting next_dagrun for hello_world_dag to 2025-06-30 00:00:00+00:00, run_after=2025-07-01 00:00:00+00:00
[2025-07-01T16:16:58.975+0000] {processor.py:183} INFO - Processing /opt/airflow/dags/hello_dag.py took 0.354 seconds
[2025-07-01T16:17:29.623+0000] {processor.py:161} INFO - Started process (PID=284) to work on /opt/airflow/dags/hello_dag.py
[2025-07-01T16:17:29.628+0000] {processor.py:830} INFO - Processing file /opt/airflow/dags/hello_dag.py for tasks to queue
[2025-07-01T16:17:29.654+0000] {logging_mixin.py:188} INFO - [2025-07-01T16:17:29.649+0000] {dagbag.py:545} INFO - Filling up the DagBag from /opt/airflow/dags/hello_dag.py
[2025-07-01T16:17:29.771+0000] {processor.py:840} INFO - DAG(s) 'hello_world_dag' retrieved from /opt/airflow/dags/hello_dag.py
[2025-07-01T16:17:30.680+0000] {logging_mixin.py:188} INFO - [2025-07-01T16:17:30.679+0000] {dag.py:3089} INFO - Sync 1 DAGs
[2025-07-01T16:17:30.760+0000] {logging_mixin.py:188} INFO - [2025-07-01T16:17:30.759+0000] {dag.py:3947} INFO - Setting next_dagrun for hello_world_dag to 2025-06-30 00:00:00+00:00, run_after=2025-07-01 00:00:00+00:00
[2025-07-01T16:17:30.851+0000] {processor.py:183} INFO - Processing /opt/airflow/dags/hello_dag.py took 1.291 seconds
[2025-07-01T16:18:01.285+0000] {processor.py:161} INFO - Started process (PID=311) to work on /opt/airflow/dags/hello_dag.py
[2025-07-01T16:18:01.288+0000] {processor.py:830} INFO - Processing file /opt/airflow/dags/hello_dag.py for tasks to queue
[2025-07-01T16:18:01.296+0000] {logging_mixin.py:188} INFO - [2025-07-01T16:18:01.295+0000] {dagbag.py:545} INFO - Filling up the DagBag from /opt/airflow/dags/hello_dag.py
[2025-07-01T16:18:01.335+0000] {processor.py:840} INFO - DAG(s) 'hello_world_dag' retrieved from /opt/airflow/dags/hello_dag.py
[2025-07-01T16:18:01.443+0000] {logging_mixin.py:188} INFO - [2025-07-01T16:18:01.442+0000] {dag.py:3089} INFO - Sync 1 DAGs
[2025-07-01T16:18:01.513+0000] {logging_mixin.py:188} INFO - [2025-07-01T16:18:01.512+0000] {dag.py:3947} INFO - Setting next_dagrun for hello_world_dag to 2025-06-30 00:00:00+00:00, run_after=2025-07-01 00:00:00+00:00
[2025-07-01T16:18:01.589+0000] {processor.py:183} INFO - Processing /opt/airflow/dags/hello_dag.py took 0.325 seconds
[2025-07-01T16:18:32.370+0000] {processor.py:161} INFO - Started process (PID=338) to work on /opt/airflow/dags/hello_dag.py
[2025-07-01T16:18:32.373+0000] {processor.py:830} INFO - Processing file /opt/airflow/dags/hello_dag.py for tasks to queue
[2025-07-01T16:18:32.379+0000] {logging_mixin.py:188} INFO - [2025-07-01T16:18:32.378+0000] {dagbag.py:545} INFO - Filling up the DagBag from /opt/airflow/dags/hello_dag.py
[2025-07-01T16:18:32.425+0000] {processor.py:840} INFO - DAG(s) 'hello_world_dag' retrieved from /opt/airflow/dags/hello_dag.py
[2025-07-01T16:18:32.526+0000] {logging_mixin.py:188} INFO - [2025-07-01T16:18:32.525+0000] {dag.py:3089} INFO - Sync 1 DAGs
[2025-07-01T16:18:32.588+0000] {logging_mixin.py:188} INFO - [2025-07-01T16:18:32.587+0000] {dag.py:3947} INFO - Setting next_dagrun for hello_world_dag to 2025-06-30 00:00:00+00:00, run_after=2025-07-01 00:00:00+00:00
[2025-07-01T16:18:32.664+0000] {processor.py:183} INFO - Processing /opt/airflow/dags/hello_dag.py took 0.315 seconds
[2025-07-01T16:19:03.478+0000] {processor.py:161} INFO - Started process (PID=365) to work on /opt/airflow/dags/hello_dag.py
[2025-07-01T16:19:03.481+0000] {processor.py:830} INFO - Processing file /opt/airflow/dags/hello_dag.py for tasks to queue
[2025-07-01T16:19:03.489+0000] {logging_mixin.py:188} INFO - [2025-07-01T16:19:03.488+0000] {dagbag.py:545} INFO - Filling up the DagBag from /opt/airflow/dags/hello_dag.py
[2025-07-01T16:19:03.523+0000] {processor.py:840} INFO - DAG(s) 'hello_world_dag' retrieved from /opt/airflow/dags/hello_dag.py
[2025-07-01T16:19:03.610+0000] {logging_mixin.py:188} INFO - [2025-07-01T16:19:03.610+0000] {dag.py:3089} INFO - Sync 1 DAGs
[2025-07-01T16:19:03.669+0000] {logging_mixin.py:188} INFO - [2025-07-01T16:19:03.668+0000] {dag.py:3947} INFO - Setting next_dagrun for hello_world_dag to 2025-06-30 00:00:00+00:00, run_after=2025-07-01 00:00:00+00:00
[2025-07-01T16:19:03.744+0000] {processor.py:183} INFO - Processing /opt/airflow/dags/hello_dag.py took 0.284 seconds
[2025-07-01T16:19:34.466+0000] {processor.py:161} INFO - Started process (PID=392) to work on /opt/airflow/dags/hello_dag.py
[2025-07-01T16:19:34.470+0000] {processor.py:830} INFO - Processing file /opt/airflow/dags/hello_dag.py for tasks to queue
[2025-07-01T16:19:34.478+0000] {logging_mixin.py:188} INFO - [2025-07-01T16:19:34.475+0000] {dagbag.py:545} INFO - Filling up the DagBag from /opt/airflow/dags/hello_dag.py
[2025-07-01T16:19:34.513+0000] {processor.py:840} INFO - DAG(s) 'hello_world_dag' retrieved from /opt/airflow/dags/hello_dag.py
[2025-07-01T16:19:34.596+0000] {logging_mixin.py:188} INFO - [2025-07-01T16:19:34.595+0000] {dag.py:3089} INFO - Sync 1 DAGs
[2025-07-01T16:19:34.661+0000] {logging_mixin.py:188} INFO - [2025-07-01T16:19:34.660+0000] {dag.py:3947} INFO - Setting next_dagrun for hello_world_dag to 2025-06-30 00:00:00+00:00, run_after=2025-07-01 00:00:00+00:00
[2025-07-01T16:19:34.729+0000] {processor.py:183} INFO - Processing /opt/airflow/dags/hello_dag.py took 0.288 seconds
[2025-07-01T16:20:05.411+0000] {processor.py:161} INFO - Started process (PID=412) to work on /opt/airflow/dags/hello_dag.py
[2025-07-01T16:20:05.414+0000] {processor.py:830} INFO - Processing file /opt/airflow/dags/hello_dag.py for tasks to queue
[2025-07-01T16:20:05.468+0000] {logging_mixin.py:188} INFO - [2025-07-01T16:20:05.467+0000] {dagbag.py:545} INFO - Filling up the DagBag from /opt/airflow/dags/hello_dag.py
[2025-07-01T16:20:05.523+0000] {processor.py:840} INFO - DAG(s) 'hello_world_dag' retrieved from /opt/airflow/dags/hello_dag.py
[2025-07-01T16:20:05.647+0000] {logging_mixin.py:188} INFO - [2025-07-01T16:20:05.646+0000] {dag.py:3089} INFO - Sync 1 DAGs
[2025-07-01T16:20:05.703+0000] {logging_mixin.py:188} INFO - [2025-07-01T16:20:05.702+0000] {dag.py:3947} INFO - Setting next_dagrun for hello_world_dag to 2025-06-30 00:00:00+00:00, run_after=2025-07-01 00:00:00+00:00
[2025-07-01T16:20:05.776+0000] {processor.py:183} INFO - Processing /opt/airflow/dags/hello_dag.py took 0.387 seconds
[2025-07-01T16:20:36.449+0000] {processor.py:161} INFO - Started process (PID=439) to work on /opt/airflow/dags/hello_dag.py
[2025-07-01T16:20:36.452+0000] {processor.py:830} INFO - Processing file /opt/airflow/dags/hello_dag.py for tasks to queue
[2025-07-01T16:20:36.460+0000] {logging_mixin.py:188} INFO - [2025-07-01T16:20:36.458+0000] {dagbag.py:545} INFO - Filling up the DagBag from /opt/airflow/dags/hello_dag.py
[2025-07-01T16:20:36.505+0000] {processor.py:840} INFO - DAG(s) 'hello_world_dag' retrieved from /opt/airflow/dags/hello_dag.py
[2025-07-01T16:20:36.549+0000] {logging_mixin.py:188} INFO - [2025-07-01T16:20:36.548+0000] {dag.py:3089} INFO - Sync 1 DAGs
[2025-07-01T16:20:36.627+0000] {logging_mixin.py:188} INFO - [2025-07-01T16:20:36.627+0000] {dag.py:3947} INFO - Setting next_dagrun for hello_world_dag to 2025-06-30 00:00:00+00:00, run_after=2025-07-01 00:00:00+00:00
[2025-07-01T16:20:36.715+0000] {processor.py:183} INFO - Processing /opt/airflow/dags/hello_dag.py took 0.289 seconds
[2025-07-01T16:21:07.748+0000] {processor.py:161} INFO - Started process (PID=466) to work on /opt/airflow/dags/hello_dag.py
[2025-07-01T16:21:07.766+0000] {processor.py:830} INFO - Processing file /opt/airflow/dags/hello_dag.py for tasks to queue
[2025-07-01T16:21:08.078+0000] {logging_mixin.py:188} INFO - [2025-07-01T16:21:07.923+0000] {dagbag.py:545} INFO - Filling up the DagBag from /opt/airflow/dags/hello_dag.py
[2025-07-01T16:22:59.085+0000] {logging_mixin.py:188} INFO - [2025-07-01T16:21:48.853+0000] {timeout.py:68} ERROR - Process timed out, PID: 466
