[2025-07-02T02:27:41.870+0000] {processor.py:161} INFO - Started process (PID=191) to work on /opt/airflow/dags/dag.py
[2025-07-02T02:27:41.872+0000] {processor.py:830} INFO - Processing file /opt/airflow/dags/dag.py for tasks to queue
[2025-07-02T02:27:41.878+0000] {logging_mixin.py:188} INFO - [2025-07-02T02:27:41.877+0000] {dagbag.py:545} INFO - Filling up the DagBag from /opt/airflow/dags/dag.py
[2025-07-02T02:27:41.892+0000] {logging_mixin.py:188} INFO - Successfully imported request_data
[2025-07-02T02:27:41.905+0000] {processor.py:840} INFO - DAG(s) 'spark_processing_pipeline' retrieved from /opt/airflow/dags/dag.py
[2025-07-02T02:27:42.078+0000] {logging_mixin.py:188} INFO - [2025-07-02T02:27:42.077+0000] {override.py:1858} INFO - Created Permission View: can edit on DAG:spark_processing_pipeline
[2025-07-02T02:27:42.105+0000] {logging_mixin.py:188} INFO - [2025-07-02T02:27:42.104+0000] {override.py:1858} INFO - Created Permission View: can read on DAG:spark_processing_pipeline
[2025-07-02T02:27:42.126+0000] {logging_mixin.py:188} INFO - [2025-07-02T02:27:42.126+0000] {override.py:1858} INFO - Created Permission View: can delete on DAG:spark_processing_pipeline
[2025-07-02T02:27:42.127+0000] {logging_mixin.py:188} INFO - [2025-07-02T02:27:42.127+0000] {dag.py:3089} INFO - Sync 1 DAGs
[2025-07-02T02:27:42.141+0000] {logging_mixin.py:188} INFO - [2025-07-02T02:27:42.141+0000] {dag.py:3111} INFO - Creating ORM DAG for spark_processing_pipeline
[2025-07-02T02:27:42.161+0000] {logging_mixin.py:188} INFO - [2025-07-02T02:27:42.161+0000] {dag.py:3947} INFO - Setting next_dagrun for spark_processing_pipeline to 2025-07-01 00:08:00+00:00, run_after=2025-07-02 00:08:00+00:00
[2025-07-02T02:27:42.207+0000] {processor.py:183} INFO - Processing /opt/airflow/dags/dag.py took 0.347 seconds
[2025-07-02T02:28:12.571+0000] {processor.py:161} INFO - Started process (PID=213) to work on /opt/airflow/dags/dag.py
[2025-07-02T02:28:12.572+0000] {processor.py:830} INFO - Processing file /opt/airflow/dags/dag.py for tasks to queue
[2025-07-02T02:28:12.575+0000] {logging_mixin.py:188} INFO - [2025-07-02T02:28:12.574+0000] {dagbag.py:545} INFO - Filling up the DagBag from /opt/airflow/dags/dag.py
[2025-07-02T02:28:12.581+0000] {logging_mixin.py:188} INFO - Successfully imported request_data
[2025-07-02T02:28:12.592+0000] {processor.py:840} INFO - DAG(s) 'spark_processing_pipeline' retrieved from /opt/airflow/dags/dag.py
[2025-07-02T02:28:12.621+0000] {logging_mixin.py:188} INFO - [2025-07-02T02:28:12.621+0000] {dag.py:3089} INFO - Sync 1 DAGs
[2025-07-02T02:28:12.652+0000] {logging_mixin.py:188} INFO - [2025-07-02T02:28:12.652+0000] {dag.py:3947} INFO - Setting next_dagrun for spark_processing_pipeline to 2025-07-01 00:08:00+00:00, run_after=2025-07-02 00:08:00+00:00
[2025-07-02T02:28:12.689+0000] {processor.py:183} INFO - Processing /opt/airflow/dags/dag.py took 0.124 seconds
[2025-07-02T02:28:43.138+0000] {processor.py:161} INFO - Started process (PID=240) to work on /opt/airflow/dags/dag.py
[2025-07-02T02:28:43.139+0000] {processor.py:830} INFO - Processing file /opt/airflow/dags/dag.py for tasks to queue
[2025-07-02T02:28:43.142+0000] {logging_mixin.py:188} INFO - [2025-07-02T02:28:43.141+0000] {dagbag.py:545} INFO - Filling up the DagBag from /opt/airflow/dags/dag.py
[2025-07-02T02:28:43.152+0000] {logging_mixin.py:188} INFO - Successfully imported request_data
[2025-07-02T02:28:43.166+0000] {processor.py:840} INFO - DAG(s) 'spark_processing_pipeline' retrieved from /opt/airflow/dags/dag.py
[2025-07-02T02:28:43.197+0000] {logging_mixin.py:188} INFO - [2025-07-02T02:28:43.197+0000] {dag.py:3089} INFO - Sync 1 DAGs
[2025-07-02T02:28:43.221+0000] {logging_mixin.py:188} INFO - [2025-07-02T02:28:43.221+0000] {dag.py:3947} INFO - Setting next_dagrun for spark_processing_pipeline to 2025-07-01 00:08:00+00:00, run_after=2025-07-02 00:08:00+00:00
[2025-07-02T02:28:43.253+0000] {processor.py:183} INFO - Processing /opt/airflow/dags/dag.py took 0.128 seconds
[2025-07-02T02:29:13.616+0000] {processor.py:161} INFO - Started process (PID=265) to work on /opt/airflow/dags/dag.py
[2025-07-02T02:29:13.619+0000] {processor.py:830} INFO - Processing file /opt/airflow/dags/dag.py for tasks to queue
[2025-07-02T02:29:13.622+0000] {logging_mixin.py:188} INFO - [2025-07-02T02:29:13.621+0000] {dagbag.py:545} INFO - Filling up the DagBag from /opt/airflow/dags/dag.py
[2025-07-02T02:29:13.641+0000] {logging_mixin.py:188} INFO - Successfully imported request_data
[2025-07-02T02:29:13.657+0000] {processor.py:840} INFO - DAG(s) 'spark_processing_pipeline' retrieved from /opt/airflow/dags/dag.py
[2025-07-02T02:29:13.690+0000] {logging_mixin.py:188} INFO - [2025-07-02T02:29:13.690+0000] {dag.py:3089} INFO - Sync 1 DAGs
[2025-07-02T02:29:13.717+0000] {logging_mixin.py:188} INFO - [2025-07-02T02:29:13.717+0000] {dag.py:3947} INFO - Setting next_dagrun for spark_processing_pipeline to 2025-07-01 00:08:00+00:00, run_after=2025-07-02 00:08:00+00:00
[2025-07-02T02:29:13.750+0000] {processor.py:183} INFO - Processing /opt/airflow/dags/dag.py took 0.142 seconds
[2025-07-02T02:29:44.116+0000] {processor.py:161} INFO - Started process (PID=293) to work on /opt/airflow/dags/dag.py
[2025-07-02T02:29:44.118+0000] {processor.py:830} INFO - Processing file /opt/airflow/dags/dag.py for tasks to queue
[2025-07-02T02:29:44.124+0000] {logging_mixin.py:188} INFO - [2025-07-02T02:29:44.123+0000] {dagbag.py:545} INFO - Filling up the DagBag from /opt/airflow/dags/dag.py
[2025-07-02T02:29:44.133+0000] {logging_mixin.py:188} INFO - Successfully imported request_data
[2025-07-02T02:29:44.148+0000] {processor.py:840} INFO - DAG(s) 'spark_processing_pipeline' retrieved from /opt/airflow/dags/dag.py
[2025-07-02T02:29:44.183+0000] {logging_mixin.py:188} INFO - [2025-07-02T02:29:44.183+0000] {dag.py:3089} INFO - Sync 1 DAGs
[2025-07-02T02:29:44.210+0000] {logging_mixin.py:188} INFO - [2025-07-02T02:29:44.210+0000] {dag.py:3947} INFO - Setting next_dagrun for spark_processing_pipeline to 2025-07-01 00:08:00+00:00, run_after=2025-07-02 00:08:00+00:00
[2025-07-02T02:29:44.247+0000] {processor.py:183} INFO - Processing /opt/airflow/dags/dag.py took 0.140 seconds
[2025-07-02T02:32:00.221+0000] {processor.py:161} INFO - Started process (PID=193) to work on /opt/airflow/dags/dag.py
[2025-07-02T02:32:00.222+0000] {processor.py:830} INFO - Processing file /opt/airflow/dags/dag.py for tasks to queue
[2025-07-02T02:32:00.225+0000] {logging_mixin.py:188} INFO - [2025-07-02T02:32:00.224+0000] {dagbag.py:545} INFO - Filling up the DagBag from /opt/airflow/dags/dag.py
[2025-07-02T02:32:00.232+0000] {logging_mixin.py:188} INFO - Successfully imported request_data
[2025-07-02T02:32:00.243+0000] {processor.py:840} INFO - DAG(s) 'spark_processing_pipeline' retrieved from /opt/airflow/dags/dag.py
[2025-07-02T02:32:00.390+0000] {logging_mixin.py:188} INFO - [2025-07-02T02:32:00.389+0000] {override.py:1858} INFO - Created Permission View: can edit on DAG:spark_processing_pipeline
[2025-07-02T02:32:00.414+0000] {logging_mixin.py:188} INFO - [2025-07-02T02:32:00.413+0000] {override.py:1858} INFO - Created Permission View: can delete on DAG:spark_processing_pipeline
[2025-07-02T02:32:00.434+0000] {logging_mixin.py:188} INFO - [2025-07-02T02:32:00.434+0000] {override.py:1858} INFO - Created Permission View: can read on DAG:spark_processing_pipeline
[2025-07-02T02:32:00.436+0000] {logging_mixin.py:188} INFO - [2025-07-02T02:32:00.436+0000] {dag.py:3089} INFO - Sync 1 DAGs
[2025-07-02T02:32:00.450+0000] {logging_mixin.py:188} INFO - [2025-07-02T02:32:00.450+0000] {dag.py:3111} INFO - Creating ORM DAG for spark_processing_pipeline
[2025-07-02T02:32:00.472+0000] {logging_mixin.py:188} INFO - [2025-07-02T02:32:00.472+0000] {dag.py:3947} INFO - Setting next_dagrun for spark_processing_pipeline to 2025-07-01 00:08:00+00:00, run_after=2025-07-02 00:08:00+00:00
[2025-07-02T02:32:00.527+0000] {processor.py:183} INFO - Processing /opt/airflow/dags/dag.py took 0.312 seconds
[2025-07-02T02:32:47.943+0000] {processor.py:161} INFO - Started process (PID=213) to work on /opt/airflow/dags/dag.py
[2025-07-02T02:32:47.945+0000] {processor.py:830} INFO - Processing file /opt/airflow/dags/dag.py for tasks to queue
[2025-07-02T02:32:47.948+0000] {logging_mixin.py:188} INFO - [2025-07-02T02:32:47.947+0000] {dagbag.py:545} INFO - Filling up the DagBag from /opt/airflow/dags/dag.py
[2025-07-02T02:32:47.976+0000] {logging_mixin.py:188} INFO - Successfully imported request_data
[2025-07-02T02:32:47.990+0000] {processor.py:840} INFO - DAG(s) 'spark_processing_pipeline' retrieved from /opt/airflow/dags/dag.py
[2025-07-02T02:32:48.028+0000] {logging_mixin.py:188} INFO - [2025-07-02T02:32:48.028+0000] {dag.py:3089} INFO - Sync 1 DAGs
[2025-07-02T02:32:48.059+0000] {logging_mixin.py:188} INFO - [2025-07-02T02:32:48.059+0000] {dag.py:3947} INFO - Setting next_dagrun for spark_processing_pipeline to 2025-07-01 00:08:00+00:00, run_after=2025-07-02 00:08:00+00:00
[2025-07-02T02:32:48.097+0000] {processor.py:183} INFO - Processing /opt/airflow/dags/dag.py took 0.160 seconds
[2025-07-02T02:33:18.446+0000] {processor.py:161} INFO - Started process (PID=238) to work on /opt/airflow/dags/dag.py
[2025-07-02T02:33:18.447+0000] {processor.py:830} INFO - Processing file /opt/airflow/dags/dag.py for tasks to queue
[2025-07-02T02:33:18.450+0000] {logging_mixin.py:188} INFO - [2025-07-02T02:33:18.450+0000] {dagbag.py:545} INFO - Filling up the DagBag from /opt/airflow/dags/dag.py
[2025-07-02T02:33:18.456+0000] {logging_mixin.py:188} INFO - Successfully imported request_data
[2025-07-02T02:33:18.467+0000] {processor.py:840} INFO - DAG(s) 'spark_processing_pipeline' retrieved from /opt/airflow/dags/dag.py
[2025-07-02T02:33:18.495+0000] {logging_mixin.py:188} INFO - [2025-07-02T02:33:18.495+0000] {dag.py:3089} INFO - Sync 1 DAGs
[2025-07-02T02:33:18.517+0000] {logging_mixin.py:188} INFO - [2025-07-02T02:33:18.517+0000] {dag.py:3947} INFO - Setting next_dagrun for spark_processing_pipeline to 2025-07-01 00:08:00+00:00, run_after=2025-07-02 00:08:00+00:00
[2025-07-02T02:33:18.553+0000] {processor.py:183} INFO - Processing /opt/airflow/dags/dag.py took 0.114 seconds
[2025-07-02T02:33:48.898+0000] {processor.py:161} INFO - Started process (PID=265) to work on /opt/airflow/dags/dag.py
[2025-07-02T02:33:48.899+0000] {processor.py:830} INFO - Processing file /opt/airflow/dags/dag.py for tasks to queue
[2025-07-02T02:33:48.902+0000] {logging_mixin.py:188} INFO - [2025-07-02T02:33:48.901+0000] {dagbag.py:545} INFO - Filling up the DagBag from /opt/airflow/dags/dag.py
[2025-07-02T02:33:48.913+0000] {logging_mixin.py:188} INFO - Successfully imported request_data
[2025-07-02T02:33:48.924+0000] {processor.py:840} INFO - DAG(s) 'spark_processing_pipeline' retrieved from /opt/airflow/dags/dag.py
[2025-07-02T02:33:48.952+0000] {logging_mixin.py:188} INFO - [2025-07-02T02:33:48.951+0000] {dag.py:3089} INFO - Sync 1 DAGs
[2025-07-02T02:33:48.974+0000] {logging_mixin.py:188} INFO - [2025-07-02T02:33:48.973+0000] {dag.py:3947} INFO - Setting next_dagrun for spark_processing_pipeline to 2025-07-01 00:08:00+00:00, run_after=2025-07-02 00:08:00+00:00
[2025-07-02T02:33:49.003+0000] {processor.py:183} INFO - Processing /opt/airflow/dags/dag.py took 0.112 seconds
[2025-07-02T02:34:19.347+0000] {processor.py:161} INFO - Started process (PID=292) to work on /opt/airflow/dags/dag.py
[2025-07-02T02:34:19.348+0000] {processor.py:830} INFO - Processing file /opt/airflow/dags/dag.py for tasks to queue
[2025-07-02T02:34:19.350+0000] {logging_mixin.py:188} INFO - [2025-07-02T02:34:19.350+0000] {dagbag.py:545} INFO - Filling up the DagBag from /opt/airflow/dags/dag.py
[2025-07-02T02:34:19.361+0000] {logging_mixin.py:188} INFO - Successfully imported request_data
[2025-07-02T02:34:19.371+0000] {processor.py:840} INFO - DAG(s) 'spark_processing_pipeline' retrieved from /opt/airflow/dags/dag.py
[2025-07-02T02:34:19.400+0000] {logging_mixin.py:188} INFO - [2025-07-02T02:34:19.400+0000] {dag.py:3089} INFO - Sync 1 DAGs
[2025-07-02T02:34:19.422+0000] {logging_mixin.py:188} INFO - [2025-07-02T02:34:19.421+0000] {dag.py:3947} INFO - Setting next_dagrun for spark_processing_pipeline to 2025-07-01 00:08:00+00:00, run_after=2025-07-02 00:08:00+00:00
[2025-07-02T02:34:19.450+0000] {processor.py:183} INFO - Processing /opt/airflow/dags/dag.py took 0.110 seconds
[2025-07-02T02:34:49.810+0000] {processor.py:161} INFO - Started process (PID=319) to work on /opt/airflow/dags/dag.py
[2025-07-02T02:34:49.811+0000] {processor.py:830} INFO - Processing file /opt/airflow/dags/dag.py for tasks to queue
[2025-07-02T02:34:49.814+0000] {logging_mixin.py:188} INFO - [2025-07-02T02:34:49.813+0000] {dagbag.py:545} INFO - Filling up the DagBag from /opt/airflow/dags/dag.py
[2025-07-02T02:34:49.827+0000] {logging_mixin.py:188} INFO - Successfully imported request_data
[2025-07-02T02:34:49.840+0000] {processor.py:840} INFO - DAG(s) 'spark_processing_pipeline' retrieved from /opt/airflow/dags/dag.py
[2025-07-02T02:34:49.876+0000] {logging_mixin.py:188} INFO - [2025-07-02T02:34:49.876+0000] {dag.py:3089} INFO - Sync 1 DAGs
[2025-07-02T02:34:49.909+0000] {logging_mixin.py:188} INFO - [2025-07-02T02:34:49.908+0000] {dag.py:3947} INFO - Setting next_dagrun for spark_processing_pipeline to 2025-07-01 00:08:00+00:00, run_after=2025-07-02 00:08:00+00:00
[2025-07-02T02:34:49.957+0000] {processor.py:183} INFO - Processing /opt/airflow/dags/dag.py took 0.154 seconds
[2025-07-02T02:35:20.328+0000] {processor.py:161} INFO - Started process (PID=348) to work on /opt/airflow/dags/dag.py
[2025-07-02T02:35:20.330+0000] {processor.py:830} INFO - Processing file /opt/airflow/dags/dag.py for tasks to queue
[2025-07-02T02:35:20.333+0000] {logging_mixin.py:188} INFO - [2025-07-02T02:35:20.332+0000] {dagbag.py:545} INFO - Filling up the DagBag from /opt/airflow/dags/dag.py
[2025-07-02T02:35:20.341+0000] {logging_mixin.py:188} INFO - Successfully imported request_data
[2025-07-02T02:35:20.354+0000] {processor.py:840} INFO - DAG(s) 'spark_processing_pipeline' retrieved from /opt/airflow/dags/dag.py
[2025-07-02T02:35:20.407+0000] {logging_mixin.py:188} INFO - [2025-07-02T02:35:20.406+0000] {dag.py:3089} INFO - Sync 1 DAGs
[2025-07-02T02:35:20.443+0000] {logging_mixin.py:188} INFO - [2025-07-02T02:35:20.443+0000] {dag.py:3947} INFO - Setting next_dagrun for spark_processing_pipeline to 2025-07-01 00:08:00+00:00, run_after=2025-07-02 00:08:00+00:00
[2025-07-02T02:35:20.584+0000] {processor.py:183} INFO - Processing /opt/airflow/dags/dag.py took 0.261 seconds
[2025-07-02T02:35:50.895+0000] {processor.py:161} INFO - Started process (PID=373) to work on /opt/airflow/dags/dag.py
[2025-07-02T02:35:50.896+0000] {processor.py:830} INFO - Processing file /opt/airflow/dags/dag.py for tasks to queue
[2025-07-02T02:35:50.899+0000] {logging_mixin.py:188} INFO - [2025-07-02T02:35:50.898+0000] {dagbag.py:545} INFO - Filling up the DagBag from /opt/airflow/dags/dag.py
[2025-07-02T02:35:50.914+0000] {logging_mixin.py:188} INFO - Successfully imported request_data
[2025-07-02T02:35:50.928+0000] {processor.py:840} INFO - DAG(s) 'spark_processing_pipeline' retrieved from /opt/airflow/dags/dag.py
[2025-07-02T02:35:50.961+0000] {logging_mixin.py:188} INFO - [2025-07-02T02:35:50.961+0000] {dag.py:3089} INFO - Sync 1 DAGs
[2025-07-02T02:35:50.983+0000] {logging_mixin.py:188} INFO - [2025-07-02T02:35:50.982+0000] {dag.py:3947} INFO - Setting next_dagrun for spark_processing_pipeline to 2025-07-01 00:08:00+00:00, run_after=2025-07-02 00:08:00+00:00
[2025-07-02T02:35:51.017+0000] {processor.py:183} INFO - Processing /opt/airflow/dags/dag.py took 0.128 seconds
[2025-07-02T02:36:21.373+0000] {processor.py:161} INFO - Started process (PID=399) to work on /opt/airflow/dags/dag.py
[2025-07-02T02:36:21.374+0000] {processor.py:830} INFO - Processing file /opt/airflow/dags/dag.py for tasks to queue
[2025-07-02T02:36:21.377+0000] {logging_mixin.py:188} INFO - [2025-07-02T02:36:21.376+0000] {dagbag.py:545} INFO - Filling up the DagBag from /opt/airflow/dags/dag.py
[2025-07-02T02:36:21.384+0000] {logging_mixin.py:188} INFO - Successfully imported request_data
[2025-07-02T02:36:21.394+0000] {processor.py:840} INFO - DAG(s) 'spark_processing_pipeline' retrieved from /opt/airflow/dags/dag.py
[2025-07-02T02:36:21.425+0000] {logging_mixin.py:188} INFO - [2025-07-02T02:36:21.424+0000] {dag.py:3089} INFO - Sync 1 DAGs
[2025-07-02T02:36:21.449+0000] {logging_mixin.py:188} INFO - [2025-07-02T02:36:21.449+0000] {dag.py:3947} INFO - Setting next_dagrun for spark_processing_pipeline to 2025-07-01 00:08:00+00:00, run_after=2025-07-02 00:08:00+00:00
[2025-07-02T02:36:21.496+0000] {processor.py:183} INFO - Processing /opt/airflow/dags/dag.py took 0.130 seconds
[2025-07-02T02:36:51.859+0000] {processor.py:161} INFO - Started process (PID=426) to work on /opt/airflow/dags/dag.py
[2025-07-02T02:36:51.860+0000] {processor.py:830} INFO - Processing file /opt/airflow/dags/dag.py for tasks to queue
[2025-07-02T02:36:51.863+0000] {logging_mixin.py:188} INFO - [2025-07-02T02:36:51.863+0000] {dagbag.py:545} INFO - Filling up the DagBag from /opt/airflow/dags/dag.py
[2025-07-02T02:36:51.871+0000] {logging_mixin.py:188} INFO - Successfully imported request_data
[2025-07-02T02:36:51.882+0000] {processor.py:840} INFO - DAG(s) 'spark_processing_pipeline' retrieved from /opt/airflow/dags/dag.py
[2025-07-02T02:36:51.917+0000] {logging_mixin.py:188} INFO - [2025-07-02T02:36:51.917+0000] {dag.py:3089} INFO - Sync 1 DAGs
[2025-07-02T02:36:51.942+0000] {logging_mixin.py:188} INFO - [2025-07-02T02:36:51.942+0000] {dag.py:3947} INFO - Setting next_dagrun for spark_processing_pipeline to 2025-07-01 00:08:00+00:00, run_after=2025-07-02 00:08:00+00:00
[2025-07-02T02:36:51.983+0000] {processor.py:183} INFO - Processing /opt/airflow/dags/dag.py took 0.131 seconds
[2025-07-02T02:37:22.362+0000] {processor.py:161} INFO - Started process (PID=456) to work on /opt/airflow/dags/dag.py
[2025-07-02T02:37:22.363+0000] {processor.py:830} INFO - Processing file /opt/airflow/dags/dag.py for tasks to queue
[2025-07-02T02:37:22.366+0000] {logging_mixin.py:188} INFO - [2025-07-02T02:37:22.365+0000] {dagbag.py:545} INFO - Filling up the DagBag from /opt/airflow/dags/dag.py
[2025-07-02T02:37:22.377+0000] {logging_mixin.py:188} INFO - Successfully imported request_data
[2025-07-02T02:37:22.388+0000] {processor.py:840} INFO - DAG(s) 'spark_processing_pipeline' retrieved from /opt/airflow/dags/dag.py
[2025-07-02T02:37:22.420+0000] {logging_mixin.py:188} INFO - [2025-07-02T02:37:22.420+0000] {dag.py:3089} INFO - Sync 1 DAGs
[2025-07-02T02:37:22.449+0000] {logging_mixin.py:188} INFO - [2025-07-02T02:37:22.449+0000] {dag.py:3947} INFO - Setting next_dagrun for spark_processing_pipeline to 2025-07-01 00:08:00+00:00, run_after=2025-07-02 00:08:00+00:00
[2025-07-02T02:37:22.492+0000] {processor.py:183} INFO - Processing /opt/airflow/dags/dag.py took 0.137 seconds
[2025-07-02T02:37:52.860+0000] {processor.py:161} INFO - Started process (PID=483) to work on /opt/airflow/dags/dag.py
[2025-07-02T02:37:52.861+0000] {processor.py:830} INFO - Processing file /opt/airflow/dags/dag.py for tasks to queue
[2025-07-02T02:37:52.864+0000] {logging_mixin.py:188} INFO - [2025-07-02T02:37:52.864+0000] {dagbag.py:545} INFO - Filling up the DagBag from /opt/airflow/dags/dag.py
[2025-07-02T02:37:52.875+0000] {logging_mixin.py:188} INFO - Successfully imported request_data
[2025-07-02T02:37:52.886+0000] {processor.py:840} INFO - DAG(s) 'spark_processing_pipeline' retrieved from /opt/airflow/dags/dag.py
[2025-07-02T02:37:52.915+0000] {logging_mixin.py:188} INFO - [2025-07-02T02:37:52.915+0000] {dag.py:3089} INFO - Sync 1 DAGs
[2025-07-02T02:37:52.937+0000] {logging_mixin.py:188} INFO - [2025-07-02T02:37:52.937+0000] {dag.py:3947} INFO - Setting next_dagrun for spark_processing_pipeline to 2025-07-01 00:08:00+00:00, run_after=2025-07-02 00:08:00+00:00
[2025-07-02T02:37:52.969+0000] {processor.py:183} INFO - Processing /opt/airflow/dags/dag.py took 0.117 seconds
[2025-07-02T02:38:23.379+0000] {processor.py:161} INFO - Started process (PID=509) to work on /opt/airflow/dags/dag.py
[2025-07-02T02:38:23.380+0000] {processor.py:830} INFO - Processing file /opt/airflow/dags/dag.py for tasks to queue
[2025-07-02T02:38:23.383+0000] {logging_mixin.py:188} INFO - [2025-07-02T02:38:23.382+0000] {dagbag.py:545} INFO - Filling up the DagBag from /opt/airflow/dags/dag.py
[2025-07-02T02:38:23.393+0000] {logging_mixin.py:188} INFO - Successfully imported request_data
[2025-07-02T02:38:23.404+0000] {processor.py:840} INFO - DAG(s) 'spark_processing_pipeline' retrieved from /opt/airflow/dags/dag.py
[2025-07-02T02:38:23.441+0000] {logging_mixin.py:188} INFO - [2025-07-02T02:38:23.441+0000] {dag.py:3089} INFO - Sync 1 DAGs
[2025-07-02T02:38:23.469+0000] {logging_mixin.py:188} INFO - [2025-07-02T02:38:23.469+0000] {dag.py:3947} INFO - Setting next_dagrun for spark_processing_pipeline to 2025-07-01 00:08:00+00:00, run_after=2025-07-02 00:08:00+00:00
[2025-07-02T02:38:23.508+0000] {processor.py:183} INFO - Processing /opt/airflow/dags/dag.py took 0.136 seconds
[2025-07-02T02:38:53.854+0000] {processor.py:161} INFO - Started process (PID=535) to work on /opt/airflow/dags/dag.py
[2025-07-02T02:38:53.855+0000] {processor.py:830} INFO - Processing file /opt/airflow/dags/dag.py for tasks to queue
[2025-07-02T02:38:53.857+0000] {logging_mixin.py:188} INFO - [2025-07-02T02:38:53.857+0000] {dagbag.py:545} INFO - Filling up the DagBag from /opt/airflow/dags/dag.py
[2025-07-02T02:38:53.863+0000] {logging_mixin.py:188} INFO - Successfully imported request_data
[2025-07-02T02:38:53.873+0000] {processor.py:840} INFO - DAG(s) 'spark_processing_pipeline' retrieved from /opt/airflow/dags/dag.py
[2025-07-02T02:38:53.901+0000] {logging_mixin.py:188} INFO - [2025-07-02T02:38:53.900+0000] {dag.py:3089} INFO - Sync 1 DAGs
[2025-07-02T02:38:53.922+0000] {logging_mixin.py:188} INFO - [2025-07-02T02:38:53.922+0000] {dag.py:3947} INFO - Setting next_dagrun for spark_processing_pipeline to 2025-07-01 00:08:00+00:00, run_after=2025-07-02 00:08:00+00:00
[2025-07-02T02:38:53.959+0000] {processor.py:183} INFO - Processing /opt/airflow/dags/dag.py took 0.112 seconds
[2025-07-02T02:39:24.309+0000] {processor.py:161} INFO - Started process (PID=562) to work on /opt/airflow/dags/dag.py
[2025-07-02T02:39:24.310+0000] {processor.py:830} INFO - Processing file /opt/airflow/dags/dag.py for tasks to queue
[2025-07-02T02:39:24.312+0000] {logging_mixin.py:188} INFO - [2025-07-02T02:39:24.312+0000] {dagbag.py:545} INFO - Filling up the DagBag from /opt/airflow/dags/dag.py
[2025-07-02T02:39:24.318+0000] {logging_mixin.py:188} INFO - Successfully imported request_data
[2025-07-02T02:39:24.328+0000] {processor.py:840} INFO - DAG(s) 'spark_processing_pipeline' retrieved from /opt/airflow/dags/dag.py
[2025-07-02T02:39:24.359+0000] {logging_mixin.py:188} INFO - [2025-07-02T02:39:24.358+0000] {dag.py:3089} INFO - Sync 1 DAGs
[2025-07-02T02:39:24.383+0000] {logging_mixin.py:188} INFO - [2025-07-02T02:39:24.383+0000] {dag.py:3947} INFO - Setting next_dagrun for spark_processing_pipeline to 2025-07-01 00:08:00+00:00, run_after=2025-07-02 00:08:00+00:00
[2025-07-02T02:39:24.418+0000] {processor.py:183} INFO - Processing /opt/airflow/dags/dag.py took 0.116 seconds
[2025-07-02T02:39:54.747+0000] {processor.py:161} INFO - Started process (PID=589) to work on /opt/airflow/dags/dag.py
[2025-07-02T02:39:54.748+0000] {processor.py:830} INFO - Processing file /opt/airflow/dags/dag.py for tasks to queue
[2025-07-02T02:39:54.751+0000] {logging_mixin.py:188} INFO - [2025-07-02T02:39:54.750+0000] {dagbag.py:545} INFO - Filling up the DagBag from /opt/airflow/dags/dag.py
[2025-07-02T02:39:54.757+0000] {logging_mixin.py:188} INFO - Successfully imported request_data
[2025-07-02T02:39:54.767+0000] {processor.py:840} INFO - DAG(s) 'spark_processing_pipeline' retrieved from /opt/airflow/dags/dag.py
[2025-07-02T02:39:54.793+0000] {logging_mixin.py:188} INFO - [2025-07-02T02:39:54.792+0000] {dag.py:3089} INFO - Sync 1 DAGs
[2025-07-02T02:39:54.818+0000] {logging_mixin.py:188} INFO - [2025-07-02T02:39:54.818+0000] {dag.py:3947} INFO - Setting next_dagrun for spark_processing_pipeline to 2025-07-01 00:08:00+00:00, run_after=2025-07-02 00:08:00+00:00
[2025-07-02T02:39:54.851+0000] {processor.py:183} INFO - Processing /opt/airflow/dags/dag.py took 0.111 seconds
[2025-07-02T02:40:25.177+0000] {processor.py:161} INFO - Started process (PID=616) to work on /opt/airflow/dags/dag.py
[2025-07-02T02:40:25.178+0000] {processor.py:830} INFO - Processing file /opt/airflow/dags/dag.py for tasks to queue
[2025-07-02T02:40:25.181+0000] {logging_mixin.py:188} INFO - [2025-07-02T02:40:25.180+0000] {dagbag.py:545} INFO - Filling up the DagBag from /opt/airflow/dags/dag.py
[2025-07-02T02:40:25.187+0000] {logging_mixin.py:188} INFO - Successfully imported request_data
[2025-07-02T02:40:25.198+0000] {processor.py:840} INFO - DAG(s) 'spark_processing_pipeline' retrieved from /opt/airflow/dags/dag.py
[2025-07-02T02:40:25.210+0000] {logging_mixin.py:188} INFO - [2025-07-02T02:40:25.209+0000] {dag.py:3089} INFO - Sync 1 DAGs
[2025-07-02T02:40:25.236+0000] {logging_mixin.py:188} INFO - [2025-07-02T02:40:25.236+0000] {dag.py:3947} INFO - Setting next_dagrun for spark_processing_pipeline to 2025-07-01 00:08:00+00:00, run_after=2025-07-02 00:08:00+00:00
[2025-07-02T02:40:25.268+0000] {processor.py:183} INFO - Processing /opt/airflow/dags/dag.py took 0.098 seconds
[2025-07-02T02:40:55.747+0000] {processor.py:161} INFO - Started process (PID=645) to work on /opt/airflow/dags/dag.py
[2025-07-02T02:40:55.749+0000] {processor.py:830} INFO - Processing file /opt/airflow/dags/dag.py for tasks to queue
[2025-07-02T02:40:55.751+0000] {logging_mixin.py:188} INFO - [2025-07-02T02:40:55.751+0000] {dagbag.py:545} INFO - Filling up the DagBag from /opt/airflow/dags/dag.py
[2025-07-02T02:40:55.757+0000] {logging_mixin.py:188} INFO - Successfully imported request_data
[2025-07-02T02:40:55.768+0000] {processor.py:840} INFO - DAG(s) 'spark_processing_pipeline' retrieved from /opt/airflow/dags/dag.py
[2025-07-02T02:40:55.871+0000] {logging_mixin.py:188} INFO - [2025-07-02T02:40:55.871+0000] {dag.py:3089} INFO - Sync 1 DAGs
[2025-07-02T02:40:55.892+0000] {logging_mixin.py:188} INFO - [2025-07-02T02:40:55.892+0000] {dag.py:3947} INFO - Setting next_dagrun for spark_processing_pipeline to 2025-07-01 00:08:00+00:00, run_after=2025-07-02 00:08:00+00:00
[2025-07-02T02:40:55.927+0000] {processor.py:183} INFO - Processing /opt/airflow/dags/dag.py took 0.186 seconds
[2025-07-02T02:41:26.284+0000] {processor.py:161} INFO - Started process (PID=670) to work on /opt/airflow/dags/dag.py
[2025-07-02T02:41:26.285+0000] {processor.py:830} INFO - Processing file /opt/airflow/dags/dag.py for tasks to queue
[2025-07-02T02:41:26.288+0000] {logging_mixin.py:188} INFO - [2025-07-02T02:41:26.287+0000] {dagbag.py:545} INFO - Filling up the DagBag from /opt/airflow/dags/dag.py
[2025-07-02T02:41:26.298+0000] {logging_mixin.py:188} INFO - Successfully imported request_data
[2025-07-02T02:41:26.310+0000] {processor.py:840} INFO - DAG(s) 'spark_processing_pipeline' retrieved from /opt/airflow/dags/dag.py
[2025-07-02T02:41:26.342+0000] {logging_mixin.py:188} INFO - [2025-07-02T02:41:26.342+0000] {dag.py:3089} INFO - Sync 1 DAGs
[2025-07-02T02:41:26.366+0000] {logging_mixin.py:188} INFO - [2025-07-02T02:41:26.366+0000] {dag.py:3947} INFO - Setting next_dagrun for spark_processing_pipeline to 2025-07-01 00:08:00+00:00, run_after=2025-07-02 00:08:00+00:00
[2025-07-02T02:41:26.403+0000] {processor.py:183} INFO - Processing /opt/airflow/dags/dag.py took 0.125 seconds
[2025-07-02T02:46:25.704+0000] {processor.py:161} INFO - Started process (PID=193) to work on /opt/airflow/dags/dag.py
[2025-07-02T02:46:25.706+0000] {processor.py:830} INFO - Processing file /opt/airflow/dags/dag.py for tasks to queue
[2025-07-02T02:46:25.708+0000] {logging_mixin.py:188} INFO - [2025-07-02T02:46:25.708+0000] {dagbag.py:545} INFO - Filling up the DagBag from /opt/airflow/dags/dag.py
[2025-07-02T02:46:25.720+0000] {logging_mixin.py:188} INFO - Successfully imported request_data
[2025-07-02T02:46:25.733+0000] {processor.py:840} INFO - DAG(s) 'spark_processing_pipeline' retrieved from /opt/airflow/dags/dag.py
[2025-07-02T02:46:25.891+0000] {logging_mixin.py:188} INFO - [2025-07-02T02:46:25.891+0000] {override.py:1858} INFO - Created Permission View: can edit on DAG:spark_processing_pipeline
[2025-07-02T02:46:25.916+0000] {logging_mixin.py:188} INFO - [2025-07-02T02:46:25.915+0000] {override.py:1858} INFO - Created Permission View: can read on DAG:spark_processing_pipeline
[2025-07-02T02:46:25.935+0000] {logging_mixin.py:188} INFO - [2025-07-02T02:46:25.934+0000] {override.py:1858} INFO - Created Permission View: can delete on DAG:spark_processing_pipeline
[2025-07-02T02:46:25.936+0000] {logging_mixin.py:188} INFO - [2025-07-02T02:46:25.936+0000] {dag.py:3089} INFO - Sync 1 DAGs
[2025-07-02T02:46:25.954+0000] {logging_mixin.py:188} INFO - [2025-07-02T02:46:25.953+0000] {dag.py:3111} INFO - Creating ORM DAG for spark_processing_pipeline
[2025-07-02T02:46:25.973+0000] {logging_mixin.py:188} INFO - [2025-07-02T02:46:25.973+0000] {dag.py:3947} INFO - Setting next_dagrun for spark_processing_pipeline to 2025-07-01 00:08:00+00:00, run_after=2025-07-02 00:08:00+00:00
[2025-07-02T02:46:26.018+0000] {processor.py:183} INFO - Processing /opt/airflow/dags/dag.py took 0.322 seconds
[2025-07-02T02:50:05.760+0000] {processor.py:161} INFO - Started process (PID=193) to work on /opt/airflow/dags/dag.py
[2025-07-02T02:50:05.761+0000] {processor.py:830} INFO - Processing file /opt/airflow/dags/dag.py for tasks to queue
[2025-07-02T02:50:05.764+0000] {logging_mixin.py:188} INFO - [2025-07-02T02:50:05.763+0000] {dagbag.py:545} INFO - Filling up the DagBag from /opt/airflow/dags/dag.py
[2025-07-02T02:50:05.775+0000] {logging_mixin.py:188} INFO - Successfully imported request_data
[2025-07-02T02:50:05.790+0000] {processor.py:840} INFO - DAG(s) 'spark_processing_pipeline' retrieved from /opt/airflow/dags/dag.py
[2025-07-02T02:50:05.971+0000] {logging_mixin.py:188} INFO - [2025-07-02T02:50:05.970+0000] {override.py:1858} INFO - Created Permission View: can delete on DAG:spark_processing_pipeline
[2025-07-02T02:50:05.995+0000] {logging_mixin.py:188} INFO - [2025-07-02T02:50:05.995+0000] {override.py:1858} INFO - Created Permission View: can read on DAG:spark_processing_pipeline
[2025-07-02T02:50:06.019+0000] {logging_mixin.py:188} INFO - [2025-07-02T02:50:06.019+0000] {override.py:1858} INFO - Created Permission View: can edit on DAG:spark_processing_pipeline
[2025-07-02T02:50:06.021+0000] {logging_mixin.py:188} INFO - [2025-07-02T02:50:06.021+0000] {dag.py:3089} INFO - Sync 1 DAGs
[2025-07-02T02:50:06.036+0000] {logging_mixin.py:188} INFO - [2025-07-02T02:50:06.035+0000] {dag.py:3111} INFO - Creating ORM DAG for spark_processing_pipeline
[2025-07-02T02:50:06.053+0000] {logging_mixin.py:188} INFO - [2025-07-02T02:50:06.052+0000] {dag.py:3947} INFO - Setting next_dagrun for spark_processing_pipeline to 2025-07-01 00:08:00+00:00, run_after=2025-07-02 00:08:00+00:00
[2025-07-02T02:50:06.098+0000] {processor.py:183} INFO - Processing /opt/airflow/dags/dag.py took 0.347 seconds
[2025-07-02T02:50:40.855+0000] {processor.py:161} INFO - Started process (PID=220) to work on /opt/airflow/dags/dag.py
[2025-07-02T02:50:40.856+0000] {processor.py:830} INFO - Processing file /opt/airflow/dags/dag.py for tasks to queue
[2025-07-02T02:50:40.858+0000] {logging_mixin.py:188} INFO - [2025-07-02T02:50:40.858+0000] {dagbag.py:545} INFO - Filling up the DagBag from /opt/airflow/dags/dag.py
[2025-07-02T02:50:40.864+0000] {logging_mixin.py:188} INFO - Successfully imported request_data
[2025-07-02T02:50:40.876+0000] {processor.py:840} INFO - DAG(s) 'spark_processing_pipeline' retrieved from /opt/airflow/dags/dag.py
[2025-07-02T02:50:40.904+0000] {logging_mixin.py:188} INFO - [2025-07-02T02:50:40.904+0000] {dag.py:3089} INFO - Sync 1 DAGs
[2025-07-02T02:50:40.935+0000] {logging_mixin.py:188} INFO - [2025-07-02T02:50:40.935+0000] {dag.py:3947} INFO - Setting next_dagrun for spark_processing_pipeline to 2025-07-01 00:08:00+00:00, run_after=2025-07-02 00:08:00+00:00
[2025-07-02T02:50:40.968+0000] {processor.py:183} INFO - Processing /opt/airflow/dags/dag.py took 0.120 seconds
[2025-07-02T02:51:11.141+0000] {processor.py:161} INFO - Started process (PID=239) to work on /opt/airflow/dags/dag.py
[2025-07-02T02:51:11.142+0000] {processor.py:830} INFO - Processing file /opt/airflow/dags/dag.py for tasks to queue
[2025-07-02T02:51:11.145+0000] {logging_mixin.py:188} INFO - [2025-07-02T02:51:11.144+0000] {dagbag.py:545} INFO - Filling up the DagBag from /opt/airflow/dags/dag.py
[2025-07-02T02:51:11.151+0000] {logging_mixin.py:188} INFO - Successfully imported request_data
[2025-07-02T02:51:11.160+0000] {processor.py:840} INFO - DAG(s) 'spark_processing_pipeline' retrieved from /opt/airflow/dags/dag.py
[2025-07-02T02:51:11.185+0000] {logging_mixin.py:188} INFO - [2025-07-02T02:51:11.185+0000] {dag.py:3089} INFO - Sync 1 DAGs
[2025-07-02T02:51:11.211+0000] {logging_mixin.py:188} INFO - [2025-07-02T02:51:11.211+0000] {dag.py:3947} INFO - Setting next_dagrun for spark_processing_pipeline to 2025-07-01 00:08:00+00:00, run_after=2025-07-02 00:08:00+00:00
[2025-07-02T02:51:11.241+0000] {processor.py:183} INFO - Processing /opt/airflow/dags/dag.py took 0.105 seconds
[2025-07-02T02:51:41.588+0000] {processor.py:161} INFO - Started process (PID=266) to work on /opt/airflow/dags/dag.py
[2025-07-02T02:51:41.589+0000] {processor.py:830} INFO - Processing file /opt/airflow/dags/dag.py for tasks to queue
[2025-07-02T02:51:41.592+0000] {logging_mixin.py:188} INFO - [2025-07-02T02:51:41.591+0000] {dagbag.py:545} INFO - Filling up the DagBag from /opt/airflow/dags/dag.py
[2025-07-02T02:51:41.602+0000] {logging_mixin.py:188} INFO - Successfully imported request_data
[2025-07-02T02:51:41.611+0000] {processor.py:840} INFO - DAG(s) 'spark_processing_pipeline' retrieved from /opt/airflow/dags/dag.py
[2025-07-02T02:51:41.644+0000] {logging_mixin.py:188} INFO - [2025-07-02T02:51:41.643+0000] {dag.py:3089} INFO - Sync 1 DAGs
[2025-07-02T02:51:41.666+0000] {logging_mixin.py:188} INFO - [2025-07-02T02:51:41.666+0000] {dag.py:3947} INFO - Setting next_dagrun for spark_processing_pipeline to 2025-07-01 00:08:00+00:00, run_after=2025-07-02 00:08:00+00:00
[2025-07-02T02:51:41.696+0000] {processor.py:183} INFO - Processing /opt/airflow/dags/dag.py took 0.113 seconds
[2025-07-02T02:53:39.227+0000] {processor.py:161} INFO - Started process (PID=192) to work on /opt/airflow/dags/dag.py
[2025-07-02T02:53:39.229+0000] {processor.py:830} INFO - Processing file /opt/airflow/dags/dag.py for tasks to queue
[2025-07-02T02:53:39.232+0000] {logging_mixin.py:188} INFO - [2025-07-02T02:53:39.231+0000] {dagbag.py:545} INFO - Filling up the DagBag from /opt/airflow/dags/dag.py
[2025-07-02T02:53:39.241+0000] {logging_mixin.py:188} INFO - Successfully imported request_data
[2025-07-02T02:53:39.256+0000] {processor.py:840} INFO - DAG(s) 'spark_processing_pipeline' retrieved from /opt/airflow/dags/dag.py
[2025-07-02T02:53:39.413+0000] {logging_mixin.py:188} INFO - [2025-07-02T02:53:39.412+0000] {override.py:1858} INFO - Created Permission View: can read on DAG:spark_processing_pipeline
[2025-07-02T02:53:39.441+0000] {logging_mixin.py:188} INFO - [2025-07-02T02:53:39.440+0000] {override.py:1858} INFO - Created Permission View: can delete on DAG:spark_processing_pipeline
[2025-07-02T02:53:39.462+0000] {logging_mixin.py:188} INFO - [2025-07-02T02:53:39.462+0000] {override.py:1858} INFO - Created Permission View: can edit on DAG:spark_processing_pipeline
[2025-07-02T02:53:39.464+0000] {logging_mixin.py:188} INFO - [2025-07-02T02:53:39.463+0000] {dag.py:3089} INFO - Sync 1 DAGs
[2025-07-02T02:53:39.488+0000] {logging_mixin.py:188} INFO - [2025-07-02T02:53:39.487+0000] {dag.py:3111} INFO - Creating ORM DAG for spark_processing_pipeline
[2025-07-02T02:53:39.513+0000] {logging_mixin.py:188} INFO - [2025-07-02T02:53:39.512+0000] {dag.py:3947} INFO - Setting next_dagrun for spark_processing_pipeline to 2025-07-01 00:08:00+00:00, run_after=2025-07-02 00:08:00+00:00
[2025-07-02T02:53:39.561+0000] {processor.py:183} INFO - Processing /opt/airflow/dags/dag.py took 0.343 seconds
[2025-07-02T02:54:19.785+0000] {processor.py:161} INFO - Started process (PID=218) to work on /opt/airflow/dags/dag.py
[2025-07-02T02:54:19.787+0000] {processor.py:830} INFO - Processing file /opt/airflow/dags/dag.py for tasks to queue
[2025-07-02T02:54:19.789+0000] {logging_mixin.py:188} INFO - [2025-07-02T02:54:19.789+0000] {dagbag.py:545} INFO - Filling up the DagBag from /opt/airflow/dags/dag.py
[2025-07-02T02:54:19.796+0000] {logging_mixin.py:188} INFO - Successfully imported request_data
[2025-07-02T02:54:19.806+0000] {processor.py:840} INFO - DAG(s) 'spark_processing_pipeline' retrieved from /opt/airflow/dags/dag.py
[2025-07-02T02:54:19.833+0000] {logging_mixin.py:188} INFO - [2025-07-02T02:54:19.833+0000] {dag.py:3089} INFO - Sync 1 DAGs
[2025-07-02T02:54:19.858+0000] {logging_mixin.py:188} INFO - [2025-07-02T02:54:19.857+0000] {dag.py:3947} INFO - Setting next_dagrun for spark_processing_pipeline to 2025-07-01 00:08:00+00:00, run_after=2025-07-02 00:08:00+00:00
[2025-07-02T02:54:19.888+0000] {processor.py:183} INFO - Processing /opt/airflow/dags/dag.py took 0.112 seconds
[2025-07-02T02:54:50.268+0000] {processor.py:161} INFO - Started process (PID=236) to work on /opt/airflow/dags/dag.py
[2025-07-02T02:54:50.270+0000] {processor.py:830} INFO - Processing file /opt/airflow/dags/dag.py for tasks to queue
[2025-07-02T02:54:50.272+0000] {logging_mixin.py:188} INFO - [2025-07-02T02:54:50.272+0000] {dagbag.py:545} INFO - Filling up the DagBag from /opt/airflow/dags/dag.py
[2025-07-02T02:54:50.278+0000] {logging_mixin.py:188} INFO - Successfully imported request_data
[2025-07-02T02:54:50.290+0000] {processor.py:840} INFO - DAG(s) 'spark_processing_pipeline' retrieved from /opt/airflow/dags/dag.py
[2025-07-02T02:54:50.321+0000] {logging_mixin.py:188} INFO - [2025-07-02T02:54:50.321+0000] {dag.py:3089} INFO - Sync 1 DAGs
[2025-07-02T02:54:50.348+0000] {logging_mixin.py:188} INFO - [2025-07-02T02:54:50.348+0000] {dag.py:3947} INFO - Setting next_dagrun for spark_processing_pipeline to 2025-07-01 00:08:00+00:00, run_after=2025-07-02 00:08:00+00:00
[2025-07-02T02:54:50.386+0000] {processor.py:183} INFO - Processing /opt/airflow/dags/dag.py took 0.125 seconds
[2025-07-02T02:55:20.755+0000] {processor.py:161} INFO - Started process (PID=263) to work on /opt/airflow/dags/dag.py
[2025-07-02T02:55:20.756+0000] {processor.py:830} INFO - Processing file /opt/airflow/dags/dag.py for tasks to queue
[2025-07-02T02:55:20.758+0000] {logging_mixin.py:188} INFO - [2025-07-02T02:55:20.758+0000] {dagbag.py:545} INFO - Filling up the DagBag from /opt/airflow/dags/dag.py
[2025-07-02T02:55:20.771+0000] {logging_mixin.py:188} INFO - Successfully imported request_data
[2025-07-02T02:55:20.782+0000] {processor.py:840} INFO - DAG(s) 'spark_processing_pipeline' retrieved from /opt/airflow/dags/dag.py
[2025-07-02T02:55:20.815+0000] {logging_mixin.py:188} INFO - [2025-07-02T02:55:20.814+0000] {dag.py:3089} INFO - Sync 1 DAGs
[2025-07-02T02:55:20.840+0000] {logging_mixin.py:188} INFO - [2025-07-02T02:55:20.840+0000] {dag.py:3947} INFO - Setting next_dagrun for spark_processing_pipeline to 2025-07-01 00:08:00+00:00, run_after=2025-07-02 00:08:00+00:00
[2025-07-02T02:55:20.871+0000] {processor.py:183} INFO - Processing /opt/airflow/dags/dag.py took 0.122 seconds
[2025-07-02T02:55:51.246+0000] {processor.py:161} INFO - Started process (PID=292) to work on /opt/airflow/dags/dag.py
[2025-07-02T02:55:51.247+0000] {processor.py:830} INFO - Processing file /opt/airflow/dags/dag.py for tasks to queue
[2025-07-02T02:55:51.249+0000] {logging_mixin.py:188} INFO - [2025-07-02T02:55:51.249+0000] {dagbag.py:545} INFO - Filling up the DagBag from /opt/airflow/dags/dag.py
[2025-07-02T02:55:51.259+0000] {logging_mixin.py:188} INFO - Successfully imported request_data
[2025-07-02T02:55:51.270+0000] {processor.py:840} INFO - DAG(s) 'spark_processing_pipeline' retrieved from /opt/airflow/dags/dag.py
[2025-07-02T02:55:51.302+0000] {logging_mixin.py:188} INFO - [2025-07-02T02:55:51.301+0000] {dag.py:3089} INFO - Sync 1 DAGs
[2025-07-02T02:55:51.323+0000] {logging_mixin.py:188} INFO - [2025-07-02T02:55:51.323+0000] {dag.py:3947} INFO - Setting next_dagrun for spark_processing_pipeline to 2025-07-01 00:08:00+00:00, run_after=2025-07-02 00:08:00+00:00
[2025-07-02T02:55:51.355+0000] {processor.py:183} INFO - Processing /opt/airflow/dags/dag.py took 0.115 seconds
[2025-07-02T02:56:21.712+0000] {processor.py:161} INFO - Started process (PID=317) to work on /opt/airflow/dags/dag.py
[2025-07-02T02:56:21.713+0000] {processor.py:830} INFO - Processing file /opt/airflow/dags/dag.py for tasks to queue
[2025-07-02T02:56:21.716+0000] {logging_mixin.py:188} INFO - [2025-07-02T02:56:21.715+0000] {dagbag.py:545} INFO - Filling up the DagBag from /opt/airflow/dags/dag.py
[2025-07-02T02:56:21.727+0000] {logging_mixin.py:188} INFO - Successfully imported request_data
[2025-07-02T02:56:21.737+0000] {processor.py:840} INFO - DAG(s) 'spark_processing_pipeline' retrieved from /opt/airflow/dags/dag.py
[2025-07-02T02:56:21.767+0000] {logging_mixin.py:188} INFO - [2025-07-02T02:56:21.766+0000] {dag.py:3089} INFO - Sync 1 DAGs
[2025-07-02T02:56:21.789+0000] {logging_mixin.py:188} INFO - [2025-07-02T02:56:21.789+0000] {dag.py:3947} INFO - Setting next_dagrun for spark_processing_pipeline to 2025-07-01 00:08:00+00:00, run_after=2025-07-02 00:08:00+00:00
[2025-07-02T02:56:21.825+0000] {processor.py:183} INFO - Processing /opt/airflow/dags/dag.py took 0.119 seconds
[2025-07-02T02:56:52.206+0000] {processor.py:161} INFO - Started process (PID=343) to work on /opt/airflow/dags/dag.py
[2025-07-02T02:56:52.207+0000] {processor.py:830} INFO - Processing file /opt/airflow/dags/dag.py for tasks to queue
[2025-07-02T02:56:52.210+0000] {logging_mixin.py:188} INFO - [2025-07-02T02:56:52.210+0000] {dagbag.py:545} INFO - Filling up the DagBag from /opt/airflow/dags/dag.py
[2025-07-02T02:56:52.221+0000] {logging_mixin.py:188} INFO - Successfully imported request_data
[2025-07-02T02:56:52.232+0000] {processor.py:840} INFO - DAG(s) 'spark_processing_pipeline' retrieved from /opt/airflow/dags/dag.py
[2025-07-02T02:56:52.268+0000] {logging_mixin.py:188} INFO - [2025-07-02T02:56:52.268+0000] {dag.py:3089} INFO - Sync 1 DAGs
[2025-07-02T02:56:52.294+0000] {logging_mixin.py:188} INFO - [2025-07-02T02:56:52.294+0000] {dag.py:3947} INFO - Setting next_dagrun for spark_processing_pipeline to 2025-07-01 00:08:00+00:00, run_after=2025-07-02 00:08:00+00:00
[2025-07-02T02:56:52.329+0000] {processor.py:183} INFO - Processing /opt/airflow/dags/dag.py took 0.131 seconds
[2025-07-02T02:57:22.676+0000] {processor.py:161} INFO - Started process (PID=370) to work on /opt/airflow/dags/dag.py
[2025-07-02T02:57:22.678+0000] {processor.py:830} INFO - Processing file /opt/airflow/dags/dag.py for tasks to queue
[2025-07-02T02:57:22.681+0000] {logging_mixin.py:188} INFO - [2025-07-02T02:57:22.680+0000] {dagbag.py:545} INFO - Filling up the DagBag from /opt/airflow/dags/dag.py
[2025-07-02T02:57:22.690+0000] {logging_mixin.py:188} INFO - Successfully imported request_data
[2025-07-02T02:57:22.700+0000] {processor.py:840} INFO - DAG(s) 'spark_processing_pipeline' retrieved from /opt/airflow/dags/dag.py
[2025-07-02T02:57:22.732+0000] {logging_mixin.py:188} INFO - [2025-07-02T02:57:22.732+0000] {dag.py:3089} INFO - Sync 1 DAGs
[2025-07-02T02:57:22.754+0000] {logging_mixin.py:188} INFO - [2025-07-02T02:57:22.754+0000] {dag.py:3947} INFO - Setting next_dagrun for spark_processing_pipeline to 2025-07-01 00:08:00+00:00, run_after=2025-07-02 00:08:00+00:00
[2025-07-02T02:57:22.788+0000] {processor.py:183} INFO - Processing /opt/airflow/dags/dag.py took 0.119 seconds
[2025-07-02T02:57:53.161+0000] {processor.py:161} INFO - Started process (PID=399) to work on /opt/airflow/dags/dag.py
[2025-07-02T02:57:53.163+0000] {processor.py:830} INFO - Processing file /opt/airflow/dags/dag.py for tasks to queue
[2025-07-02T02:57:53.166+0000] {logging_mixin.py:188} INFO - [2025-07-02T02:57:53.165+0000] {dagbag.py:545} INFO - Filling up the DagBag from /opt/airflow/dags/dag.py
[2025-07-02T02:57:53.173+0000] {logging_mixin.py:188} INFO - Successfully imported request_data
[2025-07-02T02:57:53.185+0000] {processor.py:840} INFO - DAG(s) 'spark_processing_pipeline' retrieved from /opt/airflow/dags/dag.py
[2025-07-02T02:57:53.215+0000] {logging_mixin.py:188} INFO - [2025-07-02T02:57:53.215+0000] {dag.py:3089} INFO - Sync 1 DAGs
[2025-07-02T02:57:53.238+0000] {logging_mixin.py:188} INFO - [2025-07-02T02:57:53.238+0000] {dag.py:3947} INFO - Setting next_dagrun for spark_processing_pipeline to 2025-07-01 00:08:00+00:00, run_after=2025-07-02 00:08:00+00:00
[2025-07-02T02:57:53.276+0000] {processor.py:183} INFO - Processing /opt/airflow/dags/dag.py took 0.121 seconds
[2025-07-02T02:58:23.630+0000] {processor.py:161} INFO - Started process (PID=424) to work on /opt/airflow/dags/dag.py
[2025-07-02T02:58:23.631+0000] {processor.py:830} INFO - Processing file /opt/airflow/dags/dag.py for tasks to queue
[2025-07-02T02:58:23.634+0000] {logging_mixin.py:188} INFO - [2025-07-02T02:58:23.633+0000] {dagbag.py:545} INFO - Filling up the DagBag from /opt/airflow/dags/dag.py
[2025-07-02T02:58:23.641+0000] {logging_mixin.py:188} INFO - Successfully imported request_data
[2025-07-02T02:58:23.651+0000] {processor.py:840} INFO - DAG(s) 'spark_processing_pipeline' retrieved from /opt/airflow/dags/dag.py
[2025-07-02T02:58:23.682+0000] {logging_mixin.py:188} INFO - [2025-07-02T02:58:23.682+0000] {dag.py:3089} INFO - Sync 1 DAGs
[2025-07-02T02:58:23.704+0000] {logging_mixin.py:188} INFO - [2025-07-02T02:58:23.704+0000] {dag.py:3947} INFO - Setting next_dagrun for spark_processing_pipeline to 2025-07-01 00:08:00+00:00, run_after=2025-07-02 00:08:00+00:00
[2025-07-02T02:58:23.740+0000] {processor.py:183} INFO - Processing /opt/airflow/dags/dag.py took 0.117 seconds
[2025-07-02T02:58:54.115+0000] {processor.py:161} INFO - Started process (PID=451) to work on /opt/airflow/dags/dag.py
[2025-07-02T02:58:54.117+0000] {processor.py:830} INFO - Processing file /opt/airflow/dags/dag.py for tasks to queue
[2025-07-02T02:58:54.119+0000] {logging_mixin.py:188} INFO - [2025-07-02T02:58:54.118+0000] {dagbag.py:545} INFO - Filling up the DagBag from /opt/airflow/dags/dag.py
[2025-07-02T02:58:54.125+0000] {logging_mixin.py:188} INFO - Successfully imported request_data
[2025-07-02T02:58:54.137+0000] {processor.py:840} INFO - DAG(s) 'spark_processing_pipeline' retrieved from /opt/airflow/dags/dag.py
[2025-07-02T02:58:54.165+0000] {logging_mixin.py:188} INFO - [2025-07-02T02:58:54.164+0000] {dag.py:3089} INFO - Sync 1 DAGs
[2025-07-02T02:58:54.188+0000] {logging_mixin.py:188} INFO - [2025-07-02T02:58:54.188+0000] {dag.py:3947} INFO - Setting next_dagrun for spark_processing_pipeline to 2025-07-01 00:08:00+00:00, run_after=2025-07-02 00:08:00+00:00
[2025-07-02T02:58:54.219+0000] {processor.py:183} INFO - Processing /opt/airflow/dags/dag.py took 0.110 seconds
[2025-07-02T02:59:24.570+0000] {processor.py:161} INFO - Started process (PID=478) to work on /opt/airflow/dags/dag.py
[2025-07-02T02:59:24.571+0000] {processor.py:830} INFO - Processing file /opt/airflow/dags/dag.py for tasks to queue
[2025-07-02T02:59:24.574+0000] {logging_mixin.py:188} INFO - [2025-07-02T02:59:24.574+0000] {dagbag.py:545} INFO - Filling up the DagBag from /opt/airflow/dags/dag.py
[2025-07-02T02:59:24.580+0000] {logging_mixin.py:188} INFO - Successfully imported request_data
[2025-07-02T02:59:24.591+0000] {processor.py:840} INFO - DAG(s) 'spark_processing_pipeline' retrieved from /opt/airflow/dags/dag.py
[2025-07-02T02:59:24.620+0000] {logging_mixin.py:188} INFO - [2025-07-02T02:59:24.620+0000] {dag.py:3089} INFO - Sync 1 DAGs
[2025-07-02T02:59:24.643+0000] {logging_mixin.py:188} INFO - [2025-07-02T02:59:24.643+0000] {dag.py:3947} INFO - Setting next_dagrun for spark_processing_pipeline to 2025-07-01 00:08:00+00:00, run_after=2025-07-02 00:08:00+00:00
[2025-07-02T02:59:24.676+0000] {processor.py:183} INFO - Processing /opt/airflow/dags/dag.py took 0.112 seconds
[2025-07-02T02:59:55.028+0000] {processor.py:161} INFO - Started process (PID=505) to work on /opt/airflow/dags/dag.py
[2025-07-02T02:59:55.029+0000] {processor.py:830} INFO - Processing file /opt/airflow/dags/dag.py for tasks to queue
[2025-07-02T02:59:55.031+0000] {logging_mixin.py:188} INFO - [2025-07-02T02:59:55.031+0000] {dagbag.py:545} INFO - Filling up the DagBag from /opt/airflow/dags/dag.py
[2025-07-02T02:59:55.039+0000] {logging_mixin.py:188} INFO - Successfully imported request_data
[2025-07-02T02:59:55.050+0000] {processor.py:840} INFO - DAG(s) 'spark_processing_pipeline' retrieved from /opt/airflow/dags/dag.py
[2025-07-02T02:59:55.079+0000] {logging_mixin.py:188} INFO - [2025-07-02T02:59:55.079+0000] {dag.py:3089} INFO - Sync 1 DAGs
[2025-07-02T02:59:55.104+0000] {logging_mixin.py:188} INFO - [2025-07-02T02:59:55.104+0000] {dag.py:3947} INFO - Setting next_dagrun for spark_processing_pipeline to 2025-07-01 00:08:00+00:00, run_after=2025-07-02 00:08:00+00:00
[2025-07-02T02:59:55.139+0000] {processor.py:183} INFO - Processing /opt/airflow/dags/dag.py took 0.118 seconds
[2025-07-02T03:00:25.489+0000] {processor.py:161} INFO - Started process (PID=532) to work on /opt/airflow/dags/dag.py
[2025-07-02T03:00:25.490+0000] {processor.py:830} INFO - Processing file /opt/airflow/dags/dag.py for tasks to queue
[2025-07-02T03:00:25.493+0000] {logging_mixin.py:188} INFO - [2025-07-02T03:00:25.492+0000] {dagbag.py:545} INFO - Filling up the DagBag from /opt/airflow/dags/dag.py
[2025-07-02T03:00:25.499+0000] {logging_mixin.py:188} INFO - Successfully imported request_data
[2025-07-02T03:00:25.510+0000] {processor.py:840} INFO - DAG(s) 'spark_processing_pipeline' retrieved from /opt/airflow/dags/dag.py
[2025-07-02T03:00:25.543+0000] {logging_mixin.py:188} INFO - [2025-07-02T03:00:25.542+0000] {dag.py:3089} INFO - Sync 1 DAGs
[2025-07-02T03:00:25.568+0000] {logging_mixin.py:188} INFO - [2025-07-02T03:00:25.567+0000] {dag.py:3947} INFO - Setting next_dagrun for spark_processing_pipeline to 2025-07-01 00:08:00+00:00, run_after=2025-07-02 00:08:00+00:00
[2025-07-02T03:00:25.598+0000] {processor.py:183} INFO - Processing /opt/airflow/dags/dag.py took 0.116 seconds
[2025-07-02T03:00:55.950+0000] {processor.py:161} INFO - Started process (PID=559) to work on /opt/airflow/dags/dag.py
[2025-07-02T03:00:55.951+0000] {processor.py:830} INFO - Processing file /opt/airflow/dags/dag.py for tasks to queue
[2025-07-02T03:00:55.954+0000] {logging_mixin.py:188} INFO - [2025-07-02T03:00:55.953+0000] {dagbag.py:545} INFO - Filling up the DagBag from /opt/airflow/dags/dag.py
[2025-07-02T03:00:55.961+0000] {logging_mixin.py:188} INFO - Successfully imported request_data
[2025-07-02T03:00:55.974+0000] {processor.py:840} INFO - DAG(s) 'spark_processing_pipeline' retrieved from /opt/airflow/dags/dag.py
[2025-07-02T03:00:56.001+0000] {logging_mixin.py:188} INFO - [2025-07-02T03:00:56.000+0000] {dag.py:3089} INFO - Sync 1 DAGs
[2025-07-02T03:00:56.025+0000] {logging_mixin.py:188} INFO - [2025-07-02T03:00:56.025+0000] {dag.py:3947} INFO - Setting next_dagrun for spark_processing_pipeline to 2025-07-01 00:08:00+00:00, run_after=2025-07-02 00:08:00+00:00
[2025-07-02T03:00:56.055+0000] {processor.py:183} INFO - Processing /opt/airflow/dags/dag.py took 0.112 seconds
[2025-07-02T03:01:26.413+0000] {processor.py:161} INFO - Started process (PID=587) to work on /opt/airflow/dags/dag.py
[2025-07-02T03:01:26.414+0000] {processor.py:830} INFO - Processing file /opt/airflow/dags/dag.py for tasks to queue
[2025-07-02T03:01:26.416+0000] {logging_mixin.py:188} INFO - [2025-07-02T03:01:26.416+0000] {dagbag.py:545} INFO - Filling up the DagBag from /opt/airflow/dags/dag.py
[2025-07-02T03:01:26.426+0000] {logging_mixin.py:188} INFO - Successfully imported request_data
[2025-07-02T03:01:26.437+0000] {processor.py:840} INFO - DAG(s) 'spark_processing_pipeline' retrieved from /opt/airflow/dags/dag.py
[2025-07-02T03:01:26.467+0000] {logging_mixin.py:188} INFO - [2025-07-02T03:01:26.466+0000] {dag.py:3089} INFO - Sync 1 DAGs
[2025-07-02T03:01:26.497+0000] {logging_mixin.py:188} INFO - [2025-07-02T03:01:26.497+0000] {dag.py:3947} INFO - Setting next_dagrun for spark_processing_pipeline to 2025-07-01 00:08:00+00:00, run_after=2025-07-02 00:08:00+00:00
[2025-07-02T03:01:26.530+0000] {processor.py:183} INFO - Processing /opt/airflow/dags/dag.py took 0.124 seconds
[2025-07-02T03:01:56.888+0000] {processor.py:161} INFO - Started process (PID=613) to work on /opt/airflow/dags/dag.py
[2025-07-02T03:01:56.890+0000] {processor.py:830} INFO - Processing file /opt/airflow/dags/dag.py for tasks to queue
[2025-07-02T03:01:56.893+0000] {logging_mixin.py:188} INFO - [2025-07-02T03:01:56.893+0000] {dagbag.py:545} INFO - Filling up the DagBag from /opt/airflow/dags/dag.py
[2025-07-02T03:01:56.903+0000] {logging_mixin.py:188} INFO - Successfully imported request_data
[2025-07-02T03:01:56.914+0000] {processor.py:840} INFO - DAG(s) 'spark_processing_pipeline' retrieved from /opt/airflow/dags/dag.py
[2025-07-02T03:01:56.946+0000] {logging_mixin.py:188} INFO - [2025-07-02T03:01:56.946+0000] {dag.py:3089} INFO - Sync 1 DAGs
[2025-07-02T03:01:56.974+0000] {logging_mixin.py:188} INFO - [2025-07-02T03:01:56.973+0000] {dag.py:3947} INFO - Setting next_dagrun for spark_processing_pipeline to 2025-07-01 00:08:00+00:00, run_after=2025-07-02 00:08:00+00:00
[2025-07-02T03:01:57.013+0000] {processor.py:183} INFO - Processing /opt/airflow/dags/dag.py took 0.131 seconds
[2025-07-02T03:02:27.370+0000] {processor.py:161} INFO - Started process (PID=640) to work on /opt/airflow/dags/dag.py
[2025-07-02T03:02:27.372+0000] {processor.py:830} INFO - Processing file /opt/airflow/dags/dag.py for tasks to queue
[2025-07-02T03:02:27.378+0000] {logging_mixin.py:188} INFO - [2025-07-02T03:02:27.378+0000] {dagbag.py:545} INFO - Filling up the DagBag from /opt/airflow/dags/dag.py
[2025-07-02T03:02:27.384+0000] {logging_mixin.py:188} INFO - Successfully imported request_data
[2025-07-02T03:02:27.398+0000] {processor.py:840} INFO - DAG(s) 'spark_processing_pipeline' retrieved from /opt/airflow/dags/dag.py
[2025-07-02T03:02:27.441+0000] {logging_mixin.py:188} INFO - [2025-07-02T03:02:27.441+0000] {dag.py:3089} INFO - Sync 1 DAGs
[2025-07-02T03:02:27.475+0000] {logging_mixin.py:188} INFO - [2025-07-02T03:02:27.475+0000] {dag.py:3947} INFO - Setting next_dagrun for spark_processing_pipeline to 2025-07-01 00:08:00+00:00, run_after=2025-07-02 00:08:00+00:00
[2025-07-02T03:02:27.526+0000] {processor.py:183} INFO - Processing /opt/airflow/dags/dag.py took 0.163 seconds
[2025-07-02T03:02:57.856+0000] {processor.py:161} INFO - Started process (PID=668) to work on /opt/airflow/dags/dag.py
[2025-07-02T03:02:57.857+0000] {processor.py:830} INFO - Processing file /opt/airflow/dags/dag.py for tasks to queue
[2025-07-02T03:02:57.859+0000] {logging_mixin.py:188} INFO - [2025-07-02T03:02:57.859+0000] {dagbag.py:545} INFO - Filling up the DagBag from /opt/airflow/dags/dag.py
[2025-07-02T03:02:57.868+0000] {logging_mixin.py:188} INFO - Successfully imported request_data
[2025-07-02T03:02:57.879+0000] {processor.py:840} INFO - DAG(s) 'spark_processing_pipeline' retrieved from /opt/airflow/dags/dag.py
[2025-07-02T03:02:57.907+0000] {logging_mixin.py:188} INFO - [2025-07-02T03:02:57.906+0000] {dag.py:3089} INFO - Sync 1 DAGs
[2025-07-02T03:02:57.929+0000] {logging_mixin.py:188} INFO - [2025-07-02T03:02:57.929+0000] {dag.py:3947} INFO - Setting next_dagrun for spark_processing_pipeline to 2025-07-01 00:08:00+00:00, run_after=2025-07-02 00:08:00+00:00
[2025-07-02T03:02:57.961+0000] {processor.py:183} INFO - Processing /opt/airflow/dags/dag.py took 0.112 seconds
[2025-07-02T03:03:28.304+0000] {processor.py:161} INFO - Started process (PID=694) to work on /opt/airflow/dags/dag.py
[2025-07-02T03:03:28.305+0000] {processor.py:830} INFO - Processing file /opt/airflow/dags/dag.py for tasks to queue
[2025-07-02T03:03:28.307+0000] {logging_mixin.py:188} INFO - [2025-07-02T03:03:28.307+0000] {dagbag.py:545} INFO - Filling up the DagBag from /opt/airflow/dags/dag.py
[2025-07-02T03:03:28.313+0000] {logging_mixin.py:188} INFO - Successfully imported request_data
[2025-07-02T03:03:28.323+0000] {processor.py:840} INFO - DAG(s) 'spark_processing_pipeline' retrieved from /opt/airflow/dags/dag.py
[2025-07-02T03:03:28.351+0000] {logging_mixin.py:188} INFO - [2025-07-02T03:03:28.351+0000] {dag.py:3089} INFO - Sync 1 DAGs
[2025-07-02T03:03:28.374+0000] {logging_mixin.py:188} INFO - [2025-07-02T03:03:28.374+0000] {dag.py:3947} INFO - Setting next_dagrun for spark_processing_pipeline to 2025-07-01 00:08:00+00:00, run_after=2025-07-02 00:08:00+00:00
[2025-07-02T03:03:28.405+0000] {processor.py:183} INFO - Processing /opt/airflow/dags/dag.py took 0.107 seconds
[2025-07-02T03:03:58.808+0000] {processor.py:161} INFO - Started process (PID=722) to work on /opt/airflow/dags/dag.py
[2025-07-02T03:03:58.810+0000] {processor.py:830} INFO - Processing file /opt/airflow/dags/dag.py for tasks to queue
[2025-07-02T03:03:58.812+0000] {logging_mixin.py:188} INFO - [2025-07-02T03:03:58.812+0000] {dagbag.py:545} INFO - Filling up the DagBag from /opt/airflow/dags/dag.py
[2025-07-02T03:03:58.819+0000] {logging_mixin.py:188} INFO - Successfully imported request_data
[2025-07-02T03:03:58.830+0000] {processor.py:840} INFO - DAG(s) 'spark_processing_pipeline' retrieved from /opt/airflow/dags/dag.py
[2025-07-02T03:03:58.857+0000] {logging_mixin.py:188} INFO - [2025-07-02T03:03:58.857+0000] {dag.py:3089} INFO - Sync 1 DAGs
[2025-07-02T03:03:58.885+0000] {logging_mixin.py:188} INFO - [2025-07-02T03:03:58.884+0000] {dag.py:3947} INFO - Setting next_dagrun for spark_processing_pipeline to 2025-07-01 00:08:00+00:00, run_after=2025-07-02 00:08:00+00:00
[2025-07-02T03:03:58.920+0000] {processor.py:183} INFO - Processing /opt/airflow/dags/dag.py took 0.120 seconds
[2025-07-02T03:04:29.272+0000] {processor.py:161} INFO - Started process (PID=741) to work on /opt/airflow/dags/dag.py
[2025-07-02T03:04:29.273+0000] {processor.py:830} INFO - Processing file /opt/airflow/dags/dag.py for tasks to queue
[2025-07-02T03:04:29.276+0000] {logging_mixin.py:188} INFO - [2025-07-02T03:04:29.275+0000] {dagbag.py:545} INFO - Filling up the DagBag from /opt/airflow/dags/dag.py
[2025-07-02T03:04:29.284+0000] {logging_mixin.py:188} INFO - Successfully imported request_data
[2025-07-02T03:04:29.297+0000] {processor.py:840} INFO - DAG(s) 'spark_processing_pipeline' retrieved from /opt/airflow/dags/dag.py
[2025-07-02T03:04:29.325+0000] {logging_mixin.py:188} INFO - [2025-07-02T03:04:29.325+0000] {dag.py:3089} INFO - Sync 1 DAGs
[2025-07-02T03:04:29.352+0000] {logging_mixin.py:188} INFO - [2025-07-02T03:04:29.351+0000] {dag.py:3947} INFO - Setting next_dagrun for spark_processing_pipeline to 2025-07-01 00:08:00+00:00, run_after=2025-07-02 00:08:00+00:00
[2025-07-02T03:04:29.386+0000] {processor.py:183} INFO - Processing /opt/airflow/dags/dag.py took 0.121 seconds
[2025-07-02T03:04:59.829+0000] {processor.py:161} INFO - Started process (PID=769) to work on /opt/airflow/dags/dag.py
[2025-07-02T03:04:59.830+0000] {processor.py:830} INFO - Processing file /opt/airflow/dags/dag.py for tasks to queue
[2025-07-02T03:04:59.833+0000] {logging_mixin.py:188} INFO - [2025-07-02T03:04:59.832+0000] {dagbag.py:545} INFO - Filling up the DagBag from /opt/airflow/dags/dag.py
[2025-07-02T03:04:59.842+0000] {logging_mixin.py:188} INFO - Successfully imported request_data
[2025-07-02T03:04:59.855+0000] {processor.py:840} INFO - DAG(s) 'spark_processing_pipeline' retrieved from /opt/airflow/dags/dag.py
[2025-07-02T03:04:59.886+0000] {logging_mixin.py:188} INFO - [2025-07-02T03:04:59.886+0000] {dag.py:3089} INFO - Sync 1 DAGs
[2025-07-02T03:04:59.912+0000] {logging_mixin.py:188} INFO - [2025-07-02T03:04:59.912+0000] {dag.py:3947} INFO - Setting next_dagrun for spark_processing_pipeline to 2025-07-01 00:08:00+00:00, run_after=2025-07-02 00:08:00+00:00
[2025-07-02T03:04:59.943+0000] {processor.py:183} INFO - Processing /opt/airflow/dags/dag.py took 0.122 seconds
[2025-07-02T03:05:30.303+0000] {processor.py:161} INFO - Started process (PID=796) to work on /opt/airflow/dags/dag.py
[2025-07-02T03:05:30.304+0000] {processor.py:830} INFO - Processing file /opt/airflow/dags/dag.py for tasks to queue
[2025-07-02T03:05:30.307+0000] {logging_mixin.py:188} INFO - [2025-07-02T03:05:30.306+0000] {dagbag.py:545} INFO - Filling up the DagBag from /opt/airflow/dags/dag.py
[2025-07-02T03:05:30.314+0000] {logging_mixin.py:188} INFO - Successfully imported request_data
[2025-07-02T03:05:30.325+0000] {processor.py:840} INFO - DAG(s) 'spark_processing_pipeline' retrieved from /opt/airflow/dags/dag.py
[2025-07-02T03:05:30.363+0000] {logging_mixin.py:188} INFO - [2025-07-02T03:05:30.363+0000] {dag.py:3089} INFO - Sync 1 DAGs
[2025-07-02T03:05:30.390+0000] {logging_mixin.py:188} INFO - [2025-07-02T03:05:30.390+0000] {dag.py:3947} INFO - Setting next_dagrun for spark_processing_pipeline to 2025-07-01 00:08:00+00:00, run_after=2025-07-02 00:08:00+00:00
[2025-07-02T03:05:30.426+0000] {processor.py:183} INFO - Processing /opt/airflow/dags/dag.py took 0.131 seconds
[2025-07-02T03:06:00.765+0000] {processor.py:161} INFO - Started process (PID=821) to work on /opt/airflow/dags/dag.py
[2025-07-02T03:06:00.767+0000] {processor.py:830} INFO - Processing file /opt/airflow/dags/dag.py for tasks to queue
[2025-07-02T03:06:00.770+0000] {logging_mixin.py:188} INFO - [2025-07-02T03:06:00.769+0000] {dagbag.py:545} INFO - Filling up the DagBag from /opt/airflow/dags/dag.py
[2025-07-02T03:06:00.777+0000] {logging_mixin.py:188} INFO - Successfully imported request_data
[2025-07-02T03:06:00.788+0000] {processor.py:840} INFO - DAG(s) 'spark_processing_pipeline' retrieved from /opt/airflow/dags/dag.py
[2025-07-02T03:06:00.820+0000] {logging_mixin.py:188} INFO - [2025-07-02T03:06:00.820+0000] {dag.py:3089} INFO - Sync 1 DAGs
[2025-07-02T03:06:00.845+0000] {logging_mixin.py:188} INFO - [2025-07-02T03:06:00.845+0000] {dag.py:3947} INFO - Setting next_dagrun for spark_processing_pipeline to 2025-07-01 00:08:00+00:00, run_after=2025-07-02 00:08:00+00:00
[2025-07-02T03:06:00.879+0000] {processor.py:183} INFO - Processing /opt/airflow/dags/dag.py took 0.121 seconds
[2025-07-02T03:06:31.247+0000] {processor.py:161} INFO - Started process (PID=850) to work on /opt/airflow/dags/dag.py
[2025-07-02T03:06:31.248+0000] {processor.py:830} INFO - Processing file /opt/airflow/dags/dag.py for tasks to queue
[2025-07-02T03:06:31.252+0000] {logging_mixin.py:188} INFO - [2025-07-02T03:06:31.251+0000] {dagbag.py:545} INFO - Filling up the DagBag from /opt/airflow/dags/dag.py
[2025-07-02T03:06:31.262+0000] {logging_mixin.py:188} INFO - Successfully imported request_data
[2025-07-02T03:06:31.272+0000] {processor.py:840} INFO - DAG(s) 'spark_processing_pipeline' retrieved from /opt/airflow/dags/dag.py
[2025-07-02T03:06:31.307+0000] {logging_mixin.py:188} INFO - [2025-07-02T03:06:31.307+0000] {dag.py:3089} INFO - Sync 1 DAGs
[2025-07-02T03:06:31.334+0000] {logging_mixin.py:188} INFO - [2025-07-02T03:06:31.334+0000] {dag.py:3947} INFO - Setting next_dagrun for spark_processing_pipeline to 2025-07-01 00:08:00+00:00, run_after=2025-07-02 00:08:00+00:00
[2025-07-02T03:06:31.372+0000] {processor.py:183} INFO - Processing /opt/airflow/dags/dag.py took 0.131 seconds
[2025-07-02T03:07:01.707+0000] {processor.py:161} INFO - Started process (PID=875) to work on /opt/airflow/dags/dag.py
[2025-07-02T03:07:01.708+0000] {processor.py:830} INFO - Processing file /opt/airflow/dags/dag.py for tasks to queue
[2025-07-02T03:07:01.712+0000] {logging_mixin.py:188} INFO - [2025-07-02T03:07:01.711+0000] {dagbag.py:545} INFO - Filling up the DagBag from /opt/airflow/dags/dag.py
[2025-07-02T03:07:01.722+0000] {logging_mixin.py:188} INFO - Successfully imported request_data
[2025-07-02T03:07:01.734+0000] {processor.py:840} INFO - DAG(s) 'spark_processing_pipeline' retrieved from /opt/airflow/dags/dag.py
[2025-07-02T03:07:01.770+0000] {logging_mixin.py:188} INFO - [2025-07-02T03:07:01.769+0000] {dag.py:3089} INFO - Sync 1 DAGs
[2025-07-02T03:07:01.793+0000] {logging_mixin.py:188} INFO - [2025-07-02T03:07:01.793+0000] {dag.py:3947} INFO - Setting next_dagrun for spark_processing_pipeline to 2025-07-01 00:08:00+00:00, run_after=2025-07-02 00:08:00+00:00
[2025-07-02T03:07:01.831+0000] {processor.py:183} INFO - Processing /opt/airflow/dags/dag.py took 0.133 seconds
[2025-07-02T03:07:32.195+0000] {processor.py:161} INFO - Started process (PID=904) to work on /opt/airflow/dags/dag.py
[2025-07-02T03:07:32.196+0000] {processor.py:830} INFO - Processing file /opt/airflow/dags/dag.py for tasks to queue
[2025-07-02T03:07:32.199+0000] {logging_mixin.py:188} INFO - [2025-07-02T03:07:32.199+0000] {dagbag.py:545} INFO - Filling up the DagBag from /opt/airflow/dags/dag.py
[2025-07-02T03:07:32.206+0000] {logging_mixin.py:188} INFO - Successfully imported request_data
[2025-07-02T03:07:32.219+0000] {processor.py:840} INFO - DAG(s) 'spark_processing_pipeline' retrieved from /opt/airflow/dags/dag.py
[2025-07-02T03:07:32.250+0000] {logging_mixin.py:188} INFO - [2025-07-02T03:07:32.250+0000] {dag.py:3089} INFO - Sync 1 DAGs
[2025-07-02T03:07:32.277+0000] {logging_mixin.py:188} INFO - [2025-07-02T03:07:32.277+0000] {dag.py:3947} INFO - Setting next_dagrun for spark_processing_pipeline to 2025-07-01 00:08:00+00:00, run_after=2025-07-02 00:08:00+00:00
[2025-07-02T03:07:32.313+0000] {processor.py:183} INFO - Processing /opt/airflow/dags/dag.py took 0.127 seconds
[2025-07-02T03:08:02.661+0000] {processor.py:161} INFO - Started process (PID=929) to work on /opt/airflow/dags/dag.py
[2025-07-02T03:08:02.662+0000] {processor.py:830} INFO - Processing file /opt/airflow/dags/dag.py for tasks to queue
[2025-07-02T03:08:02.665+0000] {logging_mixin.py:188} INFO - [2025-07-02T03:08:02.664+0000] {dagbag.py:545} INFO - Filling up the DagBag from /opt/airflow/dags/dag.py
[2025-07-02T03:08:02.674+0000] {logging_mixin.py:188} INFO - Successfully imported request_data
[2025-07-02T03:08:02.685+0000] {processor.py:840} INFO - DAG(s) 'spark_processing_pipeline' retrieved from /opt/airflow/dags/dag.py
[2025-07-02T03:08:02.716+0000] {logging_mixin.py:188} INFO - [2025-07-02T03:08:02.716+0000] {dag.py:3089} INFO - Sync 1 DAGs
[2025-07-02T03:08:02.741+0000] {logging_mixin.py:188} INFO - [2025-07-02T03:08:02.740+0000] {dag.py:3947} INFO - Setting next_dagrun for spark_processing_pipeline to 2025-07-01 00:08:00+00:00, run_after=2025-07-02 00:08:00+00:00
[2025-07-02T03:08:02.775+0000] {processor.py:183} INFO - Processing /opt/airflow/dags/dag.py took 0.121 seconds
[2025-07-02T03:08:33.120+0000] {processor.py:161} INFO - Started process (PID=956) to work on /opt/airflow/dags/dag.py
[2025-07-02T03:08:33.122+0000] {processor.py:830} INFO - Processing file /opt/airflow/dags/dag.py for tasks to queue
[2025-07-02T03:08:33.125+0000] {logging_mixin.py:188} INFO - [2025-07-02T03:08:33.124+0000] {dagbag.py:545} INFO - Filling up the DagBag from /opt/airflow/dags/dag.py
[2025-07-02T03:08:33.133+0000] {logging_mixin.py:188} INFO - Successfully imported request_data
[2025-07-02T03:08:33.143+0000] {processor.py:840} INFO - DAG(s) 'spark_processing_pipeline' retrieved from /opt/airflow/dags/dag.py
[2025-07-02T03:08:33.180+0000] {logging_mixin.py:188} INFO - [2025-07-02T03:08:33.180+0000] {dag.py:3089} INFO - Sync 1 DAGs
[2025-07-02T03:08:33.204+0000] {logging_mixin.py:188} INFO - [2025-07-02T03:08:33.204+0000] {dag.py:3947} INFO - Setting next_dagrun for spark_processing_pipeline to 2025-07-01 00:08:00+00:00, run_after=2025-07-02 00:08:00+00:00
[2025-07-02T03:08:33.240+0000] {processor.py:183} INFO - Processing /opt/airflow/dags/dag.py took 0.126 seconds
[2025-07-02T03:09:03.610+0000] {processor.py:161} INFO - Started process (PID=983) to work on /opt/airflow/dags/dag.py
[2025-07-02T03:09:03.611+0000] {processor.py:830} INFO - Processing file /opt/airflow/dags/dag.py for tasks to queue
[2025-07-02T03:09:03.614+0000] {logging_mixin.py:188} INFO - [2025-07-02T03:09:03.614+0000] {dagbag.py:545} INFO - Filling up the DagBag from /opt/airflow/dags/dag.py
[2025-07-02T03:09:03.621+0000] {logging_mixin.py:188} INFO - Successfully imported request_data
[2025-07-02T03:09:03.633+0000] {processor.py:840} INFO - DAG(s) 'spark_processing_pipeline' retrieved from /opt/airflow/dags/dag.py
[2025-07-02T03:09:03.669+0000] {logging_mixin.py:188} INFO - [2025-07-02T03:09:03.668+0000] {dag.py:3089} INFO - Sync 1 DAGs
[2025-07-02T03:09:03.701+0000] {logging_mixin.py:188} INFO - [2025-07-02T03:09:03.701+0000] {dag.py:3947} INFO - Setting next_dagrun for spark_processing_pipeline to 2025-07-01 00:08:00+00:00, run_after=2025-07-02 00:08:00+00:00
[2025-07-02T03:09:03.737+0000] {processor.py:183} INFO - Processing /opt/airflow/dags/dag.py took 0.135 seconds
[2025-07-02T03:12:02.895+0000] {processor.py:161} INFO - Started process (PID=192) to work on /opt/airflow/dags/dag.py
[2025-07-02T03:12:02.897+0000] {processor.py:830} INFO - Processing file /opt/airflow/dags/dag.py for tasks to queue
[2025-07-02T03:12:02.900+0000] {logging_mixin.py:188} INFO - [2025-07-02T03:12:02.899+0000] {dagbag.py:545} INFO - Filling up the DagBag from /opt/airflow/dags/dag.py
[2025-07-02T03:12:02.906+0000] {logging_mixin.py:188} INFO - Successfully imported request_data
[2025-07-02T03:12:02.916+0000] {processor.py:840} INFO - DAG(s) 'spark_processing_pipeline' retrieved from /opt/airflow/dags/dag.py
[2025-07-02T03:12:03.075+0000] {logging_mixin.py:188} INFO - [2025-07-02T03:12:03.075+0000] {override.py:1858} INFO - Created Permission View: can read on DAG:spark_processing_pipeline
[2025-07-02T03:12:03.094+0000] {logging_mixin.py:188} INFO - [2025-07-02T03:12:03.093+0000] {override.py:1858} INFO - Created Permission View: can edit on DAG:spark_processing_pipeline
[2025-07-02T03:12:03.111+0000] {logging_mixin.py:188} INFO - [2025-07-02T03:12:03.111+0000] {override.py:1858} INFO - Created Permission View: can delete on DAG:spark_processing_pipeline
[2025-07-02T03:12:03.112+0000] {logging_mixin.py:188} INFO - [2025-07-02T03:12:03.112+0000] {dag.py:3089} INFO - Sync 1 DAGs
[2025-07-02T03:12:03.122+0000] {logging_mixin.py:188} INFO - [2025-07-02T03:12:03.122+0000] {dag.py:3111} INFO - Creating ORM DAG for spark_processing_pipeline
[2025-07-02T03:12:03.139+0000] {logging_mixin.py:188} INFO - [2025-07-02T03:12:03.138+0000] {dag.py:3947} INFO - Setting next_dagrun for spark_processing_pipeline to 2025-07-01 00:08:00+00:00, run_after=2025-07-02 00:08:00+00:00
[2025-07-02T03:12:03.176+0000] {processor.py:183} INFO - Processing /opt/airflow/dags/dag.py took 0.288 seconds
[2025-07-02T03:14:25.475+0000] {processor.py:161} INFO - Started process (PID=192) to work on /opt/airflow/dags/dag.py
[2025-07-02T03:14:25.477+0000] {processor.py:830} INFO - Processing file /opt/airflow/dags/dag.py for tasks to queue
[2025-07-02T03:14:25.482+0000] {logging_mixin.py:188} INFO - [2025-07-02T03:14:25.481+0000] {dagbag.py:545} INFO - Filling up the DagBag from /opt/airflow/dags/dag.py
[2025-07-02T03:14:25.492+0000] {logging_mixin.py:188} INFO - Successfully imported request_data
[2025-07-02T03:14:25.511+0000] {processor.py:840} INFO - DAG(s) 'spark_processing_pipeline' retrieved from /opt/airflow/dags/dag.py
[2025-07-02T03:14:25.721+0000] {logging_mixin.py:188} INFO - [2025-07-02T03:14:25.720+0000] {override.py:1858} INFO - Created Permission View: can edit on DAG:spark_processing_pipeline
[2025-07-02T03:14:25.752+0000] {logging_mixin.py:188} INFO - [2025-07-02T03:14:25.751+0000] {override.py:1858} INFO - Created Permission View: can read on DAG:spark_processing_pipeline
[2025-07-02T03:14:25.776+0000] {logging_mixin.py:188} INFO - [2025-07-02T03:14:25.775+0000] {override.py:1858} INFO - Created Permission View: can delete on DAG:spark_processing_pipeline
[2025-07-02T03:14:25.777+0000] {logging_mixin.py:188} INFO - [2025-07-02T03:14:25.776+0000] {dag.py:3089} INFO - Sync 1 DAGs
[2025-07-02T03:14:25.797+0000] {logging_mixin.py:188} INFO - [2025-07-02T03:14:25.797+0000] {dag.py:3111} INFO - Creating ORM DAG for spark_processing_pipeline
[2025-07-02T03:14:25.821+0000] {logging_mixin.py:188} INFO - [2025-07-02T03:14:25.820+0000] {dag.py:3947} INFO - Setting next_dagrun for spark_processing_pipeline to 2025-07-01 00:08:00+00:00, run_after=2025-07-02 00:08:00+00:00
[2025-07-02T03:14:25.869+0000] {processor.py:183} INFO - Processing /opt/airflow/dags/dag.py took 0.403 seconds
