[2025-07-02T02:27:41.912+0000] {processor.py:161} INFO - Started process (PID=196) to work on /opt/airflow/dags/dag_local_fallback.py
[2025-07-02T02:27:41.913+0000] {processor.py:830} INFO - Processing file /opt/airflow/dags/dag_local_fallback.py for tasks to queue
[2025-07-02T02:27:41.916+0000] {logging_mixin.py:188} INFO - [2025-07-02T02:27:41.915+0000] {dagbag.py:545} INFO - Filling up the DagBag from /opt/airflow/dags/dag_local_fallback.py
[2025-07-02T02:27:41.937+0000] {logging_mixin.py:188} INFO - Successfully imported request_data
[2025-07-02T02:27:41.953+0000] {processor.py:840} INFO - DAG(s) 'spark_processing_pipeline_local' retrieved from /opt/airflow/dags/dag_local_fallback.py
[2025-07-02T02:27:42.124+0000] {logging_mixin.py:188} INFO - [2025-07-02T02:27:42.123+0000] {override.py:1858} INFO - Created Permission View: can edit on DAG:spark_processing_pipeline_local
[2025-07-02T02:27:42.148+0000] {logging_mixin.py:188} INFO - [2025-07-02T02:27:42.147+0000] {override.py:1858} INFO - Created Permission View: can read on DAG:spark_processing_pipeline_local
[2025-07-02T02:27:42.171+0000] {logging_mixin.py:188} INFO - [2025-07-02T02:27:42.171+0000] {override.py:1858} INFO - Created Permission View: can delete on DAG:spark_processing_pipeline_local
[2025-07-02T02:27:42.173+0000] {logging_mixin.py:188} INFO - [2025-07-02T02:27:42.173+0000] {dag.py:3089} INFO - Sync 1 DAGs
[2025-07-02T02:27:42.188+0000] {logging_mixin.py:188} INFO - [2025-07-02T02:27:42.188+0000] {dag.py:3111} INFO - Creating ORM DAG for spark_processing_pipeline_local
[2025-07-02T02:27:42.211+0000] {logging_mixin.py:188} INFO - [2025-07-02T02:27:42.211+0000] {dag.py:3947} INFO - Setting next_dagrun for spark_processing_pipeline_local to 2025-07-01 00:08:00+00:00, run_after=2025-07-02 00:08:00+00:00
[2025-07-02T02:27:42.267+0000] {processor.py:183} INFO - Processing /opt/airflow/dags/dag_local_fallback.py took 0.363 seconds
[2025-07-02T02:28:12.589+0000] {processor.py:161} INFO - Started process (PID=216) to work on /opt/airflow/dags/dag_local_fallback.py
[2025-07-02T02:28:12.590+0000] {processor.py:830} INFO - Processing file /opt/airflow/dags/dag_local_fallback.py for tasks to queue
[2025-07-02T02:28:12.593+0000] {logging_mixin.py:188} INFO - [2025-07-02T02:28:12.592+0000] {dagbag.py:545} INFO - Filling up the DagBag from /opt/airflow/dags/dag_local_fallback.py
[2025-07-02T02:28:12.607+0000] {logging_mixin.py:188} INFO - Successfully imported request_data
[2025-07-02T02:28:12.620+0000] {processor.py:840} INFO - DAG(s) 'spark_processing_pipeline_local' retrieved from /opt/airflow/dags/dag_local_fallback.py
[2025-07-02T02:28:12.657+0000] {logging_mixin.py:188} INFO - [2025-07-02T02:28:12.657+0000] {dag.py:3089} INFO - Sync 1 DAGs
[2025-07-02T02:28:12.683+0000] {logging_mixin.py:188} INFO - [2025-07-02T02:28:12.683+0000] {dag.py:3947} INFO - Setting next_dagrun for spark_processing_pipeline_local to 2025-07-01 00:08:00+00:00, run_after=2025-07-02 00:08:00+00:00
[2025-07-02T02:28:12.716+0000] {processor.py:183} INFO - Processing /opt/airflow/dags/dag_local_fallback.py took 0.134 seconds
[2025-07-02T02:28:43.286+0000] {processor.py:161} INFO - Started process (PID=245) to work on /opt/airflow/dags/dag_local_fallback.py
[2025-07-02T02:28:43.287+0000] {processor.py:830} INFO - Processing file /opt/airflow/dags/dag_local_fallback.py for tasks to queue
[2025-07-02T02:28:43.290+0000] {logging_mixin.py:188} INFO - [2025-07-02T02:28:43.289+0000] {dagbag.py:545} INFO - Filling up the DagBag from /opt/airflow/dags/dag_local_fallback.py
[2025-07-02T02:28:43.297+0000] {logging_mixin.py:188} INFO - Successfully imported request_data
[2025-07-02T02:28:43.307+0000] {processor.py:840} INFO - DAG(s) 'spark_processing_pipeline_local' retrieved from /opt/airflow/dags/dag_local_fallback.py
[2025-07-02T02:28:43.334+0000] {logging_mixin.py:188} INFO - [2025-07-02T02:28:43.334+0000] {dag.py:3089} INFO - Sync 1 DAGs
[2025-07-02T02:28:43.356+0000] {logging_mixin.py:188} INFO - [2025-07-02T02:28:43.356+0000] {dag.py:3947} INFO - Setting next_dagrun for spark_processing_pipeline_local to 2025-07-01 00:08:00+00:00, run_after=2025-07-02 00:08:00+00:00
[2025-07-02T02:28:43.388+0000] {processor.py:183} INFO - Processing /opt/airflow/dags/dag_local_fallback.py took 0.108 seconds
[2025-07-02T02:29:13.655+0000] {processor.py:161} INFO - Started process (PID=270) to work on /opt/airflow/dags/dag_local_fallback.py
[2025-07-02T02:29:13.656+0000] {processor.py:830} INFO - Processing file /opt/airflow/dags/dag_local_fallback.py for tasks to queue
[2025-07-02T02:29:13.658+0000] {logging_mixin.py:188} INFO - [2025-07-02T02:29:13.658+0000] {dagbag.py:545} INFO - Filling up the DagBag from /opt/airflow/dags/dag_local_fallback.py
[2025-07-02T02:29:13.667+0000] {logging_mixin.py:188} INFO - Successfully imported request_data
[2025-07-02T02:29:13.681+0000] {processor.py:840} INFO - DAG(s) 'spark_processing_pipeline_local' retrieved from /opt/airflow/dags/dag_local_fallback.py
[2025-07-02T02:29:13.715+0000] {logging_mixin.py:188} INFO - [2025-07-02T02:29:13.714+0000] {dag.py:3089} INFO - Sync 1 DAGs
[2025-07-02T02:29:13.740+0000] {logging_mixin.py:188} INFO - [2025-07-02T02:29:13.739+0000] {dag.py:3947} INFO - Setting next_dagrun for spark_processing_pipeline_local to 2025-07-01 00:08:00+00:00, run_after=2025-07-02 00:08:00+00:00
[2025-07-02T02:29:13.770+0000] {processor.py:183} INFO - Processing /opt/airflow/dags/dag_local_fallback.py took 0.122 seconds
[2025-07-02T02:29:44.142+0000] {processor.py:161} INFO - Started process (PID=296) to work on /opt/airflow/dags/dag_local_fallback.py
[2025-07-02T02:29:44.144+0000] {processor.py:830} INFO - Processing file /opt/airflow/dags/dag_local_fallback.py for tasks to queue
[2025-07-02T02:29:44.147+0000] {logging_mixin.py:188} INFO - [2025-07-02T02:29:44.146+0000] {dagbag.py:545} INFO - Filling up the DagBag from /opt/airflow/dags/dag_local_fallback.py
[2025-07-02T02:29:44.162+0000] {logging_mixin.py:188} INFO - Successfully imported request_data
[2025-07-02T02:29:44.174+0000] {processor.py:840} INFO - DAG(s) 'spark_processing_pipeline_local' retrieved from /opt/airflow/dags/dag_local_fallback.py
[2025-07-02T02:29:44.210+0000] {logging_mixin.py:188} INFO - [2025-07-02T02:29:44.209+0000] {dag.py:3089} INFO - Sync 1 DAGs
[2025-07-02T02:29:44.239+0000] {logging_mixin.py:188} INFO - [2025-07-02T02:29:44.239+0000] {dag.py:3947} INFO - Setting next_dagrun for spark_processing_pipeline_local to 2025-07-01 00:08:00+00:00, run_after=2025-07-02 00:08:00+00:00
[2025-07-02T02:29:44.274+0000] {processor.py:183} INFO - Processing /opt/airflow/dags/dag_local_fallback.py took 0.140 seconds
[2025-07-02T02:32:00.398+0000] {processor.py:161} INFO - Started process (PID=196) to work on /opt/airflow/dags/dag_local_fallback.py
[2025-07-02T02:32:00.399+0000] {processor.py:830} INFO - Processing file /opt/airflow/dags/dag_local_fallback.py for tasks to queue
[2025-07-02T02:32:00.403+0000] {logging_mixin.py:188} INFO - [2025-07-02T02:32:00.402+0000] {dagbag.py:545} INFO - Filling up the DagBag from /opt/airflow/dags/dag_local_fallback.py
[2025-07-02T02:32:00.410+0000] {logging_mixin.py:188} INFO - Successfully imported request_data
[2025-07-02T02:32:00.426+0000] {processor.py:840} INFO - DAG(s) 'spark_processing_pipeline_local' retrieved from /opt/airflow/dags/dag_local_fallback.py
[2025-07-02T02:32:00.590+0000] {logging_mixin.py:188} INFO - [2025-07-02T02:32:00.589+0000] {override.py:1858} INFO - Created Permission View: can edit on DAG:spark_processing_pipeline_local
[2025-07-02T02:32:00.617+0000] {logging_mixin.py:188} INFO - [2025-07-02T02:32:00.617+0000] {override.py:1858} INFO - Created Permission View: can delete on DAG:spark_processing_pipeline_local
[2025-07-02T02:32:00.635+0000] {logging_mixin.py:188} INFO - [2025-07-02T02:32:00.635+0000] {override.py:1858} INFO - Created Permission View: can read on DAG:spark_processing_pipeline_local
[2025-07-02T02:32:00.636+0000] {logging_mixin.py:188} INFO - [2025-07-02T02:32:00.636+0000] {dag.py:3089} INFO - Sync 1 DAGs
[2025-07-02T02:32:00.650+0000] {logging_mixin.py:188} INFO - [2025-07-02T02:32:00.650+0000] {dag.py:3111} INFO - Creating ORM DAG for spark_processing_pipeline_local
[2025-07-02T02:32:00.669+0000] {logging_mixin.py:188} INFO - [2025-07-02T02:32:00.669+0000] {dag.py:3947} INFO - Setting next_dagrun for spark_processing_pipeline_local to 2025-07-01 00:08:00+00:00, run_after=2025-07-02 00:08:00+00:00
[2025-07-02T02:32:00.714+0000] {processor.py:183} INFO - Processing /opt/airflow/dags/dag_local_fallback.py took 0.324 seconds
[2025-07-02T02:32:48.138+0000] {processor.py:161} INFO - Started process (PID=218) to work on /opt/airflow/dags/dag_local_fallback.py
[2025-07-02T02:32:48.139+0000] {processor.py:830} INFO - Processing file /opt/airflow/dags/dag_local_fallback.py for tasks to queue
[2025-07-02T02:32:48.141+0000] {logging_mixin.py:188} INFO - [2025-07-02T02:32:48.141+0000] {dagbag.py:545} INFO - Filling up the DagBag from /opt/airflow/dags/dag_local_fallback.py
[2025-07-02T02:32:48.176+0000] {logging_mixin.py:188} INFO - Successfully imported request_data
[2025-07-02T02:32:48.186+0000] {processor.py:840} INFO - DAG(s) 'spark_processing_pipeline_local' retrieved from /opt/airflow/dags/dag_local_fallback.py
[2025-07-02T02:32:48.225+0000] {logging_mixin.py:188} INFO - [2025-07-02T02:32:48.224+0000] {dag.py:3089} INFO - Sync 1 DAGs
[2025-07-02T02:32:48.273+0000] {logging_mixin.py:188} INFO - [2025-07-02T02:32:48.273+0000] {dag.py:3947} INFO - Setting next_dagrun for spark_processing_pipeline_local to 2025-07-01 00:08:00+00:00, run_after=2025-07-02 00:08:00+00:00
[2025-07-02T02:32:48.318+0000] {processor.py:183} INFO - Processing /opt/airflow/dags/dag_local_fallback.py took 0.188 seconds
[2025-07-02T02:33:18.486+0000] {processor.py:161} INFO - Started process (PID=243) to work on /opt/airflow/dags/dag_local_fallback.py
[2025-07-02T02:33:18.488+0000] {processor.py:830} INFO - Processing file /opt/airflow/dags/dag_local_fallback.py for tasks to queue
[2025-07-02T02:33:18.490+0000] {logging_mixin.py:188} INFO - [2025-07-02T02:33:18.490+0000] {dagbag.py:545} INFO - Filling up the DagBag from /opt/airflow/dags/dag_local_fallback.py
[2025-07-02T02:33:18.506+0000] {logging_mixin.py:188} INFO - Successfully imported request_data
[2025-07-02T02:33:18.516+0000] {processor.py:840} INFO - DAG(s) 'spark_processing_pipeline_local' retrieved from /opt/airflow/dags/dag_local_fallback.py
[2025-07-02T02:33:18.546+0000] {logging_mixin.py:188} INFO - [2025-07-02T02:33:18.546+0000] {dag.py:3089} INFO - Sync 1 DAGs
[2025-07-02T02:33:18.570+0000] {logging_mixin.py:188} INFO - [2025-07-02T02:33:18.570+0000] {dag.py:3947} INFO - Setting next_dagrun for spark_processing_pipeline_local to 2025-07-01 00:08:00+00:00, run_after=2025-07-02 00:08:00+00:00
[2025-07-02T02:33:18.601+0000] {processor.py:183} INFO - Processing /opt/airflow/dags/dag_local_fallback.py took 0.121 seconds
[2025-07-02T02:33:48.929+0000] {processor.py:161} INFO - Started process (PID=270) to work on /opt/airflow/dags/dag_local_fallback.py
[2025-07-02T02:33:48.930+0000] {processor.py:830} INFO - Processing file /opt/airflow/dags/dag_local_fallback.py for tasks to queue
[2025-07-02T02:33:48.932+0000] {logging_mixin.py:188} INFO - [2025-07-02T02:33:48.932+0000] {dagbag.py:545} INFO - Filling up the DagBag from /opt/airflow/dags/dag_local_fallback.py
[2025-07-02T02:33:48.938+0000] {logging_mixin.py:188} INFO - Successfully imported request_data
[2025-07-02T02:33:48.947+0000] {processor.py:840} INFO - DAG(s) 'spark_processing_pipeline_local' retrieved from /opt/airflow/dags/dag_local_fallback.py
[2025-07-02T02:33:48.973+0000] {logging_mixin.py:188} INFO - [2025-07-02T02:33:48.973+0000] {dag.py:3089} INFO - Sync 1 DAGs
[2025-07-02T02:33:48.997+0000] {logging_mixin.py:188} INFO - [2025-07-02T02:33:48.997+0000] {dag.py:3947} INFO - Setting next_dagrun for spark_processing_pipeline_local to 2025-07-01 00:08:00+00:00, run_after=2025-07-02 00:08:00+00:00
[2025-07-02T02:33:49.025+0000] {processor.py:183} INFO - Processing /opt/airflow/dags/dag_local_fallback.py took 0.102 seconds
[2025-07-02T02:34:19.373+0000] {processor.py:161} INFO - Started process (PID=297) to work on /opt/airflow/dags/dag_local_fallback.py
[2025-07-02T02:34:19.374+0000] {processor.py:830} INFO - Processing file /opt/airflow/dags/dag_local_fallback.py for tasks to queue
[2025-07-02T02:34:19.376+0000] {logging_mixin.py:188} INFO - [2025-07-02T02:34:19.376+0000] {dagbag.py:545} INFO - Filling up the DagBag from /opt/airflow/dags/dag_local_fallback.py
[2025-07-02T02:34:19.394+0000] {logging_mixin.py:188} INFO - Successfully imported request_data
[2025-07-02T02:34:19.405+0000] {processor.py:840} INFO - DAG(s) 'spark_processing_pipeline_local' retrieved from /opt/airflow/dags/dag_local_fallback.py
[2025-07-02T02:34:19.433+0000] {logging_mixin.py:188} INFO - [2025-07-02T02:34:19.433+0000] {dag.py:3089} INFO - Sync 1 DAGs
[2025-07-02T02:34:19.454+0000] {logging_mixin.py:188} INFO - [2025-07-02T02:34:19.454+0000] {dag.py:3947} INFO - Setting next_dagrun for spark_processing_pipeline_local to 2025-07-01 00:08:00+00:00, run_after=2025-07-02 00:08:00+00:00
[2025-07-02T02:34:19.487+0000] {processor.py:183} INFO - Processing /opt/airflow/dags/dag_local_fallback.py took 0.121 seconds
[2025-07-02T02:34:49.842+0000] {processor.py:161} INFO - Started process (PID=324) to work on /opt/airflow/dags/dag_local_fallback.py
[2025-07-02T02:34:49.843+0000] {processor.py:830} INFO - Processing file /opt/airflow/dags/dag_local_fallback.py for tasks to queue
[2025-07-02T02:34:49.846+0000] {logging_mixin.py:188} INFO - [2025-07-02T02:34:49.846+0000] {dagbag.py:545} INFO - Filling up the DagBag from /opt/airflow/dags/dag_local_fallback.py
[2025-07-02T02:34:49.883+0000] {logging_mixin.py:188} INFO - Successfully imported request_data
[2025-07-02T02:34:49.911+0000] {processor.py:840} INFO - DAG(s) 'spark_processing_pipeline_local' retrieved from /opt/airflow/dags/dag_local_fallback.py
[2025-07-02T02:34:49.954+0000] {logging_mixin.py:188} INFO - [2025-07-02T02:34:49.953+0000] {dag.py:3089} INFO - Sync 1 DAGs
[2025-07-02T02:34:49.982+0000] {logging_mixin.py:188} INFO - [2025-07-02T02:34:49.981+0000] {dag.py:3947} INFO - Setting next_dagrun for spark_processing_pipeline_local to 2025-07-01 00:08:00+00:00, run_after=2025-07-02 00:08:00+00:00
[2025-07-02T02:34:50.015+0000] {processor.py:183} INFO - Processing /opt/airflow/dags/dag_local_fallback.py took 0.181 seconds
[2025-07-02T02:35:20.350+0000] {processor.py:161} INFO - Started process (PID=351) to work on /opt/airflow/dags/dag_local_fallback.py
[2025-07-02T02:35:20.351+0000] {processor.py:830} INFO - Processing file /opt/airflow/dags/dag_local_fallback.py for tasks to queue
[2025-07-02T02:35:20.354+0000] {logging_mixin.py:188} INFO - [2025-07-02T02:35:20.353+0000] {dagbag.py:545} INFO - Filling up the DagBag from /opt/airflow/dags/dag_local_fallback.py
[2025-07-02T02:35:20.375+0000] {logging_mixin.py:188} INFO - Successfully imported request_data
[2025-07-02T02:35:20.392+0000] {processor.py:840} INFO - DAG(s) 'spark_processing_pipeline_local' retrieved from /opt/airflow/dags/dag_local_fallback.py
[2025-07-02T02:35:20.448+0000] {logging_mixin.py:188} INFO - [2025-07-02T02:35:20.448+0000] {dag.py:3089} INFO - Sync 1 DAGs
[2025-07-02T02:35:20.487+0000] {logging_mixin.py:188} INFO - [2025-07-02T02:35:20.487+0000] {dag.py:3947} INFO - Setting next_dagrun for spark_processing_pipeline_local to 2025-07-01 00:08:00+00:00, run_after=2025-07-02 00:08:00+00:00
[2025-07-02T02:35:20.536+0000] {processor.py:183} INFO - Processing /opt/airflow/dags/dag_local_fallback.py took 0.193 seconds
[2025-07-02T02:35:50.929+0000] {processor.py:161} INFO - Started process (PID=378) to work on /opt/airflow/dags/dag_local_fallback.py
[2025-07-02T02:35:50.930+0000] {processor.py:830} INFO - Processing file /opt/airflow/dags/dag_local_fallback.py for tasks to queue
[2025-07-02T02:35:50.933+0000] {logging_mixin.py:188} INFO - [2025-07-02T02:35:50.932+0000] {dagbag.py:545} INFO - Filling up the DagBag from /opt/airflow/dags/dag_local_fallback.py
[2025-07-02T02:35:50.943+0000] {logging_mixin.py:188} INFO - Successfully imported request_data
[2025-07-02T02:35:50.954+0000] {processor.py:840} INFO - DAG(s) 'spark_processing_pipeline_local' retrieved from /opt/airflow/dags/dag_local_fallback.py
[2025-07-02T02:35:50.987+0000] {logging_mixin.py:188} INFO - [2025-07-02T02:35:50.986+0000] {dag.py:3089} INFO - Sync 1 DAGs
[2025-07-02T02:35:51.014+0000] {logging_mixin.py:188} INFO - [2025-07-02T02:35:51.013+0000] {dag.py:3947} INFO - Setting next_dagrun for spark_processing_pipeline_local to 2025-07-01 00:08:00+00:00, run_after=2025-07-02 00:08:00+00:00
[2025-07-02T02:35:51.047+0000] {processor.py:183} INFO - Processing /opt/airflow/dags/dag_local_fallback.py took 0.127 seconds
[2025-07-02T02:36:21.407+0000] {processor.py:161} INFO - Started process (PID=404) to work on /opt/airflow/dags/dag_local_fallback.py
[2025-07-02T02:36:21.409+0000] {processor.py:830} INFO - Processing file /opt/airflow/dags/dag_local_fallback.py for tasks to queue
[2025-07-02T02:36:21.411+0000] {logging_mixin.py:188} INFO - [2025-07-02T02:36:21.411+0000] {dagbag.py:545} INFO - Filling up the DagBag from /opt/airflow/dags/dag_local_fallback.py
[2025-07-02T02:36:21.417+0000] {logging_mixin.py:188} INFO - Successfully imported request_data
[2025-07-02T02:36:21.428+0000] {processor.py:840} INFO - DAG(s) 'spark_processing_pipeline_local' retrieved from /opt/airflow/dags/dag_local_fallback.py
[2025-07-02T02:36:21.458+0000] {logging_mixin.py:188} INFO - [2025-07-02T02:36:21.458+0000] {dag.py:3089} INFO - Sync 1 DAGs
[2025-07-02T02:36:21.487+0000] {logging_mixin.py:188} INFO - [2025-07-02T02:36:21.486+0000] {dag.py:3947} INFO - Setting next_dagrun for spark_processing_pipeline_local to 2025-07-01 00:08:00+00:00, run_after=2025-07-02 00:08:00+00:00
[2025-07-02T02:36:21.524+0000] {processor.py:183} INFO - Processing /opt/airflow/dags/dag_local_fallback.py took 0.124 seconds
[2025-07-02T02:36:51.895+0000] {processor.py:161} INFO - Started process (PID=431) to work on /opt/airflow/dags/dag_local_fallback.py
[2025-07-02T02:36:51.896+0000] {processor.py:830} INFO - Processing file /opt/airflow/dags/dag_local_fallback.py for tasks to queue
[2025-07-02T02:36:51.899+0000] {logging_mixin.py:188} INFO - [2025-07-02T02:36:51.898+0000] {dagbag.py:545} INFO - Filling up the DagBag from /opt/airflow/dags/dag_local_fallback.py
[2025-07-02T02:36:51.913+0000] {logging_mixin.py:188} INFO - Successfully imported request_data
[2025-07-02T02:36:51.926+0000] {processor.py:840} INFO - DAG(s) 'spark_processing_pipeline_local' retrieved from /opt/airflow/dags/dag_local_fallback.py
[2025-07-02T02:36:51.960+0000] {logging_mixin.py:188} INFO - [2025-07-02T02:36:51.960+0000] {dag.py:3089} INFO - Sync 1 DAGs
[2025-07-02T02:36:51.986+0000] {logging_mixin.py:188} INFO - [2025-07-02T02:36:51.985+0000] {dag.py:3947} INFO - Setting next_dagrun for spark_processing_pipeline_local to 2025-07-01 00:08:00+00:00, run_after=2025-07-02 00:08:00+00:00
[2025-07-02T02:36:52.017+0000] {processor.py:183} INFO - Processing /opt/airflow/dags/dag_local_fallback.py took 0.129 seconds
[2025-07-02T02:37:22.388+0000] {processor.py:161} INFO - Started process (PID=459) to work on /opt/airflow/dags/dag_local_fallback.py
[2025-07-02T02:37:22.390+0000] {processor.py:830} INFO - Processing file /opt/airflow/dags/dag_local_fallback.py for tasks to queue
[2025-07-02T02:37:22.393+0000] {logging_mixin.py:188} INFO - [2025-07-02T02:37:22.393+0000] {dagbag.py:545} INFO - Filling up the DagBag from /opt/airflow/dags/dag_local_fallback.py
[2025-07-02T02:37:22.408+0000] {logging_mixin.py:188} INFO - Successfully imported request_data
[2025-07-02T02:37:22.418+0000] {processor.py:840} INFO - DAG(s) 'spark_processing_pipeline_local' retrieved from /opt/airflow/dags/dag_local_fallback.py
[2025-07-02T02:37:22.449+0000] {logging_mixin.py:188} INFO - [2025-07-02T02:37:22.448+0000] {dag.py:3089} INFO - Sync 1 DAGs
[2025-07-02T02:37:22.474+0000] {logging_mixin.py:188} INFO - [2025-07-02T02:37:22.473+0000] {dag.py:3947} INFO - Setting next_dagrun for spark_processing_pipeline_local to 2025-07-01 00:08:00+00:00, run_after=2025-07-02 00:08:00+00:00
[2025-07-02T02:37:22.514+0000] {processor.py:183} INFO - Processing /opt/airflow/dags/dag_local_fallback.py took 0.132 seconds
[2025-07-02T02:37:52.886+0000] {processor.py:161} INFO - Started process (PID=486) to work on /opt/airflow/dags/dag_local_fallback.py
[2025-07-02T02:37:52.888+0000] {processor.py:830} INFO - Processing file /opt/airflow/dags/dag_local_fallback.py for tasks to queue
[2025-07-02T02:37:52.890+0000] {logging_mixin.py:188} INFO - [2025-07-02T02:37:52.890+0000] {dagbag.py:545} INFO - Filling up the DagBag from /opt/airflow/dags/dag_local_fallback.py
[2025-07-02T02:37:52.903+0000] {logging_mixin.py:188} INFO - Successfully imported request_data
[2025-07-02T02:37:52.913+0000] {processor.py:840} INFO - DAG(s) 'spark_processing_pipeline_local' retrieved from /opt/airflow/dags/dag_local_fallback.py
[2025-07-02T02:37:52.943+0000] {logging_mixin.py:188} INFO - [2025-07-02T02:37:52.943+0000] {dag.py:3089} INFO - Sync 1 DAGs
[2025-07-02T02:37:52.967+0000] {logging_mixin.py:188} INFO - [2025-07-02T02:37:52.966+0000] {dag.py:3947} INFO - Setting next_dagrun for spark_processing_pipeline_local to 2025-07-01 00:08:00+00:00, run_after=2025-07-02 00:08:00+00:00
[2025-07-02T02:37:52.997+0000] {processor.py:183} INFO - Processing /opt/airflow/dags/dag_local_fallback.py took 0.118 seconds
[2025-07-02T02:38:23.406+0000] {processor.py:161} INFO - Started process (PID=513) to work on /opt/airflow/dags/dag_local_fallback.py
[2025-07-02T02:38:23.407+0000] {processor.py:830} INFO - Processing file /opt/airflow/dags/dag_local_fallback.py for tasks to queue
[2025-07-02T02:38:23.410+0000] {logging_mixin.py:188} INFO - [2025-07-02T02:38:23.409+0000] {dagbag.py:545} INFO - Filling up the DagBag from /opt/airflow/dags/dag_local_fallback.py
[2025-07-02T02:38:23.423+0000] {logging_mixin.py:188} INFO - Successfully imported request_data
[2025-07-02T02:38:23.435+0000] {processor.py:840} INFO - DAG(s) 'spark_processing_pipeline_local' retrieved from /opt/airflow/dags/dag_local_fallback.py
[2025-07-02T02:38:23.476+0000] {logging_mixin.py:188} INFO - [2025-07-02T02:38:23.476+0000] {dag.py:3089} INFO - Sync 1 DAGs
[2025-07-02T02:38:23.502+0000] {logging_mixin.py:188} INFO - [2025-07-02T02:38:23.502+0000] {dag.py:3947} INFO - Setting next_dagrun for spark_processing_pipeline_local to 2025-07-01 00:08:00+00:00, run_after=2025-07-02 00:08:00+00:00
[2025-07-02T02:38:23.537+0000] {processor.py:183} INFO - Processing /opt/airflow/dags/dag_local_fallback.py took 0.139 seconds
[2025-07-02T02:38:53.888+0000] {processor.py:161} INFO - Started process (PID=540) to work on /opt/airflow/dags/dag_local_fallback.py
[2025-07-02T02:38:53.890+0000] {processor.py:830} INFO - Processing file /opt/airflow/dags/dag_local_fallback.py for tasks to queue
[2025-07-02T02:38:53.894+0000] {logging_mixin.py:188} INFO - [2025-07-02T02:38:53.893+0000] {dagbag.py:545} INFO - Filling up the DagBag from /opt/airflow/dags/dag_local_fallback.py
[2025-07-02T02:38:53.902+0000] {logging_mixin.py:188} INFO - Successfully imported request_data
[2025-07-02T02:38:53.913+0000] {processor.py:840} INFO - DAG(s) 'spark_processing_pipeline_local' retrieved from /opt/airflow/dags/dag_local_fallback.py
[2025-07-02T02:38:53.948+0000] {logging_mixin.py:188} INFO - [2025-07-02T02:38:53.947+0000] {dag.py:3089} INFO - Sync 1 DAGs
[2025-07-02T02:38:53.976+0000] {logging_mixin.py:188} INFO - [2025-07-02T02:38:53.976+0000] {dag.py:3947} INFO - Setting next_dagrun for spark_processing_pipeline_local to 2025-07-01 00:08:00+00:00, run_after=2025-07-02 00:08:00+00:00
[2025-07-02T02:38:54.005+0000] {processor.py:183} INFO - Processing /opt/airflow/dags/dag_local_fallback.py took 0.123 seconds
[2025-07-02T02:39:24.342+0000] {processor.py:161} INFO - Started process (PID=567) to work on /opt/airflow/dags/dag_local_fallback.py
[2025-07-02T02:39:24.343+0000] {processor.py:830} INFO - Processing file /opt/airflow/dags/dag_local_fallback.py for tasks to queue
[2025-07-02T02:39:24.346+0000] {logging_mixin.py:188} INFO - [2025-07-02T02:39:24.346+0000] {dagbag.py:545} INFO - Filling up the DagBag from /opt/airflow/dags/dag_local_fallback.py
[2025-07-02T02:39:24.354+0000] {logging_mixin.py:188} INFO - Successfully imported request_data
[2025-07-02T02:39:24.367+0000] {processor.py:840} INFO - DAG(s) 'spark_processing_pipeline_local' retrieved from /opt/airflow/dags/dag_local_fallback.py
[2025-07-02T02:39:24.398+0000] {logging_mixin.py:188} INFO - [2025-07-02T02:39:24.398+0000] {dag.py:3089} INFO - Sync 1 DAGs
[2025-07-02T02:39:24.422+0000] {logging_mixin.py:188} INFO - [2025-07-02T02:39:24.422+0000] {dag.py:3947} INFO - Setting next_dagrun for spark_processing_pipeline_local to 2025-07-01 00:08:00+00:00, run_after=2025-07-02 00:08:00+00:00
[2025-07-02T02:39:24.451+0000] {processor.py:183} INFO - Processing /opt/airflow/dags/dag_local_fallback.py took 0.115 seconds
[2025-07-02T02:39:54.778+0000] {processor.py:161} INFO - Started process (PID=594) to work on /opt/airflow/dags/dag_local_fallback.py
[2025-07-02T02:39:54.779+0000] {processor.py:830} INFO - Processing file /opt/airflow/dags/dag_local_fallback.py for tasks to queue
[2025-07-02T02:39:54.782+0000] {logging_mixin.py:188} INFO - [2025-07-02T02:39:54.782+0000] {dagbag.py:545} INFO - Filling up the DagBag from /opt/airflow/dags/dag_local_fallback.py
[2025-07-02T02:39:54.788+0000] {logging_mixin.py:188} INFO - Successfully imported request_data
[2025-07-02T02:39:54.799+0000] {processor.py:840} INFO - DAG(s) 'spark_processing_pipeline_local' retrieved from /opt/airflow/dags/dag_local_fallback.py
[2025-07-02T02:39:54.827+0000] {logging_mixin.py:188} INFO - [2025-07-02T02:39:54.826+0000] {dag.py:3089} INFO - Sync 1 DAGs
[2025-07-02T02:39:54.852+0000] {logging_mixin.py:188} INFO - [2025-07-02T02:39:54.851+0000] {dag.py:3947} INFO - Setting next_dagrun for spark_processing_pipeline_local to 2025-07-01 00:08:00+00:00, run_after=2025-07-02 00:08:00+00:00
[2025-07-02T02:39:54.881+0000] {processor.py:183} INFO - Processing /opt/airflow/dags/dag_local_fallback.py took 0.108 seconds
[2025-07-02T02:40:25.206+0000] {processor.py:161} INFO - Started process (PID=621) to work on /opt/airflow/dags/dag_local_fallback.py
[2025-07-02T02:40:25.207+0000] {processor.py:830} INFO - Processing file /opt/airflow/dags/dag_local_fallback.py for tasks to queue
[2025-07-02T02:40:25.210+0000] {logging_mixin.py:188} INFO - [2025-07-02T02:40:25.210+0000] {dagbag.py:545} INFO - Filling up the DagBag from /opt/airflow/dags/dag_local_fallback.py
[2025-07-02T02:40:25.219+0000] {logging_mixin.py:188} INFO - Successfully imported request_data
[2025-07-02T02:40:25.231+0000] {processor.py:840} INFO - DAG(s) 'spark_processing_pipeline_local' retrieved from /opt/airflow/dags/dag_local_fallback.py
[2025-07-02T02:40:25.249+0000] {logging_mixin.py:188} INFO - [2025-07-02T02:40:25.248+0000] {dag.py:3089} INFO - Sync 1 DAGs
[2025-07-02T02:40:25.272+0000] {logging_mixin.py:188} INFO - [2025-07-02T02:40:25.272+0000] {dag.py:3947} INFO - Setting next_dagrun for spark_processing_pipeline_local to 2025-07-01 00:08:00+00:00, run_after=2025-07-02 00:08:00+00:00
[2025-07-02T02:40:25.307+0000] {processor.py:183} INFO - Processing /opt/airflow/dags/dag_local_fallback.py took 0.108 seconds
[2025-07-02T02:40:55.961+0000] {processor.py:161} INFO - Started process (PID=650) to work on /opt/airflow/dags/dag_local_fallback.py
[2025-07-02T02:40:55.962+0000] {processor.py:830} INFO - Processing file /opt/airflow/dags/dag_local_fallback.py for tasks to queue
[2025-07-02T02:40:55.966+0000] {logging_mixin.py:188} INFO - [2025-07-02T02:40:55.965+0000] {dagbag.py:545} INFO - Filling up the DagBag from /opt/airflow/dags/dag_local_fallback.py
[2025-07-02T02:40:55.971+0000] {logging_mixin.py:188} INFO - Successfully imported request_data
[2025-07-02T02:40:55.982+0000] {processor.py:840} INFO - DAG(s) 'spark_processing_pipeline_local' retrieved from /opt/airflow/dags/dag_local_fallback.py
[2025-07-02T02:40:56.091+0000] {logging_mixin.py:188} INFO - [2025-07-02T02:40:56.091+0000] {dag.py:3089} INFO - Sync 1 DAGs
[2025-07-02T02:40:56.112+0000] {logging_mixin.py:188} INFO - [2025-07-02T02:40:56.112+0000] {dag.py:3947} INFO - Setting next_dagrun for spark_processing_pipeline_local to 2025-07-01 00:08:00+00:00, run_after=2025-07-02 00:08:00+00:00
[2025-07-02T02:40:56.142+0000] {processor.py:183} INFO - Processing /opt/airflow/dags/dag_local_fallback.py took 0.187 seconds
[2025-07-02T02:41:26.311+0000] {processor.py:161} INFO - Started process (PID=675) to work on /opt/airflow/dags/dag_local_fallback.py
[2025-07-02T02:41:26.312+0000] {processor.py:830} INFO - Processing file /opt/airflow/dags/dag_local_fallback.py for tasks to queue
[2025-07-02T02:41:26.315+0000] {logging_mixin.py:188} INFO - [2025-07-02T02:41:26.314+0000] {dagbag.py:545} INFO - Filling up the DagBag from /opt/airflow/dags/dag_local_fallback.py
[2025-07-02T02:41:26.325+0000] {logging_mixin.py:188} INFO - Successfully imported request_data
[2025-07-02T02:41:26.336+0000] {processor.py:840} INFO - DAG(s) 'spark_processing_pipeline_local' retrieved from /opt/airflow/dags/dag_local_fallback.py
[2025-07-02T02:41:26.368+0000] {logging_mixin.py:188} INFO - [2025-07-02T02:41:26.367+0000] {dag.py:3089} INFO - Sync 1 DAGs
[2025-07-02T02:41:26.391+0000] {logging_mixin.py:188} INFO - [2025-07-02T02:41:26.391+0000] {dag.py:3947} INFO - Setting next_dagrun for spark_processing_pipeline_local to 2025-07-01 00:08:00+00:00, run_after=2025-07-02 00:08:00+00:00
[2025-07-02T02:41:26.421+0000] {processor.py:183} INFO - Processing /opt/airflow/dags/dag_local_fallback.py took 0.118 seconds
[2025-07-02T02:46:25.730+0000] {processor.py:161} INFO - Started process (PID=196) to work on /opt/airflow/dags/dag_local_fallback.py
[2025-07-02T02:46:25.732+0000] {processor.py:830} INFO - Processing file /opt/airflow/dags/dag_local_fallback.py for tasks to queue
[2025-07-02T02:46:25.735+0000] {logging_mixin.py:188} INFO - [2025-07-02T02:46:25.734+0000] {dagbag.py:545} INFO - Filling up the DagBag from /opt/airflow/dags/dag_local_fallback.py
[2025-07-02T02:46:25.747+0000] {logging_mixin.py:188} INFO - Successfully imported request_data
[2025-07-02T02:46:25.762+0000] {processor.py:840} INFO - DAG(s) 'spark_processing_pipeline_local' retrieved from /opt/airflow/dags/dag_local_fallback.py
[2025-07-02T02:46:25.925+0000] {logging_mixin.py:188} INFO - [2025-07-02T02:46:25.924+0000] {override.py:1858} INFO - Created Permission View: can edit on DAG:spark_processing_pipeline_local
[2025-07-02T02:46:25.954+0000] {logging_mixin.py:188} INFO - [2025-07-02T02:46:25.953+0000] {override.py:1858} INFO - Created Permission View: can read on DAG:spark_processing_pipeline_local
[2025-07-02T02:46:25.976+0000] {logging_mixin.py:188} INFO - [2025-07-02T02:46:25.975+0000] {override.py:1858} INFO - Created Permission View: can delete on DAG:spark_processing_pipeline_local
[2025-07-02T02:46:25.977+0000] {logging_mixin.py:188} INFO - [2025-07-02T02:46:25.976+0000] {dag.py:3089} INFO - Sync 1 DAGs
[2025-07-02T02:46:25.994+0000] {logging_mixin.py:188} INFO - [2025-07-02T02:46:25.994+0000] {dag.py:3111} INFO - Creating ORM DAG for spark_processing_pipeline_local
[2025-07-02T02:46:26.012+0000] {logging_mixin.py:188} INFO - [2025-07-02T02:46:26.011+0000] {dag.py:3947} INFO - Setting next_dagrun for spark_processing_pipeline_local to 2025-07-01 00:08:00+00:00, run_after=2025-07-02 00:08:00+00:00
[2025-07-02T02:46:26.062+0000] {processor.py:183} INFO - Processing /opt/airflow/dags/dag_local_fallback.py took 0.338 seconds
[2025-07-02T02:50:05.797+0000] {processor.py:161} INFO - Started process (PID=196) to work on /opt/airflow/dags/dag_local_fallback.py
[2025-07-02T02:50:05.800+0000] {processor.py:830} INFO - Processing file /opt/airflow/dags/dag_local_fallback.py for tasks to queue
[2025-07-02T02:50:05.802+0000] {logging_mixin.py:188} INFO - [2025-07-02T02:50:05.802+0000] {dagbag.py:545} INFO - Filling up the DagBag from /opt/airflow/dags/dag_local_fallback.py
[2025-07-02T02:50:05.813+0000] {logging_mixin.py:188} INFO - Successfully imported request_data
[2025-07-02T02:50:05.827+0000] {processor.py:840} INFO - DAG(s) 'spark_processing_pipeline_local' retrieved from /opt/airflow/dags/dag_local_fallback.py
[2025-07-02T02:50:06.021+0000] {logging_mixin.py:188} INFO - [2025-07-02T02:50:06.020+0000] {override.py:1858} INFO - Created Permission View: can delete on DAG:spark_processing_pipeline_local
[2025-07-02T02:50:06.044+0000] {logging_mixin.py:188} INFO - [2025-07-02T02:50:06.043+0000] {override.py:1858} INFO - Created Permission View: can read on DAG:spark_processing_pipeline_local
[2025-07-02T02:50:06.063+0000] {logging_mixin.py:188} INFO - [2025-07-02T02:50:06.062+0000] {override.py:1858} INFO - Created Permission View: can edit on DAG:spark_processing_pipeline_local
[2025-07-02T02:50:06.064+0000] {logging_mixin.py:188} INFO - [2025-07-02T02:50:06.064+0000] {dag.py:3089} INFO - Sync 1 DAGs
[2025-07-02T02:50:06.078+0000] {logging_mixin.py:188} INFO - [2025-07-02T02:50:06.078+0000] {dag.py:3111} INFO - Creating ORM DAG for spark_processing_pipeline_local
[2025-07-02T02:50:06.097+0000] {logging_mixin.py:188} INFO - [2025-07-02T02:50:06.097+0000] {dag.py:3947} INFO - Setting next_dagrun for spark_processing_pipeline_local to 2025-07-01 00:08:00+00:00, run_after=2025-07-02 00:08:00+00:00
[2025-07-02T02:50:06.138+0000] {processor.py:183} INFO - Processing /opt/airflow/dags/dag_local_fallback.py took 0.351 seconds
[2025-07-02T02:50:41.005+0000] {processor.py:161} INFO - Started process (PID=225) to work on /opt/airflow/dags/dag_local_fallback.py
[2025-07-02T02:50:41.006+0000] {processor.py:830} INFO - Processing file /opt/airflow/dags/dag_local_fallback.py for tasks to queue
[2025-07-02T02:50:41.009+0000] {logging_mixin.py:188} INFO - [2025-07-02T02:50:41.008+0000] {dagbag.py:545} INFO - Filling up the DagBag from /opt/airflow/dags/dag_local_fallback.py
[2025-07-02T02:50:41.016+0000] {logging_mixin.py:188} INFO - Successfully imported request_data
[2025-07-02T02:50:41.027+0000] {processor.py:840} INFO - DAG(s) 'spark_processing_pipeline_local' retrieved from /opt/airflow/dags/dag_local_fallback.py
[2025-07-02T02:50:41.056+0000] {logging_mixin.py:188} INFO - [2025-07-02T02:50:41.055+0000] {dag.py:3089} INFO - Sync 1 DAGs
[2025-07-02T02:50:41.108+0000] {logging_mixin.py:188} INFO - [2025-07-02T02:50:41.108+0000] {dag.py:3947} INFO - Setting next_dagrun for spark_processing_pipeline_local to 2025-07-01 00:08:00+00:00, run_after=2025-07-02 00:08:00+00:00
[2025-07-02T02:50:41.141+0000] {processor.py:183} INFO - Processing /opt/airflow/dags/dag_local_fallback.py took 0.143 seconds
[2025-07-02T02:51:11.273+0000] {processor.py:161} INFO - Started process (PID=245) to work on /opt/airflow/dags/dag_local_fallback.py
[2025-07-02T02:51:11.274+0000] {processor.py:830} INFO - Processing file /opt/airflow/dags/dag_local_fallback.py for tasks to queue
[2025-07-02T02:51:11.277+0000] {logging_mixin.py:188} INFO - [2025-07-02T02:51:11.276+0000] {dagbag.py:545} INFO - Filling up the DagBag from /opt/airflow/dags/dag_local_fallback.py
[2025-07-02T02:51:11.283+0000] {logging_mixin.py:188} INFO - Successfully imported request_data
[2025-07-02T02:51:11.293+0000] {processor.py:840} INFO - DAG(s) 'spark_processing_pipeline_local' retrieved from /opt/airflow/dags/dag_local_fallback.py
[2025-07-02T02:51:11.319+0000] {logging_mixin.py:188} INFO - [2025-07-02T02:51:11.319+0000] {dag.py:3089} INFO - Sync 1 DAGs
[2025-07-02T02:51:11.341+0000] {logging_mixin.py:188} INFO - [2025-07-02T02:51:11.341+0000] {dag.py:3947} INFO - Setting next_dagrun for spark_processing_pipeline_local to 2025-07-01 00:08:00+00:00, run_after=2025-07-02 00:08:00+00:00
[2025-07-02T02:51:11.377+0000] {processor.py:183} INFO - Processing /opt/airflow/dags/dag_local_fallback.py took 0.110 seconds
[2025-07-02T02:51:41.611+0000] {processor.py:161} INFO - Started process (PID=270) to work on /opt/airflow/dags/dag_local_fallback.py
[2025-07-02T02:51:41.612+0000] {processor.py:830} INFO - Processing file /opt/airflow/dags/dag_local_fallback.py for tasks to queue
[2025-07-02T02:51:41.615+0000] {logging_mixin.py:188} INFO - [2025-07-02T02:51:41.614+0000] {dagbag.py:545} INFO - Filling up the DagBag from /opt/airflow/dags/dag_local_fallback.py
[2025-07-02T02:51:41.622+0000] {logging_mixin.py:188} INFO - Successfully imported request_data
[2025-07-02T02:51:41.634+0000] {processor.py:840} INFO - DAG(s) 'spark_processing_pipeline_local' retrieved from /opt/airflow/dags/dag_local_fallback.py
[2025-07-02T02:51:41.666+0000] {logging_mixin.py:188} INFO - [2025-07-02T02:51:41.666+0000] {dag.py:3089} INFO - Sync 1 DAGs
[2025-07-02T02:51:41.691+0000] {logging_mixin.py:188} INFO - [2025-07-02T02:51:41.690+0000] {dag.py:3947} INFO - Setting next_dagrun for spark_processing_pipeline_local to 2025-07-01 00:08:00+00:00, run_after=2025-07-02 00:08:00+00:00
[2025-07-02T02:51:41.720+0000] {processor.py:183} INFO - Processing /opt/airflow/dags/dag_local_fallback.py took 0.115 seconds
[2025-07-02T02:53:39.616+0000] {processor.py:161} INFO - Started process (PID=197) to work on /opt/airflow/dags/dag_local_fallback.py
[2025-07-02T02:53:39.617+0000] {processor.py:830} INFO - Processing file /opt/airflow/dags/dag_local_fallback.py for tasks to queue
[2025-07-02T02:53:39.623+0000] {logging_mixin.py:188} INFO - [2025-07-02T02:53:39.623+0000] {dagbag.py:545} INFO - Filling up the DagBag from /opt/airflow/dags/dag_local_fallback.py
[2025-07-02T02:53:39.631+0000] {logging_mixin.py:188} INFO - Successfully imported request_data
[2025-07-02T02:53:39.645+0000] {processor.py:840} INFO - DAG(s) 'spark_processing_pipeline_local' retrieved from /opt/airflow/dags/dag_local_fallback.py
[2025-07-02T02:53:39.864+0000] {logging_mixin.py:188} INFO - [2025-07-02T02:53:39.864+0000] {override.py:1858} INFO - Created Permission View: can read on DAG:spark_processing_pipeline_local
[2025-07-02T02:53:39.895+0000] {logging_mixin.py:188} INFO - [2025-07-02T02:53:39.894+0000] {override.py:1858} INFO - Created Permission View: can delete on DAG:spark_processing_pipeline_local
[2025-07-02T02:53:39.915+0000] {logging_mixin.py:188} INFO - [2025-07-02T02:53:39.915+0000] {override.py:1858} INFO - Created Permission View: can edit on DAG:spark_processing_pipeline_local
[2025-07-02T02:53:39.916+0000] {logging_mixin.py:188} INFO - [2025-07-02T02:53:39.916+0000] {dag.py:3089} INFO - Sync 1 DAGs
[2025-07-02T02:53:39.934+0000] {logging_mixin.py:188} INFO - [2025-07-02T02:53:39.934+0000] {dag.py:3111} INFO - Creating ORM DAG for spark_processing_pipeline_local
[2025-07-02T02:53:39.953+0000] {logging_mixin.py:188} INFO - [2025-07-02T02:53:39.952+0000] {dag.py:3947} INFO - Setting next_dagrun for spark_processing_pipeline_local to 2025-07-01 00:08:00+00:00, run_after=2025-07-02 00:08:00+00:00
[2025-07-02T02:53:39.989+0000] {processor.py:183} INFO - Processing /opt/airflow/dags/dag_local_fallback.py took 0.382 seconds
[2025-07-02T02:54:19.922+0000] {processor.py:161} INFO - Started process (PID=223) to work on /opt/airflow/dags/dag_local_fallback.py
[2025-07-02T02:54:19.923+0000] {processor.py:830} INFO - Processing file /opt/airflow/dags/dag_local_fallback.py for tasks to queue
[2025-07-02T02:54:19.926+0000] {logging_mixin.py:188} INFO - [2025-07-02T02:54:19.925+0000] {dagbag.py:545} INFO - Filling up the DagBag from /opt/airflow/dags/dag_local_fallback.py
[2025-07-02T02:54:19.932+0000] {logging_mixin.py:188} INFO - Successfully imported request_data
[2025-07-02T02:54:19.942+0000] {processor.py:840} INFO - DAG(s) 'spark_processing_pipeline_local' retrieved from /opt/airflow/dags/dag_local_fallback.py
[2025-07-02T02:54:19.970+0000] {logging_mixin.py:188} INFO - [2025-07-02T02:54:19.969+0000] {dag.py:3089} INFO - Sync 1 DAGs
[2025-07-02T02:54:19.994+0000] {logging_mixin.py:188} INFO - [2025-07-02T02:54:19.994+0000] {dag.py:3947} INFO - Setting next_dagrun for spark_processing_pipeline_local to 2025-07-01 00:08:00+00:00, run_after=2025-07-02 00:08:00+00:00
[2025-07-02T02:54:20.026+0000] {processor.py:183} INFO - Processing /opt/airflow/dags/dag_local_fallback.py took 0.110 seconds
[2025-07-02T02:54:50.298+0000] {processor.py:161} INFO - Started process (PID=241) to work on /opt/airflow/dags/dag_local_fallback.py
[2025-07-02T02:54:50.300+0000] {processor.py:830} INFO - Processing file /opt/airflow/dags/dag_local_fallback.py for tasks to queue
[2025-07-02T02:54:50.303+0000] {logging_mixin.py:188} INFO - [2025-07-02T02:54:50.302+0000] {dagbag.py:545} INFO - Filling up the DagBag from /opt/airflow/dags/dag_local_fallback.py
[2025-07-02T02:54:50.310+0000] {logging_mixin.py:188} INFO - Successfully imported request_data
[2025-07-02T02:54:50.322+0000] {processor.py:840} INFO - DAG(s) 'spark_processing_pipeline_local' retrieved from /opt/airflow/dags/dag_local_fallback.py
[2025-07-02T02:54:50.354+0000] {logging_mixin.py:188} INFO - [2025-07-02T02:54:50.354+0000] {dag.py:3089} INFO - Sync 1 DAGs
[2025-07-02T02:54:50.382+0000] {logging_mixin.py:188} INFO - [2025-07-02T02:54:50.381+0000] {dag.py:3947} INFO - Setting next_dagrun for spark_processing_pipeline_local to 2025-07-01 00:08:00+00:00, run_after=2025-07-02 00:08:00+00:00
[2025-07-02T02:54:50.413+0000] {processor.py:183} INFO - Processing /opt/airflow/dags/dag_local_fallback.py took 0.122 seconds
[2025-07-02T02:55:20.781+0000] {processor.py:161} INFO - Started process (PID=268) to work on /opt/airflow/dags/dag_local_fallback.py
[2025-07-02T02:55:20.783+0000] {processor.py:830} INFO - Processing file /opt/airflow/dags/dag_local_fallback.py for tasks to queue
[2025-07-02T02:55:20.785+0000] {logging_mixin.py:188} INFO - [2025-07-02T02:55:20.785+0000] {dagbag.py:545} INFO - Filling up the DagBag from /opt/airflow/dags/dag_local_fallback.py
[2025-07-02T02:55:20.793+0000] {logging_mixin.py:188} INFO - Successfully imported request_data
[2025-07-02T02:55:20.803+0000] {processor.py:840} INFO - DAG(s) 'spark_processing_pipeline_local' retrieved from /opt/airflow/dags/dag_local_fallback.py
[2025-07-02T02:55:20.832+0000] {logging_mixin.py:188} INFO - [2025-07-02T02:55:20.832+0000] {dag.py:3089} INFO - Sync 1 DAGs
[2025-07-02T02:55:20.854+0000] {logging_mixin.py:188} INFO - [2025-07-02T02:55:20.854+0000] {dag.py:3947} INFO - Setting next_dagrun for spark_processing_pipeline_local to 2025-07-01 00:08:00+00:00, run_after=2025-07-02 00:08:00+00:00
[2025-07-02T02:55:20.886+0000] {processor.py:183} INFO - Processing /opt/airflow/dags/dag_local_fallback.py took 0.111 seconds
[2025-07-02T02:55:51.269+0000] {processor.py:161} INFO - Started process (PID=295) to work on /opt/airflow/dags/dag_local_fallback.py
[2025-07-02T02:55:51.271+0000] {processor.py:830} INFO - Processing file /opt/airflow/dags/dag_local_fallback.py for tasks to queue
[2025-07-02T02:55:51.276+0000] {logging_mixin.py:188} INFO - [2025-07-02T02:55:51.275+0000] {dagbag.py:545} INFO - Filling up the DagBag from /opt/airflow/dags/dag_local_fallback.py
[2025-07-02T02:55:51.286+0000] {logging_mixin.py:188} INFO - Successfully imported request_data
[2025-07-02T02:55:51.296+0000] {processor.py:840} INFO - DAG(s) 'spark_processing_pipeline_local' retrieved from /opt/airflow/dags/dag_local_fallback.py
[2025-07-02T02:55:51.328+0000] {logging_mixin.py:188} INFO - [2025-07-02T02:55:51.328+0000] {dag.py:3089} INFO - Sync 1 DAGs
[2025-07-02T02:55:51.349+0000] {logging_mixin.py:188} INFO - [2025-07-02T02:55:51.349+0000] {dag.py:3947} INFO - Setting next_dagrun for spark_processing_pipeline_local to 2025-07-01 00:08:00+00:00, run_after=2025-07-02 00:08:00+00:00
[2025-07-02T02:55:51.379+0000] {processor.py:183} INFO - Processing /opt/airflow/dags/dag_local_fallback.py took 0.116 seconds
[2025-07-02T02:56:21.739+0000] {processor.py:161} INFO - Started process (PID=322) to work on /opt/airflow/dags/dag_local_fallback.py
[2025-07-02T02:56:21.740+0000] {processor.py:830} INFO - Processing file /opt/airflow/dags/dag_local_fallback.py for tasks to queue
[2025-07-02T02:56:21.742+0000] {logging_mixin.py:188} INFO - [2025-07-02T02:56:21.742+0000] {dagbag.py:545} INFO - Filling up the DagBag from /opt/airflow/dags/dag_local_fallback.py
[2025-07-02T02:56:21.752+0000] {logging_mixin.py:188} INFO - Successfully imported request_data
[2025-07-02T02:56:21.762+0000] {processor.py:840} INFO - DAG(s) 'spark_processing_pipeline_local' retrieved from /opt/airflow/dags/dag_local_fallback.py
[2025-07-02T02:56:21.792+0000] {logging_mixin.py:188} INFO - [2025-07-02T02:56:21.792+0000] {dag.py:3089} INFO - Sync 1 DAGs
[2025-07-02T02:56:21.816+0000] {logging_mixin.py:188} INFO - [2025-07-02T02:56:21.816+0000] {dag.py:3947} INFO - Setting next_dagrun for spark_processing_pipeline_local to 2025-07-01 00:08:00+00:00, run_after=2025-07-02 00:08:00+00:00
[2025-07-02T02:56:21.845+0000] {processor.py:183} INFO - Processing /opt/airflow/dags/dag_local_fallback.py took 0.113 seconds
[2025-07-02T02:56:52.235+0000] {processor.py:161} INFO - Started process (PID=348) to work on /opt/airflow/dags/dag_local_fallback.py
[2025-07-02T02:56:52.236+0000] {processor.py:830} INFO - Processing file /opt/airflow/dags/dag_local_fallback.py for tasks to queue
[2025-07-02T02:56:52.239+0000] {logging_mixin.py:188} INFO - [2025-07-02T02:56:52.238+0000] {dagbag.py:545} INFO - Filling up the DagBag from /opt/airflow/dags/dag_local_fallback.py
[2025-07-02T02:56:52.250+0000] {logging_mixin.py:188} INFO - Successfully imported request_data
[2025-07-02T02:56:52.262+0000] {processor.py:840} INFO - DAG(s) 'spark_processing_pipeline_local' retrieved from /opt/airflow/dags/dag_local_fallback.py
[2025-07-02T02:56:52.300+0000] {logging_mixin.py:188} INFO - [2025-07-02T02:56:52.300+0000] {dag.py:3089} INFO - Sync 1 DAGs
[2025-07-02T02:56:52.329+0000] {logging_mixin.py:188} INFO - [2025-07-02T02:56:52.329+0000] {dag.py:3947} INFO - Setting next_dagrun for spark_processing_pipeline_local to 2025-07-01 00:08:00+00:00, run_after=2025-07-02 00:08:00+00:00
[2025-07-02T02:56:52.370+0000] {processor.py:183} INFO - Processing /opt/airflow/dags/dag_local_fallback.py took 0.142 seconds
[2025-07-02T02:57:22.707+0000] {processor.py:161} INFO - Started process (PID=375) to work on /opt/airflow/dags/dag_local_fallback.py
[2025-07-02T02:57:22.708+0000] {processor.py:830} INFO - Processing file /opt/airflow/dags/dag_local_fallback.py for tasks to queue
[2025-07-02T02:57:22.711+0000] {logging_mixin.py:188} INFO - [2025-07-02T02:57:22.710+0000] {dagbag.py:545} INFO - Filling up the DagBag from /opt/airflow/dags/dag_local_fallback.py
[2025-07-02T02:57:22.720+0000] {logging_mixin.py:188} INFO - Successfully imported request_data
[2025-07-02T02:57:22.731+0000] {processor.py:840} INFO - DAG(s) 'spark_processing_pipeline_local' retrieved from /opt/airflow/dags/dag_local_fallback.py
[2025-07-02T02:57:22.760+0000] {logging_mixin.py:188} INFO - [2025-07-02T02:57:22.759+0000] {dag.py:3089} INFO - Sync 1 DAGs
[2025-07-02T02:57:22.783+0000] {logging_mixin.py:188} INFO - [2025-07-02T02:57:22.783+0000] {dag.py:3947} INFO - Setting next_dagrun for spark_processing_pipeline_local to 2025-07-01 00:08:00+00:00, run_after=2025-07-02 00:08:00+00:00
[2025-07-02T02:57:22.814+0000] {processor.py:183} INFO - Processing /opt/airflow/dags/dag_local_fallback.py took 0.113 seconds
[2025-07-02T02:57:53.180+0000] {processor.py:161} INFO - Started process (PID=402) to work on /opt/airflow/dags/dag_local_fallback.py
[2025-07-02T02:57:53.182+0000] {processor.py:830} INFO - Processing file /opt/airflow/dags/dag_local_fallback.py for tasks to queue
[2025-07-02T02:57:53.184+0000] {logging_mixin.py:188} INFO - [2025-07-02T02:57:53.184+0000] {dagbag.py:545} INFO - Filling up the DagBag from /opt/airflow/dags/dag_local_fallback.py
[2025-07-02T02:57:53.197+0000] {logging_mixin.py:188} INFO - Successfully imported request_data
[2025-07-02T02:57:53.207+0000] {processor.py:840} INFO - DAG(s) 'spark_processing_pipeline_local' retrieved from /opt/airflow/dags/dag_local_fallback.py
[2025-07-02T02:57:53.238+0000] {logging_mixin.py:188} INFO - [2025-07-02T02:57:53.237+0000] {dag.py:3089} INFO - Sync 1 DAGs
[2025-07-02T02:57:53.261+0000] {logging_mixin.py:188} INFO - [2025-07-02T02:57:53.261+0000] {dag.py:3947} INFO - Setting next_dagrun for spark_processing_pipeline_local to 2025-07-01 00:08:00+00:00, run_after=2025-07-02 00:08:00+00:00
[2025-07-02T02:57:53.296+0000] {processor.py:183} INFO - Processing /opt/airflow/dags/dag_local_fallback.py took 0.122 seconds
[2025-07-02T02:58:23.658+0000] {processor.py:161} INFO - Started process (PID=429) to work on /opt/airflow/dags/dag_local_fallback.py
[2025-07-02T02:58:23.659+0000] {processor.py:830} INFO - Processing file /opt/airflow/dags/dag_local_fallback.py for tasks to queue
[2025-07-02T02:58:23.662+0000] {logging_mixin.py:188} INFO - [2025-07-02T02:58:23.661+0000] {dagbag.py:545} INFO - Filling up the DagBag from /opt/airflow/dags/dag_local_fallback.py
[2025-07-02T02:58:23.668+0000] {logging_mixin.py:188} INFO - Successfully imported request_data
[2025-07-02T02:58:23.678+0000] {processor.py:840} INFO - DAG(s) 'spark_processing_pipeline_local' retrieved from /opt/airflow/dags/dag_local_fallback.py
[2025-07-02T02:58:23.709+0000] {logging_mixin.py:188} INFO - [2025-07-02T02:58:23.709+0000] {dag.py:3089} INFO - Sync 1 DAGs
[2025-07-02T02:58:23.734+0000] {logging_mixin.py:188} INFO - [2025-07-02T02:58:23.734+0000] {dag.py:3947} INFO - Setting next_dagrun for spark_processing_pipeline_local to 2025-07-01 00:08:00+00:00, run_after=2025-07-02 00:08:00+00:00
[2025-07-02T02:58:23.762+0000] {processor.py:183} INFO - Processing /opt/airflow/dags/dag_local_fallback.py took 0.111 seconds
[2025-07-02T02:58:54.156+0000] {processor.py:161} INFO - Started process (PID=456) to work on /opt/airflow/dags/dag_local_fallback.py
[2025-07-02T02:58:54.158+0000] {processor.py:830} INFO - Processing file /opt/airflow/dags/dag_local_fallback.py for tasks to queue
[2025-07-02T02:58:54.160+0000] {logging_mixin.py:188} INFO - [2025-07-02T02:58:54.160+0000] {dagbag.py:545} INFO - Filling up the DagBag from /opt/airflow/dags/dag_local_fallback.py
[2025-07-02T02:58:54.167+0000] {logging_mixin.py:188} INFO - Successfully imported request_data
[2025-07-02T02:58:54.178+0000] {processor.py:840} INFO - DAG(s) 'spark_processing_pipeline_local' retrieved from /opt/airflow/dags/dag_local_fallback.py
[2025-07-02T02:58:54.210+0000] {logging_mixin.py:188} INFO - [2025-07-02T02:58:54.209+0000] {dag.py:3089} INFO - Sync 1 DAGs
[2025-07-02T02:58:54.237+0000] {logging_mixin.py:188} INFO - [2025-07-02T02:58:54.237+0000] {dag.py:3947} INFO - Setting next_dagrun for spark_processing_pipeline_local to 2025-07-01 00:08:00+00:00, run_after=2025-07-02 00:08:00+00:00
[2025-07-02T02:58:54.263+0000] {processor.py:183} INFO - Processing /opt/airflow/dags/dag_local_fallback.py took 0.113 seconds
[2025-07-02T02:59:24.600+0000] {processor.py:161} INFO - Started process (PID=483) to work on /opt/airflow/dags/dag_local_fallback.py
[2025-07-02T02:59:24.601+0000] {processor.py:830} INFO - Processing file /opt/airflow/dags/dag_local_fallback.py for tasks to queue
[2025-07-02T02:59:24.603+0000] {logging_mixin.py:188} INFO - [2025-07-02T02:59:24.603+0000] {dagbag.py:545} INFO - Filling up the DagBag from /opt/airflow/dags/dag_local_fallback.py
[2025-07-02T02:59:24.611+0000] {logging_mixin.py:188} INFO - Successfully imported request_data
[2025-07-02T02:59:24.621+0000] {processor.py:840} INFO - DAG(s) 'spark_processing_pipeline_local' retrieved from /opt/airflow/dags/dag_local_fallback.py
[2025-07-02T02:59:24.654+0000] {logging_mixin.py:188} INFO - [2025-07-02T02:59:24.653+0000] {dag.py:3089} INFO - Sync 1 DAGs
[2025-07-02T02:59:24.676+0000] {logging_mixin.py:188} INFO - [2025-07-02T02:59:24.676+0000] {dag.py:3947} INFO - Setting next_dagrun for spark_processing_pipeline_local to 2025-07-01 00:08:00+00:00, run_after=2025-07-02 00:08:00+00:00
[2025-07-02T02:59:24.705+0000] {processor.py:183} INFO - Processing /opt/airflow/dags/dag_local_fallback.py took 0.111 seconds
[2025-07-02T02:59:55.057+0000] {processor.py:161} INFO - Started process (PID=510) to work on /opt/airflow/dags/dag_local_fallback.py
[2025-07-02T02:59:55.058+0000] {processor.py:830} INFO - Processing file /opt/airflow/dags/dag_local_fallback.py for tasks to queue
[2025-07-02T02:59:55.060+0000] {logging_mixin.py:188} INFO - [2025-07-02T02:59:55.060+0000] {dagbag.py:545} INFO - Filling up the DagBag from /opt/airflow/dags/dag_local_fallback.py
[2025-07-02T02:59:55.067+0000] {logging_mixin.py:188} INFO - Successfully imported request_data
[2025-07-02T02:59:55.079+0000] {processor.py:840} INFO - DAG(s) 'spark_processing_pipeline_local' retrieved from /opt/airflow/dags/dag_local_fallback.py
[2025-07-02T02:59:55.114+0000] {logging_mixin.py:188} INFO - [2025-07-02T02:59:55.114+0000] {dag.py:3089} INFO - Sync 1 DAGs
[2025-07-02T02:59:55.137+0000] {logging_mixin.py:188} INFO - [2025-07-02T02:59:55.137+0000] {dag.py:3947} INFO - Setting next_dagrun for spark_processing_pipeline_local to 2025-07-01 00:08:00+00:00, run_after=2025-07-02 00:08:00+00:00
[2025-07-02T02:59:55.166+0000] {processor.py:183} INFO - Processing /opt/airflow/dags/dag_local_fallback.py took 0.117 seconds
[2025-07-02T03:00:25.526+0000] {processor.py:161} INFO - Started process (PID=537) to work on /opt/airflow/dags/dag_local_fallback.py
[2025-07-02T03:00:25.527+0000] {processor.py:830} INFO - Processing file /opt/airflow/dags/dag_local_fallback.py for tasks to queue
[2025-07-02T03:00:25.532+0000] {logging_mixin.py:188} INFO - [2025-07-02T03:00:25.531+0000] {dagbag.py:545} INFO - Filling up the DagBag from /opt/airflow/dags/dag_local_fallback.py
[2025-07-02T03:00:25.538+0000] {logging_mixin.py:188} INFO - Successfully imported request_data
[2025-07-02T03:00:25.550+0000] {processor.py:840} INFO - DAG(s) 'spark_processing_pipeline_local' retrieved from /opt/airflow/dags/dag_local_fallback.py
[2025-07-02T03:00:25.583+0000] {logging_mixin.py:188} INFO - [2025-07-02T03:00:25.583+0000] {dag.py:3089} INFO - Sync 1 DAGs
[2025-07-02T03:00:25.607+0000] {logging_mixin.py:188} INFO - [2025-07-02T03:00:25.607+0000] {dag.py:3947} INFO - Setting next_dagrun for spark_processing_pipeline_local to 2025-07-01 00:08:00+00:00, run_after=2025-07-02 00:08:00+00:00
[2025-07-02T03:00:25.634+0000] {processor.py:183} INFO - Processing /opt/airflow/dags/dag_local_fallback.py took 0.114 seconds
[2025-07-02T03:00:55.979+0000] {processor.py:161} INFO - Started process (PID=564) to work on /opt/airflow/dags/dag_local_fallback.py
[2025-07-02T03:00:55.980+0000] {processor.py:830} INFO - Processing file /opt/airflow/dags/dag_local_fallback.py for tasks to queue
[2025-07-02T03:00:55.983+0000] {logging_mixin.py:188} INFO - [2025-07-02T03:00:55.982+0000] {dagbag.py:545} INFO - Filling up the DagBag from /opt/airflow/dags/dag_local_fallback.py
[2025-07-02T03:00:55.990+0000] {logging_mixin.py:188} INFO - Successfully imported request_data
[2025-07-02T03:00:56.001+0000] {processor.py:840} INFO - DAG(s) 'spark_processing_pipeline_local' retrieved from /opt/airflow/dags/dag_local_fallback.py
[2025-07-02T03:00:56.030+0000] {logging_mixin.py:188} INFO - [2025-07-02T03:00:56.029+0000] {dag.py:3089} INFO - Sync 1 DAGs
[2025-07-02T03:00:56.052+0000] {logging_mixin.py:188} INFO - [2025-07-02T03:00:56.052+0000] {dag.py:3947} INFO - Setting next_dagrun for spark_processing_pipeline_local to 2025-07-01 00:08:00+00:00, run_after=2025-07-02 00:08:00+00:00
[2025-07-02T03:00:56.080+0000] {processor.py:183} INFO - Processing /opt/airflow/dags/dag_local_fallback.py took 0.108 seconds
[2025-07-02T03:01:26.438+0000] {processor.py:161} INFO - Started process (PID=591) to work on /opt/airflow/dags/dag_local_fallback.py
[2025-07-02T03:01:26.439+0000] {processor.py:830} INFO - Processing file /opt/airflow/dags/dag_local_fallback.py for tasks to queue
[2025-07-02T03:01:26.441+0000] {logging_mixin.py:188} INFO - [2025-07-02T03:01:26.441+0000] {dagbag.py:545} INFO - Filling up the DagBag from /opt/airflow/dags/dag_local_fallback.py
[2025-07-02T03:01:26.451+0000] {logging_mixin.py:188} INFO - Successfully imported request_data
[2025-07-02T03:01:26.462+0000] {processor.py:840} INFO - DAG(s) 'spark_processing_pipeline_local' retrieved from /opt/airflow/dags/dag_local_fallback.py
[2025-07-02T03:01:26.495+0000] {logging_mixin.py:188} INFO - [2025-07-02T03:01:26.494+0000] {dag.py:3089} INFO - Sync 1 DAGs
[2025-07-02T03:01:26.518+0000] {logging_mixin.py:188} INFO - [2025-07-02T03:01:26.518+0000] {dag.py:3947} INFO - Setting next_dagrun for spark_processing_pipeline_local to 2025-07-01 00:08:00+00:00, run_after=2025-07-02 00:08:00+00:00
[2025-07-02T03:01:26.548+0000] {processor.py:183} INFO - Processing /opt/airflow/dags/dag_local_fallback.py took 0.117 seconds
[2025-07-02T03:01:56.922+0000] {processor.py:161} INFO - Started process (PID=618) to work on /opt/airflow/dags/dag_local_fallback.py
[2025-07-02T03:01:56.924+0000] {processor.py:830} INFO - Processing file /opt/airflow/dags/dag_local_fallback.py for tasks to queue
[2025-07-02T03:01:56.927+0000] {logging_mixin.py:188} INFO - [2025-07-02T03:01:56.926+0000] {dagbag.py:545} INFO - Filling up the DagBag from /opt/airflow/dags/dag_local_fallback.py
[2025-07-02T03:01:56.940+0000] {logging_mixin.py:188} INFO - Successfully imported request_data
[2025-07-02T03:01:56.954+0000] {processor.py:840} INFO - DAG(s) 'spark_processing_pipeline_local' retrieved from /opt/airflow/dags/dag_local_fallback.py
[2025-07-02T03:01:56.987+0000] {logging_mixin.py:188} INFO - [2025-07-02T03:01:56.987+0000] {dag.py:3089} INFO - Sync 1 DAGs
[2025-07-02T03:01:57.010+0000] {logging_mixin.py:188} INFO - [2025-07-02T03:01:57.009+0000] {dag.py:3947} INFO - Setting next_dagrun for spark_processing_pipeline_local to 2025-07-01 00:08:00+00:00, run_after=2025-07-02 00:08:00+00:00
[2025-07-02T03:01:57.044+0000] {processor.py:183} INFO - Processing /opt/airflow/dags/dag_local_fallback.py took 0.129 seconds
[2025-07-02T03:02:27.411+0000] {processor.py:161} INFO - Started process (PID=645) to work on /opt/airflow/dags/dag_local_fallback.py
[2025-07-02T03:02:27.413+0000] {processor.py:830} INFO - Processing file /opt/airflow/dags/dag_local_fallback.py for tasks to queue
[2025-07-02T03:02:27.415+0000] {logging_mixin.py:188} INFO - [2025-07-02T03:02:27.414+0000] {dagbag.py:545} INFO - Filling up the DagBag from /opt/airflow/dags/dag_local_fallback.py
[2025-07-02T03:02:27.429+0000] {logging_mixin.py:188} INFO - Successfully imported request_data
[2025-07-02T03:02:27.444+0000] {processor.py:840} INFO - DAG(s) 'spark_processing_pipeline_local' retrieved from /opt/airflow/dags/dag_local_fallback.py
[2025-07-02T03:02:27.488+0000] {logging_mixin.py:188} INFO - [2025-07-02T03:02:27.488+0000] {dag.py:3089} INFO - Sync 1 DAGs
[2025-07-02T03:02:27.546+0000] {logging_mixin.py:188} INFO - [2025-07-02T03:02:27.546+0000] {dag.py:3947} INFO - Setting next_dagrun for spark_processing_pipeline_local to 2025-07-01 00:08:00+00:00, run_after=2025-07-02 00:08:00+00:00
[2025-07-02T03:02:27.575+0000] {processor.py:183} INFO - Processing /opt/airflow/dags/dag_local_fallback.py took 0.171 seconds
[2025-07-02T03:02:57.879+0000] {processor.py:161} INFO - Started process (PID=672) to work on /opt/airflow/dags/dag_local_fallback.py
[2025-07-02T03:02:57.880+0000] {processor.py:830} INFO - Processing file /opt/airflow/dags/dag_local_fallback.py for tasks to queue
[2025-07-02T03:02:57.882+0000] {logging_mixin.py:188} INFO - [2025-07-02T03:02:57.881+0000] {dagbag.py:545} INFO - Filling up the DagBag from /opt/airflow/dags/dag_local_fallback.py
[2025-07-02T03:02:57.892+0000] {logging_mixin.py:188} INFO - Successfully imported request_data
[2025-07-02T03:02:57.902+0000] {processor.py:840} INFO - DAG(s) 'spark_processing_pipeline_local' retrieved from /opt/airflow/dags/dag_local_fallback.py
[2025-07-02T03:02:57.930+0000] {logging_mixin.py:188} INFO - [2025-07-02T03:02:57.930+0000] {dag.py:3089} INFO - Sync 1 DAGs
[2025-07-02T03:02:57.954+0000] {logging_mixin.py:188} INFO - [2025-07-02T03:02:57.954+0000] {dag.py:3947} INFO - Setting next_dagrun for spark_processing_pipeline_local to 2025-07-01 00:08:00+00:00, run_after=2025-07-02 00:08:00+00:00
[2025-07-02T03:02:57.985+0000] {processor.py:183} INFO - Processing /opt/airflow/dags/dag_local_fallback.py took 0.112 seconds
[2025-07-02T03:03:28.330+0000] {processor.py:161} INFO - Started process (PID=699) to work on /opt/airflow/dags/dag_local_fallback.py
[2025-07-02T03:03:28.332+0000] {processor.py:830} INFO - Processing file /opt/airflow/dags/dag_local_fallback.py for tasks to queue
[2025-07-02T03:03:28.334+0000] {logging_mixin.py:188} INFO - [2025-07-02T03:03:28.334+0000] {dagbag.py:545} INFO - Filling up the DagBag from /opt/airflow/dags/dag_local_fallback.py
[2025-07-02T03:03:28.344+0000] {logging_mixin.py:188} INFO - Successfully imported request_data
[2025-07-02T03:03:28.354+0000] {processor.py:840} INFO - DAG(s) 'spark_processing_pipeline_local' retrieved from /opt/airflow/dags/dag_local_fallback.py
[2025-07-02T03:03:28.386+0000] {logging_mixin.py:188} INFO - [2025-07-02T03:03:28.385+0000] {dag.py:3089} INFO - Sync 1 DAGs
[2025-07-02T03:03:28.410+0000] {logging_mixin.py:188} INFO - [2025-07-02T03:03:28.410+0000] {dag.py:3947} INFO - Setting next_dagrun for spark_processing_pipeline_local to 2025-07-01 00:08:00+00:00, run_after=2025-07-02 00:08:00+00:00
[2025-07-02T03:03:28.441+0000] {processor.py:183} INFO - Processing /opt/airflow/dags/dag_local_fallback.py took 0.117 seconds
[2025-07-02T03:03:58.828+0000] {processor.py:161} INFO - Started process (PID=726) to work on /opt/airflow/dags/dag_local_fallback.py
[2025-07-02T03:03:58.829+0000] {processor.py:830} INFO - Processing file /opt/airflow/dags/dag_local_fallback.py for tasks to queue
[2025-07-02T03:03:58.832+0000] {logging_mixin.py:188} INFO - [2025-07-02T03:03:58.831+0000] {dagbag.py:545} INFO - Filling up the DagBag from /opt/airflow/dags/dag_local_fallback.py
[2025-07-02T03:03:58.843+0000] {logging_mixin.py:188} INFO - Successfully imported request_data
[2025-07-02T03:03:58.856+0000] {processor.py:840} INFO - DAG(s) 'spark_processing_pipeline_local' retrieved from /opt/airflow/dags/dag_local_fallback.py
[2025-07-02T03:03:58.889+0000] {logging_mixin.py:188} INFO - [2025-07-02T03:03:58.889+0000] {dag.py:3089} INFO - Sync 1 DAGs
[2025-07-02T03:03:58.912+0000] {logging_mixin.py:188} INFO - [2025-07-02T03:03:58.912+0000] {dag.py:3947} INFO - Setting next_dagrun for spark_processing_pipeline_local to 2025-07-01 00:08:00+00:00, run_after=2025-07-02 00:08:00+00:00
[2025-07-02T03:03:58.945+0000] {processor.py:183} INFO - Processing /opt/airflow/dags/dag_local_fallback.py took 0.124 seconds
[2025-07-02T03:04:29.319+0000] {processor.py:161} INFO - Started process (PID=746) to work on /opt/airflow/dags/dag_local_fallback.py
[2025-07-02T03:04:29.320+0000] {processor.py:830} INFO - Processing file /opt/airflow/dags/dag_local_fallback.py for tasks to queue
[2025-07-02T03:04:29.323+0000] {logging_mixin.py:188} INFO - [2025-07-02T03:04:29.323+0000] {dagbag.py:545} INFO - Filling up the DagBag from /opt/airflow/dags/dag_local_fallback.py
[2025-07-02T03:04:29.335+0000] {logging_mixin.py:188} INFO - Successfully imported request_data
[2025-07-02T03:04:29.346+0000] {processor.py:840} INFO - DAG(s) 'spark_processing_pipeline_local' retrieved from /opt/airflow/dags/dag_local_fallback.py
[2025-07-02T03:04:29.379+0000] {logging_mixin.py:188} INFO - [2025-07-02T03:04:29.379+0000] {dag.py:3089} INFO - Sync 1 DAGs
[2025-07-02T03:04:29.404+0000] {logging_mixin.py:188} INFO - [2025-07-02T03:04:29.403+0000] {dag.py:3947} INFO - Setting next_dagrun for spark_processing_pipeline_local to 2025-07-01 00:08:00+00:00, run_after=2025-07-02 00:08:00+00:00
[2025-07-02T03:04:29.434+0000] {processor.py:183} INFO - Processing /opt/airflow/dags/dag_local_fallback.py took 0.121 seconds
[2025-07-02T03:04:59.837+0000] {processor.py:161} INFO - Started process (PID=772) to work on /opt/airflow/dags/dag_local_fallback.py
[2025-07-02T03:04:59.838+0000] {processor.py:830} INFO - Processing file /opt/airflow/dags/dag_local_fallback.py for tasks to queue
[2025-07-02T03:04:59.840+0000] {logging_mixin.py:188} INFO - [2025-07-02T03:04:59.840+0000] {dagbag.py:545} INFO - Filling up the DagBag from /opt/airflow/dags/dag_local_fallback.py
[2025-07-02T03:04:59.851+0000] {logging_mixin.py:188} INFO - Successfully imported request_data
[2025-07-02T03:04:59.864+0000] {processor.py:840} INFO - DAG(s) 'spark_processing_pipeline_local' retrieved from /opt/airflow/dags/dag_local_fallback.py
[2025-07-02T03:04:59.893+0000] {logging_mixin.py:188} INFO - [2025-07-02T03:04:59.893+0000] {dag.py:3089} INFO - Sync 1 DAGs
[2025-07-02T03:04:59.918+0000] {logging_mixin.py:188} INFO - [2025-07-02T03:04:59.918+0000] {dag.py:3947} INFO - Setting next_dagrun for spark_processing_pipeline_local to 2025-07-01 00:08:00+00:00, run_after=2025-07-02 00:08:00+00:00
[2025-07-02T03:04:59.955+0000] {processor.py:183} INFO - Processing /opt/airflow/dags/dag_local_fallback.py took 0.125 seconds
[2025-07-02T03:05:30.323+0000] {processor.py:161} INFO - Started process (PID=799) to work on /opt/airflow/dags/dag_local_fallback.py
[2025-07-02T03:05:30.325+0000] {processor.py:830} INFO - Processing file /opt/airflow/dags/dag_local_fallback.py for tasks to queue
[2025-07-02T03:05:30.328+0000] {logging_mixin.py:188} INFO - [2025-07-02T03:05:30.327+0000] {dagbag.py:545} INFO - Filling up the DagBag from /opt/airflow/dags/dag_local_fallback.py
[2025-07-02T03:05:30.341+0000] {logging_mixin.py:188} INFO - Successfully imported request_data
[2025-07-02T03:05:30.354+0000] {processor.py:840} INFO - DAG(s) 'spark_processing_pipeline_local' retrieved from /opt/airflow/dags/dag_local_fallback.py
[2025-07-02T03:05:30.400+0000] {logging_mixin.py:188} INFO - [2025-07-02T03:05:30.400+0000] {dag.py:3089} INFO - Sync 1 DAGs
[2025-07-02T03:05:30.429+0000] {logging_mixin.py:188} INFO - [2025-07-02T03:05:30.429+0000] {dag.py:3947} INFO - Setting next_dagrun for spark_processing_pipeline_local to 2025-07-01 00:08:00+00:00, run_after=2025-07-02 00:08:00+00:00
[2025-07-02T03:05:30.469+0000] {processor.py:183} INFO - Processing /opt/airflow/dags/dag_local_fallback.py took 0.153 seconds
[2025-07-02T03:06:00.799+0000] {processor.py:161} INFO - Started process (PID=826) to work on /opt/airflow/dags/dag_local_fallback.py
[2025-07-02T03:06:00.800+0000] {processor.py:830} INFO - Processing file /opt/airflow/dags/dag_local_fallback.py for tasks to queue
[2025-07-02T03:06:00.804+0000] {logging_mixin.py:188} INFO - [2025-07-02T03:06:00.803+0000] {dagbag.py:545} INFO - Filling up the DagBag from /opt/airflow/dags/dag_local_fallback.py
[2025-07-02T03:06:00.811+0000] {logging_mixin.py:188} INFO - Successfully imported request_data
[2025-07-02T03:06:00.824+0000] {processor.py:840} INFO - DAG(s) 'spark_processing_pipeline_local' retrieved from /opt/airflow/dags/dag_local_fallback.py
[2025-07-02T03:06:00.858+0000] {logging_mixin.py:188} INFO - [2025-07-02T03:06:00.857+0000] {dag.py:3089} INFO - Sync 1 DAGs
[2025-07-02T03:06:00.882+0000] {logging_mixin.py:188} INFO - [2025-07-02T03:06:00.882+0000] {dag.py:3947} INFO - Setting next_dagrun for spark_processing_pipeline_local to 2025-07-01 00:08:00+00:00, run_after=2025-07-02 00:08:00+00:00
[2025-07-02T03:06:00.912+0000] {processor.py:183} INFO - Processing /opt/airflow/dags/dag_local_fallback.py took 0.119 seconds
[2025-07-02T03:06:31.271+0000] {processor.py:161} INFO - Started process (PID=853) to work on /opt/airflow/dags/dag_local_fallback.py
[2025-07-02T03:06:31.273+0000] {processor.py:830} INFO - Processing file /opt/airflow/dags/dag_local_fallback.py for tasks to queue
[2025-07-02T03:06:31.276+0000] {logging_mixin.py:188} INFO - [2025-07-02T03:06:31.275+0000] {dagbag.py:545} INFO - Filling up the DagBag from /opt/airflow/dags/dag_local_fallback.py
[2025-07-02T03:06:31.286+0000] {logging_mixin.py:188} INFO - Successfully imported request_data
[2025-07-02T03:06:31.298+0000] {processor.py:840} INFO - DAG(s) 'spark_processing_pipeline_local' retrieved from /opt/airflow/dags/dag_local_fallback.py
[2025-07-02T03:06:31.331+0000] {logging_mixin.py:188} INFO - [2025-07-02T03:06:31.331+0000] {dag.py:3089} INFO - Sync 1 DAGs
[2025-07-02T03:06:31.357+0000] {logging_mixin.py:188} INFO - [2025-07-02T03:06:31.356+0000] {dag.py:3947} INFO - Setting next_dagrun for spark_processing_pipeline_local to 2025-07-01 00:08:00+00:00, run_after=2025-07-02 00:08:00+00:00
[2025-07-02T03:06:31.391+0000] {processor.py:183} INFO - Processing /opt/airflow/dags/dag_local_fallback.py took 0.126 seconds
[2025-07-02T03:07:01.736+0000] {processor.py:161} INFO - Started process (PID=880) to work on /opt/airflow/dags/dag_local_fallback.py
[2025-07-02T03:07:01.738+0000] {processor.py:830} INFO - Processing file /opt/airflow/dags/dag_local_fallback.py for tasks to queue
[2025-07-02T03:07:01.741+0000] {logging_mixin.py:188} INFO - [2025-07-02T03:07:01.740+0000] {dagbag.py:545} INFO - Filling up the DagBag from /opt/airflow/dags/dag_local_fallback.py
[2025-07-02T03:07:01.751+0000] {logging_mixin.py:188} INFO - Successfully imported request_data
[2025-07-02T03:07:01.765+0000] {processor.py:840} INFO - DAG(s) 'spark_processing_pipeline_local' retrieved from /opt/airflow/dags/dag_local_fallback.py
[2025-07-02T03:07:01.797+0000] {logging_mixin.py:188} INFO - [2025-07-02T03:07:01.796+0000] {dag.py:3089} INFO - Sync 1 DAGs
[2025-07-02T03:07:01.824+0000] {logging_mixin.py:188} INFO - [2025-07-02T03:07:01.824+0000] {dag.py:3947} INFO - Setting next_dagrun for spark_processing_pipeline_local to 2025-07-01 00:08:00+00:00, run_after=2025-07-02 00:08:00+00:00
[2025-07-02T03:07:01.857+0000] {processor.py:183} INFO - Processing /opt/airflow/dags/dag_local_fallback.py took 0.129 seconds
[2025-07-02T03:07:32.215+0000] {processor.py:161} INFO - Started process (PID=907) to work on /opt/airflow/dags/dag_local_fallback.py
[2025-07-02T03:07:32.216+0000] {processor.py:830} INFO - Processing file /opt/airflow/dags/dag_local_fallback.py for tasks to queue
[2025-07-02T03:07:32.219+0000] {logging_mixin.py:188} INFO - [2025-07-02T03:07:32.219+0000] {dagbag.py:545} INFO - Filling up the DagBag from /opt/airflow/dags/dag_local_fallback.py
[2025-07-02T03:07:32.234+0000] {logging_mixin.py:188} INFO - Successfully imported request_data
[2025-07-02T03:07:32.245+0000] {processor.py:840} INFO - DAG(s) 'spark_processing_pipeline_local' retrieved from /opt/airflow/dags/dag_local_fallback.py
[2025-07-02T03:07:32.275+0000] {logging_mixin.py:188} INFO - [2025-07-02T03:07:32.274+0000] {dag.py:3089} INFO - Sync 1 DAGs
[2025-07-02T03:07:32.301+0000] {logging_mixin.py:188} INFO - [2025-07-02T03:07:32.301+0000] {dag.py:3947} INFO - Setting next_dagrun for spark_processing_pipeline_local to 2025-07-01 00:08:00+00:00, run_after=2025-07-02 00:08:00+00:00
[2025-07-02T03:07:32.331+0000] {processor.py:183} INFO - Processing /opt/airflow/dags/dag_local_fallback.py took 0.125 seconds
[2025-07-02T03:08:02.689+0000] {processor.py:161} INFO - Started process (PID=934) to work on /opt/airflow/dags/dag_local_fallback.py
[2025-07-02T03:08:02.691+0000] {processor.py:830} INFO - Processing file /opt/airflow/dags/dag_local_fallback.py for tasks to queue
[2025-07-02T03:08:02.693+0000] {logging_mixin.py:188} INFO - [2025-07-02T03:08:02.693+0000] {dagbag.py:545} INFO - Filling up the DagBag from /opt/airflow/dags/dag_local_fallback.py
[2025-07-02T03:08:02.701+0000] {logging_mixin.py:188} INFO - Successfully imported request_data
[2025-07-02T03:08:02.713+0000] {processor.py:840} INFO - DAG(s) 'spark_processing_pipeline_local' retrieved from /opt/airflow/dags/dag_local_fallback.py
[2025-07-02T03:08:02.744+0000] {logging_mixin.py:188} INFO - [2025-07-02T03:08:02.743+0000] {dag.py:3089} INFO - Sync 1 DAGs
[2025-07-02T03:08:02.770+0000] {logging_mixin.py:188} INFO - [2025-07-02T03:08:02.769+0000] {dag.py:3947} INFO - Setting next_dagrun for spark_processing_pipeline_local to 2025-07-01 00:08:00+00:00, run_after=2025-07-02 00:08:00+00:00
[2025-07-02T03:08:02.799+0000] {processor.py:183} INFO - Processing /opt/airflow/dags/dag_local_fallback.py took 0.117 seconds
[2025-07-02T03:08:33.145+0000] {processor.py:161} INFO - Started process (PID=961) to work on /opt/airflow/dags/dag_local_fallback.py
[2025-07-02T03:08:33.146+0000] {processor.py:830} INFO - Processing file /opt/airflow/dags/dag_local_fallback.py for tasks to queue
[2025-07-02T03:08:33.149+0000] {logging_mixin.py:188} INFO - [2025-07-02T03:08:33.149+0000] {dagbag.py:545} INFO - Filling up the DagBag from /opt/airflow/dags/dag_local_fallback.py
[2025-07-02T03:08:33.161+0000] {logging_mixin.py:188} INFO - Successfully imported request_data
[2025-07-02T03:08:33.175+0000] {processor.py:840} INFO - DAG(s) 'spark_processing_pipeline_local' retrieved from /opt/airflow/dags/dag_local_fallback.py
[2025-07-02T03:08:33.209+0000] {logging_mixin.py:188} INFO - [2025-07-02T03:08:33.209+0000] {dag.py:3089} INFO - Sync 1 DAGs
[2025-07-02T03:08:33.233+0000] {logging_mixin.py:188} INFO - [2025-07-02T03:08:33.233+0000] {dag.py:3947} INFO - Setting next_dagrun for spark_processing_pipeline_local to 2025-07-01 00:08:00+00:00, run_after=2025-07-02 00:08:00+00:00
[2025-07-02T03:08:33.262+0000] {processor.py:183} INFO - Processing /opt/airflow/dags/dag_local_fallback.py took 0.124 seconds
[2025-07-02T03:09:03.652+0000] {processor.py:161} INFO - Started process (PID=988) to work on /opt/airflow/dags/dag_local_fallback.py
[2025-07-02T03:09:03.653+0000] {processor.py:830} INFO - Processing file /opt/airflow/dags/dag_local_fallback.py for tasks to queue
[2025-07-02T03:09:03.657+0000] {logging_mixin.py:188} INFO - [2025-07-02T03:09:03.657+0000] {dagbag.py:545} INFO - Filling up the DagBag from /opt/airflow/dags/dag_local_fallback.py
[2025-07-02T03:09:03.667+0000] {logging_mixin.py:188} INFO - Successfully imported request_data
[2025-07-02T03:09:03.682+0000] {processor.py:840} INFO - DAG(s) 'spark_processing_pipeline_local' retrieved from /opt/airflow/dags/dag_local_fallback.py
[2025-07-02T03:09:03.717+0000] {logging_mixin.py:188} INFO - [2025-07-02T03:09:03.716+0000] {dag.py:3089} INFO - Sync 1 DAGs
[2025-07-02T03:09:03.744+0000] {logging_mixin.py:188} INFO - [2025-07-02T03:09:03.744+0000] {dag.py:3947} INFO - Setting next_dagrun for spark_processing_pipeline_local to 2025-07-01 00:08:00+00:00, run_after=2025-07-02 00:08:00+00:00
[2025-07-02T03:09:03.777+0000] {processor.py:183} INFO - Processing /opt/airflow/dags/dag_local_fallback.py took 0.133 seconds
[2025-07-02T03:12:03.210+0000] {processor.py:161} INFO - Started process (PID=197) to work on /opt/airflow/dags/dag_local_fallback.py
[2025-07-02T03:12:03.211+0000] {processor.py:830} INFO - Processing file /opt/airflow/dags/dag_local_fallback.py for tasks to queue
[2025-07-02T03:12:03.213+0000] {logging_mixin.py:188} INFO - [2025-07-02T03:12:03.213+0000] {dagbag.py:545} INFO - Filling up the DagBag from /opt/airflow/dags/dag_local_fallback.py
[2025-07-02T03:12:03.226+0000] {logging_mixin.py:188} INFO - Successfully imported request_data
[2025-07-02T03:12:03.239+0000] {processor.py:840} INFO - DAG(s) 'spark_processing_pipeline_local' retrieved from /opt/airflow/dags/dag_local_fallback.py
[2025-07-02T03:12:03.397+0000] {logging_mixin.py:188} INFO - [2025-07-02T03:12:03.396+0000] {override.py:1858} INFO - Created Permission View: can read on DAG:spark_processing_pipeline_local
[2025-07-02T03:12:03.415+0000] {logging_mixin.py:188} INFO - [2025-07-02T03:12:03.414+0000] {override.py:1858} INFO - Created Permission View: can edit on DAG:spark_processing_pipeline_local
[2025-07-02T03:12:03.433+0000] {logging_mixin.py:188} INFO - [2025-07-02T03:12:03.432+0000] {override.py:1858} INFO - Created Permission View: can delete on DAG:spark_processing_pipeline_local
[2025-07-02T03:12:03.434+0000] {logging_mixin.py:188} INFO - [2025-07-02T03:12:03.433+0000] {dag.py:3089} INFO - Sync 1 DAGs
[2025-07-02T03:12:03.446+0000] {logging_mixin.py:188} INFO - [2025-07-02T03:12:03.446+0000] {dag.py:3111} INFO - Creating ORM DAG for spark_processing_pipeline_local
[2025-07-02T03:12:03.461+0000] {logging_mixin.py:188} INFO - [2025-07-02T03:12:03.460+0000] {dag.py:3947} INFO - Setting next_dagrun for spark_processing_pipeline_local to 2025-07-01 00:08:00+00:00, run_after=2025-07-02 00:08:00+00:00
[2025-07-02T03:12:03.496+0000] {processor.py:183} INFO - Processing /opt/airflow/dags/dag_local_fallback.py took 0.293 seconds
[2025-07-02T03:14:25.922+0000] {processor.py:161} INFO - Started process (PID=197) to work on /opt/airflow/dags/dag_local_fallback.py
[2025-07-02T03:14:25.924+0000] {processor.py:830} INFO - Processing file /opt/airflow/dags/dag_local_fallback.py for tasks to queue
[2025-07-02T03:14:25.927+0000] {logging_mixin.py:188} INFO - [2025-07-02T03:14:25.926+0000] {dagbag.py:545} INFO - Filling up the DagBag from /opt/airflow/dags/dag_local_fallback.py
[2025-07-02T03:14:25.934+0000] {logging_mixin.py:188} INFO - Successfully imported request_data
[2025-07-02T03:14:25.948+0000] {processor.py:840} INFO - DAG(s) 'spark_processing_pipeline_local' retrieved from /opt/airflow/dags/dag_local_fallback.py
[2025-07-02T03:14:26.140+0000] {logging_mixin.py:188} INFO - [2025-07-02T03:14:26.138+0000] {override.py:1858} INFO - Created Permission View: can edit on DAG:spark_processing_pipeline_local
[2025-07-02T03:14:26.169+0000] {logging_mixin.py:188} INFO - [2025-07-02T03:14:26.169+0000] {override.py:1858} INFO - Created Permission View: can read on DAG:spark_processing_pipeline_local
[2025-07-02T03:14:26.197+0000] {logging_mixin.py:188} INFO - [2025-07-02T03:14:26.196+0000] {override.py:1858} INFO - Created Permission View: can delete on DAG:spark_processing_pipeline_local
[2025-07-02T03:14:26.199+0000] {logging_mixin.py:188} INFO - [2025-07-02T03:14:26.199+0000] {dag.py:3089} INFO - Sync 1 DAGs
[2025-07-02T03:14:26.217+0000] {logging_mixin.py:188} INFO - [2025-07-02T03:14:26.216+0000] {dag.py:3111} INFO - Creating ORM DAG for spark_processing_pipeline_local
[2025-07-02T03:14:26.238+0000] {logging_mixin.py:188} INFO - [2025-07-02T03:14:26.238+0000] {dag.py:3947} INFO - Setting next_dagrun for spark_processing_pipeline_local to 2025-07-01 00:08:00+00:00, run_after=2025-07-02 00:08:00+00:00
[2025-07-02T03:14:26.293+0000] {processor.py:183} INFO - Processing /opt/airflow/dags/dag_local_fallback.py took 0.383 seconds
