[2025-07-02T02:27:40.982+0000] {processor.py:161} INFO - Started process (PID=183) to work on /opt/airflow/dags/hello_dag.py
[2025-07-02T02:27:40.983+0000] {processor.py:830} INFO - Processing file /opt/airflow/dags/hello_dag.py for tasks to queue
[2025-07-02T02:27:40.987+0000] {logging_mixin.py:188} INFO - [2025-07-02T02:27:40.986+0000] {dagbag.py:545} INFO - Filling up the DagBag from /opt/airflow/dags/hello_dag.py
[2025-07-02T02:27:41.095+0000] {processor.py:840} INFO - DAG(s) 'hello_world_dag' retrieved from /opt/airflow/dags/hello_dag.py
[2025-07-02T02:27:41.631+0000] {logging_mixin.py:188} INFO - [2025-07-02T02:27:41.630+0000] {override.py:1858} INFO - Created Permission View: can edit on DAG:hello_world_dag
[2025-07-02T02:27:41.665+0000] {logging_mixin.py:188} INFO - [2025-07-02T02:27:41.664+0000] {override.py:1858} INFO - Created Permission View: can read on DAG:hello_world_dag
[2025-07-02T02:27:41.711+0000] {logging_mixin.py:188} INFO - [2025-07-02T02:27:41.710+0000] {override.py:1858} INFO - Created Permission View: can delete on DAG:hello_world_dag
[2025-07-02T02:27:41.713+0000] {logging_mixin.py:188} INFO - [2025-07-02T02:27:41.712+0000] {dag.py:3089} INFO - Sync 1 DAGs
[2025-07-02T02:27:41.736+0000] {logging_mixin.py:188} INFO - [2025-07-02T02:27:41.736+0000] {dag.py:3111} INFO - Creating ORM DAG for hello_world_dag
[2025-07-02T02:27:41.756+0000] {logging_mixin.py:188} INFO - [2025-07-02T02:27:41.755+0000] {dag.py:3947} INFO - Setting next_dagrun for hello_world_dag to 2025-07-01 00:00:00+00:00, run_after=2025-07-02 00:00:00+00:00
[2025-07-02T02:27:41.806+0000] {processor.py:183} INFO - Processing /opt/airflow/dags/hello_dag.py took 0.833 seconds
[2025-07-02T02:28:12.411+0000] {processor.py:161} INFO - Started process (PID=203) to work on /opt/airflow/dags/hello_dag.py
[2025-07-02T02:28:12.412+0000] {processor.py:830} INFO - Processing file /opt/airflow/dags/hello_dag.py for tasks to queue
[2025-07-02T02:28:12.416+0000] {logging_mixin.py:188} INFO - [2025-07-02T02:28:12.415+0000] {dagbag.py:545} INFO - Filling up the DagBag from /opt/airflow/dags/hello_dag.py
[2025-07-02T02:28:12.432+0000] {processor.py:840} INFO - DAG(s) 'hello_world_dag' retrieved from /opt/airflow/dags/hello_dag.py
[2025-07-02T02:28:12.473+0000] {logging_mixin.py:188} INFO - [2025-07-02T02:28:12.473+0000] {dag.py:3089} INFO - Sync 1 DAGs
[2025-07-02T02:28:12.501+0000] {logging_mixin.py:188} INFO - [2025-07-02T02:28:12.501+0000] {dag.py:3947} INFO - Setting next_dagrun for hello_world_dag to 2025-07-01 00:00:00+00:00, run_after=2025-07-02 00:00:00+00:00
[2025-07-02T02:28:12.535+0000] {processor.py:183} INFO - Processing /opt/airflow/dags/hello_dag.py took 0.133 seconds
[2025-07-02T02:28:42.892+0000] {processor.py:161} INFO - Started process (PID=230) to work on /opt/airflow/dags/hello_dag.py
[2025-07-02T02:28:42.893+0000] {processor.py:830} INFO - Processing file /opt/airflow/dags/hello_dag.py for tasks to queue
[2025-07-02T02:28:42.897+0000] {logging_mixin.py:188} INFO - [2025-07-02T02:28:42.897+0000] {dagbag.py:545} INFO - Filling up the DagBag from /opt/airflow/dags/hello_dag.py
[2025-07-02T02:28:42.915+0000] {processor.py:840} INFO - DAG(s) 'hello_world_dag' retrieved from /opt/airflow/dags/hello_dag.py
[2025-07-02T02:28:42.982+0000] {logging_mixin.py:188} INFO - [2025-07-02T02:28:42.981+0000] {dag.py:3089} INFO - Sync 1 DAGs
[2025-07-02T02:28:43.037+0000] {logging_mixin.py:188} INFO - [2025-07-02T02:28:43.036+0000] {dag.py:3947} INFO - Setting next_dagrun for hello_world_dag to 2025-07-01 00:00:00+00:00, run_after=2025-07-02 00:00:00+00:00
[2025-07-02T02:28:43.088+0000] {processor.py:183} INFO - Processing /opt/airflow/dags/hello_dag.py took 0.203 seconds
[2025-07-02T02:29:13.455+0000] {processor.py:161} INFO - Started process (PID=257) to work on /opt/airflow/dags/hello_dag.py
[2025-07-02T02:29:13.456+0000] {processor.py:830} INFO - Processing file /opt/airflow/dags/hello_dag.py for tasks to queue
[2025-07-02T02:29:13.459+0000] {logging_mixin.py:188} INFO - [2025-07-02T02:29:13.458+0000] {dagbag.py:545} INFO - Filling up the DagBag from /opt/airflow/dags/hello_dag.py
[2025-07-02T02:29:13.473+0000] {processor.py:840} INFO - DAG(s) 'hello_world_dag' retrieved from /opt/airflow/dags/hello_dag.py
[2025-07-02T02:29:13.512+0000] {logging_mixin.py:188} INFO - [2025-07-02T02:29:13.511+0000] {dag.py:3089} INFO - Sync 1 DAGs
[2025-07-02T02:29:13.538+0000] {logging_mixin.py:188} INFO - [2025-07-02T02:29:13.538+0000] {dag.py:3947} INFO - Setting next_dagrun for hello_world_dag to 2025-07-01 00:00:00+00:00, run_after=2025-07-02 00:00:00+00:00
[2025-07-02T02:29:13.578+0000] {processor.py:183} INFO - Processing /opt/airflow/dags/hello_dag.py took 0.131 seconds
[2025-07-02T02:29:43.950+0000] {processor.py:161} INFO - Started process (PID=283) to work on /opt/airflow/dags/hello_dag.py
[2025-07-02T02:29:43.952+0000] {processor.py:830} INFO - Processing file /opt/airflow/dags/hello_dag.py for tasks to queue
[2025-07-02T02:29:43.955+0000] {logging_mixin.py:188} INFO - [2025-07-02T02:29:43.954+0000] {dagbag.py:545} INFO - Filling up the DagBag from /opt/airflow/dags/hello_dag.py
[2025-07-02T02:29:43.974+0000] {processor.py:840} INFO - DAG(s) 'hello_world_dag' retrieved from /opt/airflow/dags/hello_dag.py
[2025-07-02T02:29:44.016+0000] {logging_mixin.py:188} INFO - [2025-07-02T02:29:44.016+0000] {dag.py:3089} INFO - Sync 1 DAGs
[2025-07-02T02:29:44.040+0000] {logging_mixin.py:188} INFO - [2025-07-02T02:29:44.040+0000] {dag.py:3947} INFO - Setting next_dagrun for hello_world_dag to 2025-07-01 00:00:00+00:00, run_after=2025-07-02 00:00:00+00:00
[2025-07-02T02:29:44.074+0000] {processor.py:183} INFO - Processing /opt/airflow/dags/hello_dag.py took 0.131 seconds
[2025-07-02T02:31:59.304+0000] {processor.py:161} INFO - Started process (PID=183) to work on /opt/airflow/dags/hello_dag.py
[2025-07-02T02:31:59.307+0000] {processor.py:830} INFO - Processing file /opt/airflow/dags/hello_dag.py for tasks to queue
[2025-07-02T02:31:59.322+0000] {logging_mixin.py:188} INFO - [2025-07-02T02:31:59.321+0000] {dagbag.py:545} INFO - Filling up the DagBag from /opt/airflow/dags/hello_dag.py
[2025-07-02T02:31:59.400+0000] {processor.py:840} INFO - DAG(s) 'hello_world_dag' retrieved from /opt/airflow/dags/hello_dag.py
[2025-07-02T02:31:59.973+0000] {logging_mixin.py:188} INFO - [2025-07-02T02:31:59.972+0000] {override.py:1858} INFO - Created Permission View: can edit on DAG:hello_world_dag
[2025-07-02T02:32:00.013+0000] {logging_mixin.py:188} INFO - [2025-07-02T02:32:00.013+0000] {override.py:1858} INFO - Created Permission View: can delete on DAG:hello_world_dag
[2025-07-02T02:32:00.069+0000] {logging_mixin.py:188} INFO - [2025-07-02T02:32:00.069+0000] {override.py:1858} INFO - Created Permission View: can read on DAG:hello_world_dag
[2025-07-02T02:32:00.070+0000] {logging_mixin.py:188} INFO - [2025-07-02T02:32:00.070+0000] {dag.py:3089} INFO - Sync 1 DAGs
[2025-07-02T02:32:00.098+0000] {logging_mixin.py:188} INFO - [2025-07-02T02:32:00.097+0000] {dag.py:3111} INFO - Creating ORM DAG for hello_world_dag
[2025-07-02T02:32:00.123+0000] {logging_mixin.py:188} INFO - [2025-07-02T02:32:00.123+0000] {dag.py:3947} INFO - Setting next_dagrun for hello_world_dag to 2025-07-01 00:00:00+00:00, run_after=2025-07-02 00:00:00+00:00
[2025-07-02T02:32:00.164+0000] {processor.py:183} INFO - Processing /opt/airflow/dags/hello_dag.py took 0.870 seconds
[2025-07-02T02:32:47.611+0000] {processor.py:161} INFO - Started process (PID=203) to work on /opt/airflow/dags/hello_dag.py
[2025-07-02T02:32:47.629+0000] {processor.py:830} INFO - Processing file /opt/airflow/dags/hello_dag.py for tasks to queue
[2025-07-02T02:32:47.650+0000] {logging_mixin.py:188} INFO - [2025-07-02T02:32:47.637+0000] {dagbag.py:545} INFO - Filling up the DagBag from /opt/airflow/dags/hello_dag.py
[2025-07-02T02:32:47.706+0000] {processor.py:840} INFO - DAG(s) 'hello_world_dag' retrieved from /opt/airflow/dags/hello_dag.py
[2025-07-02T02:32:47.797+0000] {logging_mixin.py:188} INFO - [2025-07-02T02:32:47.796+0000] {dag.py:3089} INFO - Sync 1 DAGs
[2025-07-02T02:32:47.836+0000] {logging_mixin.py:188} INFO - [2025-07-02T02:32:47.836+0000] {dag.py:3947} INFO - Setting next_dagrun for hello_world_dag to 2025-07-01 00:00:00+00:00, run_after=2025-07-02 00:00:00+00:00
[2025-07-02T02:32:47.900+0000] {processor.py:183} INFO - Processing /opt/airflow/dags/hello_dag.py took 2.840 seconds
[2025-07-02T02:33:18.307+0000] {processor.py:161} INFO - Started process (PID=230) to work on /opt/airflow/dags/hello_dag.py
[2025-07-02T02:33:18.308+0000] {processor.py:830} INFO - Processing file /opt/airflow/dags/hello_dag.py for tasks to queue
[2025-07-02T02:33:18.311+0000] {logging_mixin.py:188} INFO - [2025-07-02T02:33:18.310+0000] {dagbag.py:545} INFO - Filling up the DagBag from /opt/airflow/dags/hello_dag.py
[2025-07-02T02:33:18.324+0000] {processor.py:840} INFO - DAG(s) 'hello_world_dag' retrieved from /opt/airflow/dags/hello_dag.py
[2025-07-02T02:33:18.353+0000] {logging_mixin.py:188} INFO - [2025-07-02T02:33:18.353+0000] {dag.py:3089} INFO - Sync 1 DAGs
[2025-07-02T02:33:18.375+0000] {logging_mixin.py:188} INFO - [2025-07-02T02:33:18.375+0000] {dag.py:3947} INFO - Setting next_dagrun for hello_world_dag to 2025-07-01 00:00:00+00:00, run_after=2025-07-02 00:00:00+00:00
[2025-07-02T02:33:18.409+0000] {processor.py:183} INFO - Processing /opt/airflow/dags/hello_dag.py took 0.108 seconds
[2025-07-02T02:33:48.768+0000] {processor.py:161} INFO - Started process (PID=257) to work on /opt/airflow/dags/hello_dag.py
[2025-07-02T02:33:48.769+0000] {processor.py:830} INFO - Processing file /opt/airflow/dags/hello_dag.py for tasks to queue
[2025-07-02T02:33:48.772+0000] {logging_mixin.py:188} INFO - [2025-07-02T02:33:48.771+0000] {dagbag.py:545} INFO - Filling up the DagBag from /opt/airflow/dags/hello_dag.py
[2025-07-02T02:33:48.782+0000] {processor.py:840} INFO - DAG(s) 'hello_world_dag' retrieved from /opt/airflow/dags/hello_dag.py
[2025-07-02T02:33:48.809+0000] {logging_mixin.py:188} INFO - [2025-07-02T02:33:48.808+0000] {dag.py:3089} INFO - Sync 1 DAGs
[2025-07-02T02:33:48.830+0000] {logging_mixin.py:188} INFO - [2025-07-02T02:33:48.829+0000] {dag.py:3947} INFO - Setting next_dagrun for hello_world_dag to 2025-07-01 00:00:00+00:00, run_after=2025-07-02 00:00:00+00:00
[2025-07-02T02:33:48.864+0000] {processor.py:183} INFO - Processing /opt/airflow/dags/hello_dag.py took 0.102 seconds
[2025-07-02T02:34:19.220+0000] {processor.py:161} INFO - Started process (PID=284) to work on /opt/airflow/dags/hello_dag.py
[2025-07-02T02:34:19.222+0000] {processor.py:830} INFO - Processing file /opt/airflow/dags/hello_dag.py for tasks to queue
[2025-07-02T02:34:19.225+0000] {logging_mixin.py:188} INFO - [2025-07-02T02:34:19.225+0000] {dagbag.py:545} INFO - Filling up the DagBag from /opt/airflow/dags/hello_dag.py
[2025-07-02T02:34:19.236+0000] {processor.py:840} INFO - DAG(s) 'hello_world_dag' retrieved from /opt/airflow/dags/hello_dag.py
[2025-07-02T02:34:19.263+0000] {logging_mixin.py:188} INFO - [2025-07-02T02:34:19.262+0000] {dag.py:3089} INFO - Sync 1 DAGs
[2025-07-02T02:34:19.282+0000] {logging_mixin.py:188} INFO - [2025-07-02T02:34:19.282+0000] {dag.py:3947} INFO - Setting next_dagrun for hello_world_dag to 2025-07-01 00:00:00+00:00, run_after=2025-07-02 00:00:00+00:00
[2025-07-02T02:34:19.314+0000] {processor.py:183} INFO - Processing /opt/airflow/dags/hello_dag.py took 0.103 seconds
[2025-07-02T02:34:49.660+0000] {processor.py:161} INFO - Started process (PID=311) to work on /opt/airflow/dags/hello_dag.py
[2025-07-02T02:34:49.662+0000] {processor.py:830} INFO - Processing file /opt/airflow/dags/hello_dag.py for tasks to queue
[2025-07-02T02:34:49.665+0000] {logging_mixin.py:188} INFO - [2025-07-02T02:34:49.664+0000] {dagbag.py:545} INFO - Filling up the DagBag from /opt/airflow/dags/hello_dag.py
[2025-07-02T02:34:49.676+0000] {processor.py:840} INFO - DAG(s) 'hello_world_dag' retrieved from /opt/airflow/dags/hello_dag.py
[2025-07-02T02:34:49.712+0000] {logging_mixin.py:188} INFO - [2025-07-02T02:34:49.711+0000] {dag.py:3089} INFO - Sync 1 DAGs
[2025-07-02T02:34:49.734+0000] {logging_mixin.py:188} INFO - [2025-07-02T02:34:49.734+0000] {dag.py:3947} INFO - Setting next_dagrun for hello_world_dag to 2025-07-01 00:00:00+00:00, run_after=2025-07-02 00:00:00+00:00
[2025-07-02T02:34:49.774+0000] {processor.py:183} INFO - Processing /opt/airflow/dags/hello_dag.py took 0.119 seconds
[2025-07-02T02:35:20.180+0000] {processor.py:161} INFO - Started process (PID=338) to work on /opt/airflow/dags/hello_dag.py
[2025-07-02T02:35:20.181+0000] {processor.py:830} INFO - Processing file /opt/airflow/dags/hello_dag.py for tasks to queue
[2025-07-02T02:35:20.183+0000] {logging_mixin.py:188} INFO - [2025-07-02T02:35:20.183+0000] {dagbag.py:545} INFO - Filling up the DagBag from /opt/airflow/dags/hello_dag.py
[2025-07-02T02:35:20.201+0000] {processor.py:840} INFO - DAG(s) 'hello_world_dag' retrieved from /opt/airflow/dags/hello_dag.py
[2025-07-02T02:35:20.235+0000] {logging_mixin.py:188} INFO - [2025-07-02T02:35:20.234+0000] {dag.py:3089} INFO - Sync 1 DAGs
[2025-07-02T02:35:20.258+0000] {logging_mixin.py:188} INFO - [2025-07-02T02:35:20.258+0000] {dag.py:3947} INFO - Setting next_dagrun for hello_world_dag to 2025-07-01 00:00:00+00:00, run_after=2025-07-02 00:00:00+00:00
[2025-07-02T02:35:20.294+0000] {processor.py:183} INFO - Processing /opt/airflow/dags/hello_dag.py took 0.121 seconds
[2025-07-02T02:35:50.748+0000] {processor.py:161} INFO - Started process (PID=365) to work on /opt/airflow/dags/hello_dag.py
[2025-07-02T02:35:50.750+0000] {processor.py:830} INFO - Processing file /opt/airflow/dags/hello_dag.py for tasks to queue
[2025-07-02T02:35:50.754+0000] {logging_mixin.py:188} INFO - [2025-07-02T02:35:50.753+0000] {dagbag.py:545} INFO - Filling up the DagBag from /opt/airflow/dags/hello_dag.py
[2025-07-02T02:35:50.766+0000] {processor.py:840} INFO - DAG(s) 'hello_world_dag' retrieved from /opt/airflow/dags/hello_dag.py
[2025-07-02T02:35:50.796+0000] {logging_mixin.py:188} INFO - [2025-07-02T02:35:50.796+0000] {dag.py:3089} INFO - Sync 1 DAGs
[2025-07-02T02:35:50.819+0000] {logging_mixin.py:188} INFO - [2025-07-02T02:35:50.818+0000] {dag.py:3947} INFO - Setting next_dagrun for hello_world_dag to 2025-07-01 00:00:00+00:00, run_after=2025-07-02 00:00:00+00:00
[2025-07-02T02:35:50.856+0000] {processor.py:183} INFO - Processing /opt/airflow/dags/hello_dag.py took 0.115 seconds
[2025-07-02T02:36:21.226+0000] {processor.py:161} INFO - Started process (PID=391) to work on /opt/airflow/dags/hello_dag.py
[2025-07-02T02:36:21.227+0000] {processor.py:830} INFO - Processing file /opt/airflow/dags/hello_dag.py for tasks to queue
[2025-07-02T02:36:21.230+0000] {logging_mixin.py:188} INFO - [2025-07-02T02:36:21.230+0000] {dagbag.py:545} INFO - Filling up the DagBag from /opt/airflow/dags/hello_dag.py
[2025-07-02T02:36:21.246+0000] {processor.py:840} INFO - DAG(s) 'hello_world_dag' retrieved from /opt/airflow/dags/hello_dag.py
[2025-07-02T02:36:21.282+0000] {logging_mixin.py:188} INFO - [2025-07-02T02:36:21.281+0000] {dag.py:3089} INFO - Sync 1 DAGs
[2025-07-02T02:36:21.302+0000] {logging_mixin.py:188} INFO - [2025-07-02T02:36:21.301+0000] {dag.py:3947} INFO - Setting next_dagrun for hello_world_dag to 2025-07-01 00:00:00+00:00, run_after=2025-07-02 00:00:00+00:00
[2025-07-02T02:36:21.336+0000] {processor.py:183} INFO - Processing /opt/airflow/dags/hello_dag.py took 0.116 seconds
[2025-07-02T02:36:51.708+0000] {processor.py:161} INFO - Started process (PID=418) to work on /opt/airflow/dags/hello_dag.py
[2025-07-02T02:36:51.709+0000] {processor.py:830} INFO - Processing file /opt/airflow/dags/hello_dag.py for tasks to queue
[2025-07-02T02:36:51.714+0000] {logging_mixin.py:188} INFO - [2025-07-02T02:36:51.714+0000] {dagbag.py:545} INFO - Filling up the DagBag from /opt/airflow/dags/hello_dag.py
[2025-07-02T02:36:51.729+0000] {processor.py:840} INFO - DAG(s) 'hello_world_dag' retrieved from /opt/airflow/dags/hello_dag.py
[2025-07-02T02:36:51.760+0000] {logging_mixin.py:188} INFO - [2025-07-02T02:36:51.760+0000] {dag.py:3089} INFO - Sync 1 DAGs
[2025-07-02T02:36:51.787+0000] {logging_mixin.py:188} INFO - [2025-07-02T02:36:51.786+0000] {dag.py:3947} INFO - Setting next_dagrun for hello_world_dag to 2025-07-01 00:00:00+00:00, run_after=2025-07-02 00:00:00+00:00
[2025-07-02T02:36:51.823+0000] {processor.py:183} INFO - Processing /opt/airflow/dags/hello_dag.py took 0.122 seconds
[2025-07-02T02:37:22.216+0000] {processor.py:161} INFO - Started process (PID=446) to work on /opt/airflow/dags/hello_dag.py
[2025-07-02T02:37:22.217+0000] {processor.py:830} INFO - Processing file /opt/airflow/dags/hello_dag.py for tasks to queue
[2025-07-02T02:37:22.220+0000] {logging_mixin.py:188} INFO - [2025-07-02T02:37:22.219+0000] {dagbag.py:545} INFO - Filling up the DagBag from /opt/airflow/dags/hello_dag.py
[2025-07-02T02:37:22.232+0000] {processor.py:840} INFO - DAG(s) 'hello_world_dag' retrieved from /opt/airflow/dags/hello_dag.py
[2025-07-02T02:37:22.264+0000] {logging_mixin.py:188} INFO - [2025-07-02T02:37:22.264+0000] {dag.py:3089} INFO - Sync 1 DAGs
[2025-07-02T02:37:22.287+0000] {logging_mixin.py:188} INFO - [2025-07-02T02:37:22.287+0000] {dag.py:3947} INFO - Setting next_dagrun for hello_world_dag to 2025-07-01 00:00:00+00:00, run_after=2025-07-02 00:00:00+00:00
[2025-07-02T02:37:22.326+0000] {processor.py:183} INFO - Processing /opt/airflow/dags/hello_dag.py took 0.117 seconds
[2025-07-02T02:37:52.714+0000] {processor.py:161} INFO - Started process (PID=473) to work on /opt/airflow/dags/hello_dag.py
[2025-07-02T02:37:52.715+0000] {processor.py:830} INFO - Processing file /opt/airflow/dags/hello_dag.py for tasks to queue
[2025-07-02T02:37:52.717+0000] {logging_mixin.py:188} INFO - [2025-07-02T02:37:52.717+0000] {dagbag.py:545} INFO - Filling up the DagBag from /opt/airflow/dags/hello_dag.py
[2025-07-02T02:37:52.729+0000] {processor.py:840} INFO - DAG(s) 'hello_world_dag' retrieved from /opt/airflow/dags/hello_dag.py
[2025-07-02T02:37:52.760+0000] {logging_mixin.py:188} INFO - [2025-07-02T02:37:52.760+0000] {dag.py:3089} INFO - Sync 1 DAGs
[2025-07-02T02:37:52.780+0000] {logging_mixin.py:188} INFO - [2025-07-02T02:37:52.780+0000] {dag.py:3947} INFO - Setting next_dagrun for hello_world_dag to 2025-07-01 00:00:00+00:00, run_after=2025-07-02 00:00:00+00:00
[2025-07-02T02:37:52.821+0000] {processor.py:183} INFO - Processing /opt/airflow/dags/hello_dag.py took 0.114 seconds
[2025-07-02T02:38:23.200+0000] {processor.py:161} INFO - Started process (PID=500) to work on /opt/airflow/dags/hello_dag.py
[2025-07-02T02:38:23.202+0000] {processor.py:830} INFO - Processing file /opt/airflow/dags/hello_dag.py for tasks to queue
[2025-07-02T02:38:23.208+0000] {logging_mixin.py:188} INFO - [2025-07-02T02:38:23.207+0000] {dagbag.py:545} INFO - Filling up the DagBag from /opt/airflow/dags/hello_dag.py
[2025-07-02T02:38:23.234+0000] {processor.py:840} INFO - DAG(s) 'hello_world_dag' retrieved from /opt/airflow/dags/hello_dag.py
[2025-07-02T02:38:23.281+0000] {logging_mixin.py:188} INFO - [2025-07-02T02:38:23.281+0000] {dag.py:3089} INFO - Sync 1 DAGs
[2025-07-02T02:38:23.305+0000] {logging_mixin.py:188} INFO - [2025-07-02T02:38:23.305+0000] {dag.py:3947} INFO - Setting next_dagrun for hello_world_dag to 2025-07-01 00:00:00+00:00, run_after=2025-07-02 00:00:00+00:00
[2025-07-02T02:38:23.343+0000] {processor.py:183} INFO - Processing /opt/airflow/dags/hello_dag.py took 0.155 seconds
[2025-07-02T02:38:53.709+0000] {processor.py:161} INFO - Started process (PID=527) to work on /opt/airflow/dags/hello_dag.py
[2025-07-02T02:38:53.711+0000] {processor.py:830} INFO - Processing file /opt/airflow/dags/hello_dag.py for tasks to queue
[2025-07-02T02:38:53.713+0000] {logging_mixin.py:188} INFO - [2025-07-02T02:38:53.713+0000] {dagbag.py:545} INFO - Filling up the DagBag from /opt/airflow/dags/hello_dag.py
[2025-07-02T02:38:53.730+0000] {processor.py:840} INFO - DAG(s) 'hello_world_dag' retrieved from /opt/airflow/dags/hello_dag.py
[2025-07-02T02:38:53.760+0000] {logging_mixin.py:188} INFO - [2025-07-02T02:38:53.760+0000] {dag.py:3089} INFO - Sync 1 DAGs
[2025-07-02T02:38:53.781+0000] {logging_mixin.py:188} INFO - [2025-07-02T02:38:53.781+0000] {dag.py:3947} INFO - Setting next_dagrun for hello_world_dag to 2025-07-01 00:00:00+00:00, run_after=2025-07-02 00:00:00+00:00
[2025-07-02T02:38:53.818+0000] {processor.py:183} INFO - Processing /opt/airflow/dags/hello_dag.py took 0.115 seconds
[2025-07-02T02:39:24.167+0000] {processor.py:161} INFO - Started process (PID=554) to work on /opt/airflow/dags/hello_dag.py
[2025-07-02T02:39:24.168+0000] {processor.py:830} INFO - Processing file /opt/airflow/dags/hello_dag.py for tasks to queue
[2025-07-02T02:39:24.171+0000] {logging_mixin.py:188} INFO - [2025-07-02T02:39:24.170+0000] {dagbag.py:545} INFO - Filling up the DagBag from /opt/airflow/dags/hello_dag.py
[2025-07-02T02:39:24.181+0000] {processor.py:840} INFO - DAG(s) 'hello_world_dag' retrieved from /opt/airflow/dags/hello_dag.py
[2025-07-02T02:39:24.210+0000] {logging_mixin.py:188} INFO - [2025-07-02T02:39:24.210+0000] {dag.py:3089} INFO - Sync 1 DAGs
[2025-07-02T02:39:24.239+0000] {logging_mixin.py:188} INFO - [2025-07-02T02:39:24.238+0000] {dag.py:3947} INFO - Setting next_dagrun for hello_world_dag to 2025-07-01 00:00:00+00:00, run_after=2025-07-02 00:00:00+00:00
[2025-07-02T02:39:24.275+0000] {processor.py:183} INFO - Processing /opt/airflow/dags/hello_dag.py took 0.115 seconds
[2025-07-02T02:39:54.622+0000] {processor.py:161} INFO - Started process (PID=581) to work on /opt/airflow/dags/hello_dag.py
[2025-07-02T02:39:54.623+0000] {processor.py:830} INFO - Processing file /opt/airflow/dags/hello_dag.py for tasks to queue
[2025-07-02T02:39:54.626+0000] {logging_mixin.py:188} INFO - [2025-07-02T02:39:54.626+0000] {dagbag.py:545} INFO - Filling up the DagBag from /opt/airflow/dags/hello_dag.py
[2025-07-02T02:39:54.637+0000] {processor.py:840} INFO - DAG(s) 'hello_world_dag' retrieved from /opt/airflow/dags/hello_dag.py
[2025-07-02T02:39:54.664+0000] {logging_mixin.py:188} INFO - [2025-07-02T02:39:54.664+0000] {dag.py:3089} INFO - Sync 1 DAGs
[2025-07-02T02:39:54.684+0000] {logging_mixin.py:188} INFO - [2025-07-02T02:39:54.684+0000] {dag.py:3947} INFO - Setting next_dagrun for hello_world_dag to 2025-07-01 00:00:00+00:00, run_after=2025-07-02 00:00:00+00:00
[2025-07-02T02:39:54.714+0000] {processor.py:183} INFO - Processing /opt/airflow/dags/hello_dag.py took 0.098 seconds
[2025-07-02T02:40:25.057+0000] {processor.py:161} INFO - Started process (PID=608) to work on /opt/airflow/dags/hello_dag.py
[2025-07-02T02:40:25.058+0000] {processor.py:830} INFO - Processing file /opt/airflow/dags/hello_dag.py for tasks to queue
[2025-07-02T02:40:25.061+0000] {logging_mixin.py:188} INFO - [2025-07-02T02:40:25.060+0000] {dagbag.py:545} INFO - Filling up the DagBag from /opt/airflow/dags/hello_dag.py
[2025-07-02T02:40:25.073+0000] {processor.py:840} INFO - DAG(s) 'hello_world_dag' retrieved from /opt/airflow/dags/hello_dag.py
[2025-07-02T02:40:25.086+0000] {logging_mixin.py:188} INFO - [2025-07-02T02:40:25.086+0000] {dag.py:3089} INFO - Sync 1 DAGs
[2025-07-02T02:40:25.111+0000] {logging_mixin.py:188} INFO - [2025-07-02T02:40:25.110+0000] {dag.py:3947} INFO - Setting next_dagrun for hello_world_dag to 2025-07-01 00:00:00+00:00, run_after=2025-07-02 00:00:00+00:00
[2025-07-02T02:40:25.144+0000] {processor.py:183} INFO - Processing /opt/airflow/dags/hello_dag.py took 0.095 seconds
[2025-07-02T02:40:55.474+0000] {processor.py:161} INFO - Started process (PID=635) to work on /opt/airflow/dags/hello_dag.py
[2025-07-02T02:40:55.476+0000] {processor.py:830} INFO - Processing file /opt/airflow/dags/hello_dag.py for tasks to queue
[2025-07-02T02:40:55.478+0000] {logging_mixin.py:188} INFO - [2025-07-02T02:40:55.477+0000] {dagbag.py:545} INFO - Filling up the DagBag from /opt/airflow/dags/hello_dag.py
[2025-07-02T02:40:55.489+0000] {processor.py:840} INFO - DAG(s) 'hello_world_dag' retrieved from /opt/airflow/dags/hello_dag.py
[2025-07-02T02:40:55.640+0000] {logging_mixin.py:188} INFO - [2025-07-02T02:40:55.640+0000] {dag.py:3089} INFO - Sync 1 DAGs
[2025-07-02T02:40:55.664+0000] {logging_mixin.py:188} INFO - [2025-07-02T02:40:55.664+0000] {dag.py:3947} INFO - Setting next_dagrun for hello_world_dag to 2025-07-01 00:00:00+00:00, run_after=2025-07-02 00:00:00+00:00
[2025-07-02T02:40:55.711+0000] {processor.py:183} INFO - Processing /opt/airflow/dags/hello_dag.py took 0.244 seconds
[2025-07-02T02:41:26.132+0000] {processor.py:161} INFO - Started process (PID=662) to work on /opt/airflow/dags/hello_dag.py
[2025-07-02T02:41:26.133+0000] {processor.py:830} INFO - Processing file /opt/airflow/dags/hello_dag.py for tasks to queue
[2025-07-02T02:41:26.136+0000] {logging_mixin.py:188} INFO - [2025-07-02T02:41:26.135+0000] {dagbag.py:545} INFO - Filling up the DagBag from /opt/airflow/dags/hello_dag.py
[2025-07-02T02:41:26.149+0000] {processor.py:840} INFO - DAG(s) 'hello_world_dag' retrieved from /opt/airflow/dags/hello_dag.py
[2025-07-02T02:41:26.182+0000] {logging_mixin.py:188} INFO - [2025-07-02T02:41:26.182+0000] {dag.py:3089} INFO - Sync 1 DAGs
[2025-07-02T02:41:26.208+0000] {logging_mixin.py:188} INFO - [2025-07-02T02:41:26.208+0000] {dag.py:3947} INFO - Setting next_dagrun for hello_world_dag to 2025-07-01 00:00:00+00:00, run_after=2025-07-02 00:00:00+00:00
[2025-07-02T02:41:26.244+0000] {processor.py:183} INFO - Processing /opt/airflow/dags/hello_dag.py took 0.119 seconds
[2025-07-02T02:46:24.606+0000] {processor.py:161} INFO - Started process (PID=183) to work on /opt/airflow/dags/hello_dag.py
[2025-07-02T02:46:24.608+0000] {processor.py:830} INFO - Processing file /opt/airflow/dags/hello_dag.py for tasks to queue
[2025-07-02T02:46:24.611+0000] {logging_mixin.py:188} INFO - [2025-07-02T02:46:24.610+0000] {dagbag.py:545} INFO - Filling up the DagBag from /opt/airflow/dags/hello_dag.py
[2025-07-02T02:46:24.859+0000] {processor.py:840} INFO - DAG(s) 'hello_world_dag' retrieved from /opt/airflow/dags/hello_dag.py
[2025-07-02T02:46:25.510+0000] {logging_mixin.py:188} INFO - [2025-07-02T02:46:25.509+0000] {override.py:1858} INFO - Created Permission View: can edit on DAG:hello_world_dag
[2025-07-02T02:46:25.547+0000] {logging_mixin.py:188} INFO - [2025-07-02T02:46:25.547+0000] {override.py:1858} INFO - Created Permission View: can read on DAG:hello_world_dag
[2025-07-02T02:46:25.566+0000] {logging_mixin.py:188} INFO - [2025-07-02T02:46:25.565+0000] {override.py:1858} INFO - Created Permission View: can delete on DAG:hello_world_dag
[2025-07-02T02:46:25.567+0000] {logging_mixin.py:188} INFO - [2025-07-02T02:46:25.566+0000] {dag.py:3089} INFO - Sync 1 DAGs
[2025-07-02T02:46:25.584+0000] {logging_mixin.py:188} INFO - [2025-07-02T02:46:25.583+0000] {dag.py:3111} INFO - Creating ORM DAG for hello_world_dag
[2025-07-02T02:46:25.598+0000] {logging_mixin.py:188} INFO - [2025-07-02T02:46:25.598+0000] {dag.py:3947} INFO - Setting next_dagrun for hello_world_dag to 2025-07-01 00:00:00+00:00, run_after=2025-07-02 00:00:00+00:00
[2025-07-02T02:46:25.651+0000] {processor.py:183} INFO - Processing /opt/airflow/dags/hello_dag.py took 1.054 seconds
[2025-07-02T02:50:04.753+0000] {processor.py:161} INFO - Started process (PID=183) to work on /opt/airflow/dags/hello_dag.py
[2025-07-02T02:50:04.755+0000] {processor.py:830} INFO - Processing file /opt/airflow/dags/hello_dag.py for tasks to queue
[2025-07-02T02:50:04.758+0000] {logging_mixin.py:188} INFO - [2025-07-02T02:50:04.758+0000] {dagbag.py:545} INFO - Filling up the DagBag from /opt/airflow/dags/hello_dag.py
[2025-07-02T02:50:04.959+0000] {processor.py:840} INFO - DAG(s) 'hello_world_dag' retrieved from /opt/airflow/dags/hello_dag.py
[2025-07-02T02:50:05.569+0000] {logging_mixin.py:188} INFO - [2025-07-02T02:50:05.568+0000] {override.py:1858} INFO - Created Permission View: can delete on DAG:hello_world_dag
[2025-07-02T02:50:05.601+0000] {logging_mixin.py:188} INFO - [2025-07-02T02:50:05.600+0000] {override.py:1858} INFO - Created Permission View: can read on DAG:hello_world_dag
[2025-07-02T02:50:05.620+0000] {logging_mixin.py:188} INFO - [2025-07-02T02:50:05.619+0000] {override.py:1858} INFO - Created Permission View: can edit on DAG:hello_world_dag
[2025-07-02T02:50:05.621+0000] {logging_mixin.py:188} INFO - [2025-07-02T02:50:05.620+0000] {dag.py:3089} INFO - Sync 1 DAGs
[2025-07-02T02:50:05.635+0000] {logging_mixin.py:188} INFO - [2025-07-02T02:50:05.635+0000] {dag.py:3111} INFO - Creating ORM DAG for hello_world_dag
[2025-07-02T02:50:05.651+0000] {logging_mixin.py:188} INFO - [2025-07-02T02:50:05.651+0000] {dag.py:3947} INFO - Setting next_dagrun for hello_world_dag to 2025-07-01 00:00:00+00:00, run_after=2025-07-02 00:00:00+00:00
[2025-07-02T02:50:05.692+0000] {processor.py:183} INFO - Processing /opt/airflow/dags/hello_dag.py took 0.945 seconds
[2025-07-02T02:50:40.560+0000] {processor.py:161} INFO - Started process (PID=209) to work on /opt/airflow/dags/hello_dag.py
[2025-07-02T02:50:40.565+0000] {processor.py:830} INFO - Processing file /opt/airflow/dags/hello_dag.py for tasks to queue
[2025-07-02T02:50:40.572+0000] {logging_mixin.py:188} INFO - [2025-07-02T02:50:40.569+0000] {dagbag.py:545} INFO - Filling up the DagBag from /opt/airflow/dags/hello_dag.py
[2025-07-02T02:50:40.622+0000] {processor.py:840} INFO - DAG(s) 'hello_world_dag' retrieved from /opt/airflow/dags/hello_dag.py
[2025-07-02T02:50:40.720+0000] {logging_mixin.py:188} INFO - [2025-07-02T02:50:40.719+0000] {dag.py:3089} INFO - Sync 1 DAGs
[2025-07-02T02:50:40.759+0000] {logging_mixin.py:188} INFO - [2025-07-02T02:50:40.758+0000] {dag.py:3947} INFO - Setting next_dagrun for hello_world_dag to 2025-07-01 00:00:00+00:00, run_after=2025-07-02 00:00:00+00:00
[2025-07-02T02:50:40.817+0000] {processor.py:183} INFO - Processing /opt/airflow/dags/hello_dag.py took 0.302 seconds
[2025-07-02T02:51:10.967+0000] {processor.py:161} INFO - Started process (PID=230) to work on /opt/airflow/dags/hello_dag.py
[2025-07-02T02:51:10.968+0000] {processor.py:830} INFO - Processing file /opt/airflow/dags/hello_dag.py for tasks to queue
[2025-07-02T02:51:10.971+0000] {logging_mixin.py:188} INFO - [2025-07-02T02:51:10.970+0000] {dagbag.py:545} INFO - Filling up the DagBag from /opt/airflow/dags/hello_dag.py
[2025-07-02T02:51:11.012+0000] {processor.py:840} INFO - DAG(s) 'hello_world_dag' retrieved from /opt/airflow/dags/hello_dag.py
[2025-07-02T02:51:11.041+0000] {logging_mixin.py:188} INFO - [2025-07-02T02:51:11.041+0000] {dag.py:3089} INFO - Sync 1 DAGs
[2025-07-02T02:51:11.065+0000] {logging_mixin.py:188} INFO - [2025-07-02T02:51:11.064+0000] {dag.py:3947} INFO - Setting next_dagrun for hello_world_dag to 2025-07-01 00:00:00+00:00, run_after=2025-07-02 00:00:00+00:00
[2025-07-02T02:51:11.102+0000] {processor.py:183} INFO - Processing /opt/airflow/dags/hello_dag.py took 0.141 seconds
[2025-07-02T02:51:41.447+0000] {processor.py:161} INFO - Started process (PID=257) to work on /opt/airflow/dags/hello_dag.py
[2025-07-02T02:51:41.448+0000] {processor.py:830} INFO - Processing file /opt/airflow/dags/hello_dag.py for tasks to queue
[2025-07-02T02:51:41.450+0000] {logging_mixin.py:188} INFO - [2025-07-02T02:51:41.450+0000] {dagbag.py:545} INFO - Filling up the DagBag from /opt/airflow/dags/hello_dag.py
[2025-07-02T02:51:41.462+0000] {processor.py:840} INFO - DAG(s) 'hello_world_dag' retrieved from /opt/airflow/dags/hello_dag.py
[2025-07-02T02:51:41.495+0000] {logging_mixin.py:188} INFO - [2025-07-02T02:51:41.494+0000] {dag.py:3089} INFO - Sync 1 DAGs
[2025-07-02T02:51:41.517+0000] {logging_mixin.py:188} INFO - [2025-07-02T02:51:41.517+0000] {dag.py:3947} INFO - Setting next_dagrun for hello_world_dag to 2025-07-01 00:00:00+00:00, run_after=2025-07-02 00:00:00+00:00
[2025-07-02T02:51:41.551+0000] {processor.py:183} INFO - Processing /opt/airflow/dags/hello_dag.py took 0.111 seconds
[2025-07-02T02:53:38.075+0000] {processor.py:161} INFO - Started process (PID=182) to work on /opt/airflow/dags/hello_dag.py
[2025-07-02T02:53:38.076+0000] {processor.py:830} INFO - Processing file /opt/airflow/dags/hello_dag.py for tasks to queue
[2025-07-02T02:53:38.079+0000] {logging_mixin.py:188} INFO - [2025-07-02T02:53:38.079+0000] {dagbag.py:545} INFO - Filling up the DagBag from /opt/airflow/dags/hello_dag.py
[2025-07-02T02:53:38.392+0000] {processor.py:840} INFO - DAG(s) 'hello_world_dag' retrieved from /opt/airflow/dags/hello_dag.py
[2025-07-02T02:53:38.993+0000] {logging_mixin.py:188} INFO - [2025-07-02T02:53:38.992+0000] {override.py:1858} INFO - Created Permission View: can read on DAG:hello_world_dag
[2025-07-02T02:53:39.033+0000] {logging_mixin.py:188} INFO - [2025-07-02T02:53:39.032+0000] {override.py:1858} INFO - Created Permission View: can delete on DAG:hello_world_dag
[2025-07-02T02:53:39.063+0000] {logging_mixin.py:188} INFO - [2025-07-02T02:53:39.062+0000] {override.py:1858} INFO - Created Permission View: can edit on DAG:hello_world_dag
[2025-07-02T02:53:39.065+0000] {logging_mixin.py:188} INFO - [2025-07-02T02:53:39.064+0000] {dag.py:3089} INFO - Sync 1 DAGs
[2025-07-02T02:53:39.085+0000] {logging_mixin.py:188} INFO - [2025-07-02T02:53:39.085+0000] {dag.py:3111} INFO - Creating ORM DAG for hello_world_dag
[2025-07-02T02:53:39.107+0000] {logging_mixin.py:188} INFO - [2025-07-02T02:53:39.107+0000] {dag.py:3947} INFO - Setting next_dagrun for hello_world_dag to 2025-07-01 00:00:00+00:00, run_after=2025-07-02 00:00:00+00:00
[2025-07-02T02:53:39.161+0000] {processor.py:183} INFO - Processing /opt/airflow/dags/hello_dag.py took 1.094 seconds
[2025-07-02T02:54:19.499+0000] {processor.py:161} INFO - Started process (PID=202) to work on /opt/airflow/dags/hello_dag.py
[2025-07-02T02:54:19.516+0000] {processor.py:830} INFO - Processing file /opt/airflow/dags/hello_dag.py for tasks to queue
[2025-07-02T02:54:19.525+0000] {logging_mixin.py:188} INFO - [2025-07-02T02:54:19.520+0000] {dagbag.py:545} INFO - Filling up the DagBag from /opt/airflow/dags/hello_dag.py
[2025-07-02T02:54:19.606+0000] {processor.py:840} INFO - DAG(s) 'hello_world_dag' retrieved from /opt/airflow/dags/hello_dag.py
[2025-07-02T02:54:19.679+0000] {logging_mixin.py:188} INFO - [2025-07-02T02:54:19.679+0000] {dag.py:3089} INFO - Sync 1 DAGs
[2025-07-02T02:54:19.704+0000] {logging_mixin.py:188} INFO - [2025-07-02T02:54:19.704+0000] {dag.py:3947} INFO - Setting next_dagrun for hello_world_dag to 2025-07-01 00:00:00+00:00, run_after=2025-07-02 00:00:00+00:00
[2025-07-02T02:54:19.743+0000] {processor.py:183} INFO - Processing /opt/airflow/dags/hello_dag.py took 0.263 seconds
[2025-07-02T02:54:50.116+0000] {processor.py:161} INFO - Started process (PID=228) to work on /opt/airflow/dags/hello_dag.py
[2025-07-02T02:54:50.117+0000] {processor.py:830} INFO - Processing file /opt/airflow/dags/hello_dag.py for tasks to queue
[2025-07-02T02:54:50.121+0000] {logging_mixin.py:188} INFO - [2025-07-02T02:54:50.120+0000] {dagbag.py:545} INFO - Filling up the DagBag from /opt/airflow/dags/hello_dag.py
[2025-07-02T02:54:50.132+0000] {processor.py:840} INFO - DAG(s) 'hello_world_dag' retrieved from /opt/airflow/dags/hello_dag.py
[2025-07-02T02:54:50.164+0000] {logging_mixin.py:188} INFO - [2025-07-02T02:54:50.163+0000] {dag.py:3089} INFO - Sync 1 DAGs
[2025-07-02T02:54:50.193+0000] {logging_mixin.py:188} INFO - [2025-07-02T02:54:50.193+0000] {dag.py:3947} INFO - Setting next_dagrun for hello_world_dag to 2025-07-01 00:00:00+00:00, run_after=2025-07-02 00:00:00+00:00
[2025-07-02T02:54:50.231+0000] {processor.py:183} INFO - Processing /opt/airflow/dags/hello_dag.py took 0.121 seconds
[2025-07-02T02:55:20.605+0000] {processor.py:161} INFO - Started process (PID=255) to work on /opt/airflow/dags/hello_dag.py
[2025-07-02T02:55:20.606+0000] {processor.py:830} INFO - Processing file /opt/airflow/dags/hello_dag.py for tasks to queue
[2025-07-02T02:55:20.610+0000] {logging_mixin.py:188} INFO - [2025-07-02T02:55:20.609+0000] {dagbag.py:545} INFO - Filling up the DagBag from /opt/airflow/dags/hello_dag.py
[2025-07-02T02:55:20.623+0000] {processor.py:840} INFO - DAG(s) 'hello_world_dag' retrieved from /opt/airflow/dags/hello_dag.py
[2025-07-02T02:55:20.656+0000] {logging_mixin.py:188} INFO - [2025-07-02T02:55:20.655+0000] {dag.py:3089} INFO - Sync 1 DAGs
[2025-07-02T02:55:20.679+0000] {logging_mixin.py:188} INFO - [2025-07-02T02:55:20.679+0000] {dag.py:3947} INFO - Setting next_dagrun for hello_world_dag to 2025-07-01 00:00:00+00:00, run_after=2025-07-02 00:00:00+00:00
[2025-07-02T02:55:20.718+0000] {processor.py:183} INFO - Processing /opt/airflow/dags/hello_dag.py took 0.121 seconds
[2025-07-02T02:55:51.104+0000] {processor.py:161} INFO - Started process (PID=282) to work on /opt/airflow/dags/hello_dag.py
[2025-07-02T02:55:51.106+0000] {processor.py:830} INFO - Processing file /opt/airflow/dags/hello_dag.py for tasks to queue
[2025-07-02T02:55:51.109+0000] {logging_mixin.py:188} INFO - [2025-07-02T02:55:51.109+0000] {dagbag.py:545} INFO - Filling up the DagBag from /opt/airflow/dags/hello_dag.py
[2025-07-02T02:55:51.122+0000] {processor.py:840} INFO - DAG(s) 'hello_world_dag' retrieved from /opt/airflow/dags/hello_dag.py
[2025-07-02T02:55:51.157+0000] {logging_mixin.py:188} INFO - [2025-07-02T02:55:51.156+0000] {dag.py:3089} INFO - Sync 1 DAGs
[2025-07-02T02:55:51.180+0000] {logging_mixin.py:188} INFO - [2025-07-02T02:55:51.180+0000] {dag.py:3947} INFO - Setting next_dagrun for hello_world_dag to 2025-07-01 00:00:00+00:00, run_after=2025-07-02 00:00:00+00:00
[2025-07-02T02:55:51.213+0000] {processor.py:183} INFO - Processing /opt/airflow/dags/hello_dag.py took 0.115 seconds
[2025-07-02T02:56:21.561+0000] {processor.py:161} INFO - Started process (PID=309) to work on /opt/airflow/dags/hello_dag.py
[2025-07-02T02:56:21.562+0000] {processor.py:830} INFO - Processing file /opt/airflow/dags/hello_dag.py for tasks to queue
[2025-07-02T02:56:21.565+0000] {logging_mixin.py:188} INFO - [2025-07-02T02:56:21.565+0000] {dagbag.py:545} INFO - Filling up the DagBag from /opt/airflow/dags/hello_dag.py
[2025-07-02T02:56:21.580+0000] {processor.py:840} INFO - DAG(s) 'hello_world_dag' retrieved from /opt/airflow/dags/hello_dag.py
[2025-07-02T02:56:21.611+0000] {logging_mixin.py:188} INFO - [2025-07-02T02:56:21.610+0000] {dag.py:3089} INFO - Sync 1 DAGs
[2025-07-02T02:56:21.637+0000] {logging_mixin.py:188} INFO - [2025-07-02T02:56:21.637+0000] {dag.py:3947} INFO - Setting next_dagrun for hello_world_dag to 2025-07-01 00:00:00+00:00, run_after=2025-07-02 00:00:00+00:00
[2025-07-02T02:56:21.678+0000] {processor.py:183} INFO - Processing /opt/airflow/dags/hello_dag.py took 0.125 seconds
[2025-07-02T02:56:52.044+0000] {processor.py:161} INFO - Started process (PID=335) to work on /opt/airflow/dags/hello_dag.py
[2025-07-02T02:56:52.045+0000] {processor.py:830} INFO - Processing file /opt/airflow/dags/hello_dag.py for tasks to queue
[2025-07-02T02:56:52.048+0000] {logging_mixin.py:188} INFO - [2025-07-02T02:56:52.047+0000] {dagbag.py:545} INFO - Filling up the DagBag from /opt/airflow/dags/hello_dag.py
[2025-07-02T02:56:52.061+0000] {processor.py:840} INFO - DAG(s) 'hello_world_dag' retrieved from /opt/airflow/dags/hello_dag.py
[2025-07-02T02:56:52.098+0000] {logging_mixin.py:188} INFO - [2025-07-02T02:56:52.098+0000] {dag.py:3089} INFO - Sync 1 DAGs
[2025-07-02T02:56:52.125+0000] {logging_mixin.py:188} INFO - [2025-07-02T02:56:52.125+0000] {dag.py:3947} INFO - Setting next_dagrun for hello_world_dag to 2025-07-01 00:00:00+00:00, run_after=2025-07-02 00:00:00+00:00
[2025-07-02T02:56:52.164+0000] {processor.py:183} INFO - Processing /opt/airflow/dags/hello_dag.py took 0.128 seconds
[2025-07-02T02:57:22.537+0000] {processor.py:161} INFO - Started process (PID=362) to work on /opt/airflow/dags/hello_dag.py
[2025-07-02T02:57:22.539+0000] {processor.py:830} INFO - Processing file /opt/airflow/dags/hello_dag.py for tasks to queue
[2025-07-02T02:57:22.541+0000] {logging_mixin.py:188} INFO - [2025-07-02T02:57:22.541+0000] {dagbag.py:545} INFO - Filling up the DagBag from /opt/airflow/dags/hello_dag.py
[2025-07-02T02:57:22.554+0000] {processor.py:840} INFO - DAG(s) 'hello_world_dag' retrieved from /opt/airflow/dags/hello_dag.py
[2025-07-02T02:57:22.586+0000] {logging_mixin.py:188} INFO - [2025-07-02T02:57:22.586+0000] {dag.py:3089} INFO - Sync 1 DAGs
[2025-07-02T02:57:22.609+0000] {logging_mixin.py:188} INFO - [2025-07-02T02:57:22.608+0000] {dag.py:3947} INFO - Setting next_dagrun for hello_world_dag to 2025-07-01 00:00:00+00:00, run_after=2025-07-02 00:00:00+00:00
[2025-07-02T02:57:22.642+0000] {processor.py:183} INFO - Processing /opt/airflow/dags/hello_dag.py took 0.111 seconds
[2025-07-02T02:57:53.006+0000] {processor.py:161} INFO - Started process (PID=389) to work on /opt/airflow/dags/hello_dag.py
[2025-07-02T02:57:53.007+0000] {processor.py:830} INFO - Processing file /opt/airflow/dags/hello_dag.py for tasks to queue
[2025-07-02T02:57:53.010+0000] {logging_mixin.py:188} INFO - [2025-07-02T02:57:53.010+0000] {dagbag.py:545} INFO - Filling up the DagBag from /opt/airflow/dags/hello_dag.py
[2025-07-02T02:57:53.023+0000] {processor.py:840} INFO - DAG(s) 'hello_world_dag' retrieved from /opt/airflow/dags/hello_dag.py
[2025-07-02T02:57:53.060+0000] {logging_mixin.py:188} INFO - [2025-07-02T02:57:53.059+0000] {dag.py:3089} INFO - Sync 1 DAGs
[2025-07-02T02:57:53.087+0000] {logging_mixin.py:188} INFO - [2025-07-02T02:57:53.086+0000] {dag.py:3947} INFO - Setting next_dagrun for hello_world_dag to 2025-07-01 00:00:00+00:00, run_after=2025-07-02 00:00:00+00:00
[2025-07-02T02:57:53.123+0000] {processor.py:183} INFO - Processing /opt/airflow/dags/hello_dag.py took 0.124 seconds
[2025-07-02T02:58:23.485+0000] {processor.py:161} INFO - Started process (PID=416) to work on /opt/airflow/dags/hello_dag.py
[2025-07-02T02:58:23.487+0000] {processor.py:830} INFO - Processing file /opt/airflow/dags/hello_dag.py for tasks to queue
[2025-07-02T02:58:23.490+0000] {logging_mixin.py:188} INFO - [2025-07-02T02:58:23.489+0000] {dagbag.py:545} INFO - Filling up the DagBag from /opt/airflow/dags/hello_dag.py
[2025-07-02T02:58:23.503+0000] {processor.py:840} INFO - DAG(s) 'hello_world_dag' retrieved from /opt/airflow/dags/hello_dag.py
[2025-07-02T02:58:23.534+0000] {logging_mixin.py:188} INFO - [2025-07-02T02:58:23.534+0000] {dag.py:3089} INFO - Sync 1 DAGs
[2025-07-02T02:58:23.556+0000] {logging_mixin.py:188} INFO - [2025-07-02T02:58:23.556+0000] {dag.py:3947} INFO - Setting next_dagrun for hello_world_dag to 2025-07-01 00:00:00+00:00, run_after=2025-07-02 00:00:00+00:00
[2025-07-02T02:58:23.594+0000] {processor.py:183} INFO - Processing /opt/airflow/dags/hello_dag.py took 0.115 seconds
[2025-07-02T02:58:53.986+0000] {processor.py:161} INFO - Started process (PID=443) to work on /opt/airflow/dags/hello_dag.py
[2025-07-02T02:58:53.987+0000] {processor.py:830} INFO - Processing file /opt/airflow/dags/hello_dag.py for tasks to queue
[2025-07-02T02:58:53.990+0000] {logging_mixin.py:188} INFO - [2025-07-02T02:58:53.989+0000] {dagbag.py:545} INFO - Filling up the DagBag from /opt/airflow/dags/hello_dag.py
[2025-07-02T02:58:54.000+0000] {processor.py:840} INFO - DAG(s) 'hello_world_dag' retrieved from /opt/airflow/dags/hello_dag.py
[2025-07-02T02:58:54.030+0000] {logging_mixin.py:188} INFO - [2025-07-02T02:58:54.030+0000] {dag.py:3089} INFO - Sync 1 DAGs
[2025-07-02T02:58:54.052+0000] {logging_mixin.py:188} INFO - [2025-07-02T02:58:54.052+0000] {dag.py:3947} INFO - Setting next_dagrun for hello_world_dag to 2025-07-01 00:00:00+00:00, run_after=2025-07-02 00:00:00+00:00
[2025-07-02T02:58:54.083+0000] {processor.py:183} INFO - Processing /opt/airflow/dags/hello_dag.py took 0.104 seconds
[2025-07-02T02:59:24.433+0000] {processor.py:161} INFO - Started process (PID=470) to work on /opt/airflow/dags/hello_dag.py
[2025-07-02T02:59:24.434+0000] {processor.py:830} INFO - Processing file /opt/airflow/dags/hello_dag.py for tasks to queue
[2025-07-02T02:59:24.437+0000] {logging_mixin.py:188} INFO - [2025-07-02T02:59:24.436+0000] {dagbag.py:545} INFO - Filling up the DagBag from /opt/airflow/dags/hello_dag.py
[2025-07-02T02:59:24.449+0000] {processor.py:840} INFO - DAG(s) 'hello_world_dag' retrieved from /opt/airflow/dags/hello_dag.py
[2025-07-02T02:59:24.479+0000] {logging_mixin.py:188} INFO - [2025-07-02T02:59:24.479+0000] {dag.py:3089} INFO - Sync 1 DAGs
[2025-07-02T02:59:24.504+0000] {logging_mixin.py:188} INFO - [2025-07-02T02:59:24.504+0000] {dag.py:3947} INFO - Setting next_dagrun for hello_world_dag to 2025-07-01 00:00:00+00:00, run_after=2025-07-02 00:00:00+00:00
[2025-07-02T02:59:24.539+0000] {processor.py:183} INFO - Processing /opt/airflow/dags/hello_dag.py took 0.112 seconds
[2025-07-02T02:59:54.882+0000] {processor.py:161} INFO - Started process (PID=497) to work on /opt/airflow/dags/hello_dag.py
[2025-07-02T02:59:54.883+0000] {processor.py:830} INFO - Processing file /opt/airflow/dags/hello_dag.py for tasks to queue
[2025-07-02T02:59:54.887+0000] {logging_mixin.py:188} INFO - [2025-07-02T02:59:54.886+0000] {dagbag.py:545} INFO - Filling up the DagBag from /opt/airflow/dags/hello_dag.py
[2025-07-02T02:59:54.901+0000] {processor.py:840} INFO - DAG(s) 'hello_world_dag' retrieved from /opt/airflow/dags/hello_dag.py
[2025-07-02T02:59:54.932+0000] {logging_mixin.py:188} INFO - [2025-07-02T02:59:54.932+0000] {dag.py:3089} INFO - Sync 1 DAGs
[2025-07-02T02:59:54.956+0000] {logging_mixin.py:188} INFO - [2025-07-02T02:59:54.955+0000] {dag.py:3947} INFO - Setting next_dagrun for hello_world_dag to 2025-07-01 00:00:00+00:00, run_after=2025-07-02 00:00:00+00:00
[2025-07-02T02:59:54.990+0000] {processor.py:183} INFO - Processing /opt/airflow/dags/hello_dag.py took 0.115 seconds
[2025-07-02T03:00:25.345+0000] {processor.py:161} INFO - Started process (PID=524) to work on /opt/airflow/dags/hello_dag.py
[2025-07-02T03:00:25.347+0000] {processor.py:830} INFO - Processing file /opt/airflow/dags/hello_dag.py for tasks to queue
[2025-07-02T03:00:25.350+0000] {logging_mixin.py:188} INFO - [2025-07-02T03:00:25.349+0000] {dagbag.py:545} INFO - Filling up the DagBag from /opt/airflow/dags/hello_dag.py
[2025-07-02T03:00:25.364+0000] {processor.py:840} INFO - DAG(s) 'hello_world_dag' retrieved from /opt/airflow/dags/hello_dag.py
[2025-07-02T03:00:25.393+0000] {logging_mixin.py:188} INFO - [2025-07-02T03:00:25.393+0000] {dag.py:3089} INFO - Sync 1 DAGs
[2025-07-02T03:00:25.415+0000] {logging_mixin.py:188} INFO - [2025-07-02T03:00:25.415+0000] {dag.py:3947} INFO - Setting next_dagrun for hello_world_dag to 2025-07-01 00:00:00+00:00, run_after=2025-07-02 00:00:00+00:00
[2025-07-02T03:00:25.452+0000] {processor.py:183} INFO - Processing /opt/airflow/dags/hello_dag.py took 0.114 seconds
[2025-07-02T03:00:55.810+0000] {processor.py:161} INFO - Started process (PID=551) to work on /opt/airflow/dags/hello_dag.py
[2025-07-02T03:00:55.811+0000] {processor.py:830} INFO - Processing file /opt/airflow/dags/hello_dag.py for tasks to queue
[2025-07-02T03:00:55.814+0000] {logging_mixin.py:188} INFO - [2025-07-02T03:00:55.813+0000] {dagbag.py:545} INFO - Filling up the DagBag from /opt/airflow/dags/hello_dag.py
[2025-07-02T03:00:55.826+0000] {processor.py:840} INFO - DAG(s) 'hello_world_dag' retrieved from /opt/airflow/dags/hello_dag.py
[2025-07-02T03:00:55.853+0000] {logging_mixin.py:188} INFO - [2025-07-02T03:00:55.853+0000] {dag.py:3089} INFO - Sync 1 DAGs
[2025-07-02T03:00:55.874+0000] {logging_mixin.py:188} INFO - [2025-07-02T03:00:55.874+0000] {dag.py:3947} INFO - Setting next_dagrun for hello_world_dag to 2025-07-01 00:00:00+00:00, run_after=2025-07-02 00:00:00+00:00
[2025-07-02T03:00:55.916+0000] {processor.py:183} INFO - Processing /opt/airflow/dags/hello_dag.py took 0.112 seconds
[2025-07-02T03:01:26.265+0000] {processor.py:161} INFO - Started process (PID=578) to work on /opt/airflow/dags/hello_dag.py
[2025-07-02T03:01:26.266+0000] {processor.py:830} INFO - Processing file /opt/airflow/dags/hello_dag.py for tasks to queue
[2025-07-02T03:01:26.269+0000] {logging_mixin.py:188} INFO - [2025-07-02T03:01:26.269+0000] {dagbag.py:545} INFO - Filling up the DagBag from /opt/airflow/dags/hello_dag.py
[2025-07-02T03:01:26.283+0000] {processor.py:840} INFO - DAG(s) 'hello_world_dag' retrieved from /opt/airflow/dags/hello_dag.py
[2025-07-02T03:01:26.319+0000] {logging_mixin.py:188} INFO - [2025-07-02T03:01:26.318+0000] {dag.py:3089} INFO - Sync 1 DAGs
[2025-07-02T03:01:26.345+0000] {logging_mixin.py:188} INFO - [2025-07-02T03:01:26.345+0000] {dag.py:3947} INFO - Setting next_dagrun for hello_world_dag to 2025-07-01 00:00:00+00:00, run_after=2025-07-02 00:00:00+00:00
[2025-07-02T03:01:26.379+0000] {processor.py:183} INFO - Processing /opt/airflow/dags/hello_dag.py took 0.122 seconds
[2025-07-02T03:01:56.744+0000] {processor.py:161} INFO - Started process (PID=605) to work on /opt/airflow/dags/hello_dag.py
[2025-07-02T03:01:56.745+0000] {processor.py:830} INFO - Processing file /opt/airflow/dags/hello_dag.py for tasks to queue
[2025-07-02T03:01:56.749+0000] {logging_mixin.py:188} INFO - [2025-07-02T03:01:56.748+0000] {dagbag.py:545} INFO - Filling up the DagBag from /opt/airflow/dags/hello_dag.py
[2025-07-02T03:01:56.762+0000] {processor.py:840} INFO - DAG(s) 'hello_world_dag' retrieved from /opt/airflow/dags/hello_dag.py
[2025-07-02T03:01:56.794+0000] {logging_mixin.py:188} INFO - [2025-07-02T03:01:56.793+0000] {dag.py:3089} INFO - Sync 1 DAGs
[2025-07-02T03:01:56.818+0000] {logging_mixin.py:188} INFO - [2025-07-02T03:01:56.818+0000] {dag.py:3947} INFO - Setting next_dagrun for hello_world_dag to 2025-07-01 00:00:00+00:00, run_after=2025-07-02 00:00:00+00:00
[2025-07-02T03:01:56.852+0000] {processor.py:183} INFO - Processing /opt/airflow/dags/hello_dag.py took 0.116 seconds
[2025-07-02T03:02:27.224+0000] {processor.py:161} INFO - Started process (PID=632) to work on /opt/airflow/dags/hello_dag.py
[2025-07-02T03:02:27.226+0000] {processor.py:830} INFO - Processing file /opt/airflow/dags/hello_dag.py for tasks to queue
[2025-07-02T03:02:27.228+0000] {logging_mixin.py:188} INFO - [2025-07-02T03:02:27.228+0000] {dagbag.py:545} INFO - Filling up the DagBag from /opt/airflow/dags/hello_dag.py
[2025-07-02T03:02:27.242+0000] {processor.py:840} INFO - DAG(s) 'hello_world_dag' retrieved from /opt/airflow/dags/hello_dag.py
[2025-07-02T03:02:27.270+0000] {logging_mixin.py:188} INFO - [2025-07-02T03:02:27.270+0000] {dag.py:3089} INFO - Sync 1 DAGs
[2025-07-02T03:02:27.292+0000] {logging_mixin.py:188} INFO - [2025-07-02T03:02:27.292+0000] {dag.py:3947} INFO - Setting next_dagrun for hello_world_dag to 2025-07-01 00:00:00+00:00, run_after=2025-07-02 00:00:00+00:00
[2025-07-02T03:02:27.328+0000] {processor.py:183} INFO - Processing /opt/airflow/dags/hello_dag.py took 0.110 seconds
[2025-07-02T03:02:57.719+0000] {processor.py:161} INFO - Started process (PID=659) to work on /opt/airflow/dags/hello_dag.py
[2025-07-02T03:02:57.721+0000] {processor.py:830} INFO - Processing file /opt/airflow/dags/hello_dag.py for tasks to queue
[2025-07-02T03:02:57.723+0000] {logging_mixin.py:188} INFO - [2025-07-02T03:02:57.723+0000] {dagbag.py:545} INFO - Filling up the DagBag from /opt/airflow/dags/hello_dag.py
[2025-07-02T03:02:57.738+0000] {processor.py:840} INFO - DAG(s) 'hello_world_dag' retrieved from /opt/airflow/dags/hello_dag.py
[2025-07-02T03:02:57.768+0000] {logging_mixin.py:188} INFO - [2025-07-02T03:02:57.767+0000] {dag.py:3089} INFO - Sync 1 DAGs
[2025-07-02T03:02:57.790+0000] {logging_mixin.py:188} INFO - [2025-07-02T03:02:57.789+0000] {dag.py:3947} INFO - Setting next_dagrun for hello_world_dag to 2025-07-01 00:00:00+00:00, run_after=2025-07-02 00:00:00+00:00
[2025-07-02T03:02:57.822+0000] {processor.py:183} INFO - Processing /opt/airflow/dags/hello_dag.py took 0.110 seconds
[2025-07-02T03:03:28.170+0000] {processor.py:161} INFO - Started process (PID=686) to work on /opt/airflow/dags/hello_dag.py
[2025-07-02T03:03:28.171+0000] {processor.py:830} INFO - Processing file /opt/airflow/dags/hello_dag.py for tasks to queue
[2025-07-02T03:03:28.173+0000] {logging_mixin.py:188} INFO - [2025-07-02T03:03:28.173+0000] {dagbag.py:545} INFO - Filling up the DagBag from /opt/airflow/dags/hello_dag.py
[2025-07-02T03:03:28.186+0000] {processor.py:840} INFO - DAG(s) 'hello_world_dag' retrieved from /opt/airflow/dags/hello_dag.py
[2025-07-02T03:03:28.214+0000] {logging_mixin.py:188} INFO - [2025-07-02T03:03:28.213+0000] {dag.py:3089} INFO - Sync 1 DAGs
[2025-07-02T03:03:28.236+0000] {logging_mixin.py:188} INFO - [2025-07-02T03:03:28.236+0000] {dag.py:3947} INFO - Setting next_dagrun for hello_world_dag to 2025-07-01 00:00:00+00:00, run_after=2025-07-02 00:00:00+00:00
[2025-07-02T03:03:28.271+0000] {processor.py:183} INFO - Processing /opt/airflow/dags/hello_dag.py took 0.109 seconds
[2025-07-02T03:03:58.652+0000] {processor.py:161} INFO - Started process (PID=713) to work on /opt/airflow/dags/hello_dag.py
[2025-07-02T03:03:58.653+0000] {processor.py:830} INFO - Processing file /opt/airflow/dags/hello_dag.py for tasks to queue
[2025-07-02T03:03:58.656+0000] {logging_mixin.py:188} INFO - [2025-07-02T03:03:58.655+0000] {dagbag.py:545} INFO - Filling up the DagBag from /opt/airflow/dags/hello_dag.py
[2025-07-02T03:03:58.668+0000] {processor.py:840} INFO - DAG(s) 'hello_world_dag' retrieved from /opt/airflow/dags/hello_dag.py
[2025-07-02T03:03:58.706+0000] {logging_mixin.py:188} INFO - [2025-07-02T03:03:58.705+0000] {dag.py:3089} INFO - Sync 1 DAGs
[2025-07-02T03:03:58.734+0000] {logging_mixin.py:188} INFO - [2025-07-02T03:03:58.733+0000] {dag.py:3947} INFO - Setting next_dagrun for hello_world_dag to 2025-07-01 00:00:00+00:00, run_after=2025-07-02 00:00:00+00:00
[2025-07-02T03:03:58.768+0000] {processor.py:183} INFO - Processing /opt/airflow/dags/hello_dag.py took 0.122 seconds
[2025-07-02T03:04:29.122+0000] {processor.py:161} INFO - Started process (PID=733) to work on /opt/airflow/dags/hello_dag.py
[2025-07-02T03:04:29.123+0000] {processor.py:830} INFO - Processing file /opt/airflow/dags/hello_dag.py for tasks to queue
[2025-07-02T03:04:29.126+0000] {logging_mixin.py:188} INFO - [2025-07-02T03:04:29.126+0000] {dagbag.py:545} INFO - Filling up the DagBag from /opt/airflow/dags/hello_dag.py
[2025-07-02T03:04:29.140+0000] {processor.py:840} INFO - DAG(s) 'hello_world_dag' retrieved from /opt/airflow/dags/hello_dag.py
[2025-07-02T03:04:29.177+0000] {logging_mixin.py:188} INFO - [2025-07-02T03:04:29.176+0000] {dag.py:3089} INFO - Sync 1 DAGs
[2025-07-02T03:04:29.200+0000] {logging_mixin.py:188} INFO - [2025-07-02T03:04:29.200+0000] {dag.py:3947} INFO - Setting next_dagrun for hello_world_dag to 2025-07-01 00:00:00+00:00, run_after=2025-07-02 00:00:00+00:00
[2025-07-02T03:04:29.237+0000] {processor.py:183} INFO - Processing /opt/airflow/dags/hello_dag.py took 0.123 seconds
[2025-07-02T03:04:59.582+0000] {processor.py:161} INFO - Started process (PID=759) to work on /opt/airflow/dags/hello_dag.py
[2025-07-02T03:04:59.583+0000] {processor.py:830} INFO - Processing file /opt/airflow/dags/hello_dag.py for tasks to queue
[2025-07-02T03:04:59.592+0000] {logging_mixin.py:188} INFO - [2025-07-02T03:04:59.592+0000] {dagbag.py:545} INFO - Filling up the DagBag from /opt/airflow/dags/hello_dag.py
[2025-07-02T03:04:59.614+0000] {processor.py:840} INFO - DAG(s) 'hello_world_dag' retrieved from /opt/airflow/dags/hello_dag.py
[2025-07-02T03:04:59.682+0000] {logging_mixin.py:188} INFO - [2025-07-02T03:04:59.682+0000] {dag.py:3089} INFO - Sync 1 DAGs
[2025-07-02T03:04:59.737+0000] {logging_mixin.py:188} INFO - [2025-07-02T03:04:59.737+0000] {dag.py:3947} INFO - Setting next_dagrun for hello_world_dag to 2025-07-01 00:00:00+00:00, run_after=2025-07-02 00:00:00+00:00
[2025-07-02T03:04:59.790+0000] {processor.py:183} INFO - Processing /opt/airflow/dags/hello_dag.py took 0.220 seconds
[2025-07-02T03:05:30.134+0000] {processor.py:161} INFO - Started process (PID=786) to work on /opt/airflow/dags/hello_dag.py
[2025-07-02T03:05:30.136+0000] {processor.py:830} INFO - Processing file /opt/airflow/dags/hello_dag.py for tasks to queue
[2025-07-02T03:05:30.139+0000] {logging_mixin.py:188} INFO - [2025-07-02T03:05:30.139+0000] {dagbag.py:545} INFO - Filling up the DagBag from /opt/airflow/dags/hello_dag.py
[2025-07-02T03:05:30.156+0000] {processor.py:840} INFO - DAG(s) 'hello_world_dag' retrieved from /opt/airflow/dags/hello_dag.py
[2025-07-02T03:05:30.196+0000] {logging_mixin.py:188} INFO - [2025-07-02T03:05:30.195+0000] {dag.py:3089} INFO - Sync 1 DAGs
[2025-07-02T03:05:30.219+0000] {logging_mixin.py:188} INFO - [2025-07-02T03:05:30.219+0000] {dag.py:3947} INFO - Setting next_dagrun for hello_world_dag to 2025-07-01 00:00:00+00:00, run_after=2025-07-02 00:00:00+00:00
[2025-07-02T03:05:30.260+0000] {processor.py:183} INFO - Processing /opt/airflow/dags/hello_dag.py took 0.134 seconds
[2025-07-02T03:06:00.624+0000] {processor.py:161} INFO - Started process (PID=813) to work on /opt/airflow/dags/hello_dag.py
[2025-07-02T03:06:00.626+0000] {processor.py:830} INFO - Processing file /opt/airflow/dags/hello_dag.py for tasks to queue
[2025-07-02T03:06:00.631+0000] {logging_mixin.py:188} INFO - [2025-07-02T03:06:00.630+0000] {dagbag.py:545} INFO - Filling up the DagBag from /opt/airflow/dags/hello_dag.py
[2025-07-02T03:06:00.643+0000] {processor.py:840} INFO - DAG(s) 'hello_world_dag' retrieved from /opt/airflow/dags/hello_dag.py
[2025-07-02T03:06:00.675+0000] {logging_mixin.py:188} INFO - [2025-07-02T03:06:00.674+0000] {dag.py:3089} INFO - Sync 1 DAGs
[2025-07-02T03:06:00.697+0000] {logging_mixin.py:188} INFO - [2025-07-02T03:06:00.697+0000] {dag.py:3947} INFO - Setting next_dagrun for hello_world_dag to 2025-07-01 00:00:00+00:00, run_after=2025-07-02 00:00:00+00:00
[2025-07-02T03:06:00.729+0000] {processor.py:183} INFO - Processing /opt/airflow/dags/hello_dag.py took 0.113 seconds
[2025-07-02T03:06:31.060+0000] {processor.py:161} INFO - Started process (PID=840) to work on /opt/airflow/dags/hello_dag.py
[2025-07-02T03:06:31.061+0000] {processor.py:830} INFO - Processing file /opt/airflow/dags/hello_dag.py for tasks to queue
[2025-07-02T03:06:31.064+0000] {logging_mixin.py:188} INFO - [2025-07-02T03:06:31.064+0000] {dagbag.py:545} INFO - Filling up the DagBag from /opt/airflow/dags/hello_dag.py
[2025-07-02T03:06:31.079+0000] {processor.py:840} INFO - DAG(s) 'hello_world_dag' retrieved from /opt/airflow/dags/hello_dag.py
[2025-07-02T03:06:31.117+0000] {logging_mixin.py:188} INFO - [2025-07-02T03:06:31.116+0000] {dag.py:3089} INFO - Sync 1 DAGs
[2025-07-02T03:06:31.156+0000] {logging_mixin.py:188} INFO - [2025-07-02T03:06:31.156+0000] {dag.py:3947} INFO - Setting next_dagrun for hello_world_dag to 2025-07-01 00:00:00+00:00, run_after=2025-07-02 00:00:00+00:00
[2025-07-02T03:06:31.210+0000] {processor.py:183} INFO - Processing /opt/airflow/dags/hello_dag.py took 0.156 seconds
[2025-07-02T03:07:01.561+0000] {processor.py:161} INFO - Started process (PID=867) to work on /opt/airflow/dags/hello_dag.py
[2025-07-02T03:07:01.564+0000] {processor.py:830} INFO - Processing file /opt/airflow/dags/hello_dag.py for tasks to queue
[2025-07-02T03:07:01.567+0000] {logging_mixin.py:188} INFO - [2025-07-02T03:07:01.566+0000] {dagbag.py:545} INFO - Filling up the DagBag from /opt/airflow/dags/hello_dag.py
[2025-07-02T03:07:01.579+0000] {processor.py:840} INFO - DAG(s) 'hello_world_dag' retrieved from /opt/airflow/dags/hello_dag.py
[2025-07-02T03:07:01.609+0000] {logging_mixin.py:188} INFO - [2025-07-02T03:07:01.609+0000] {dag.py:3089} INFO - Sync 1 DAGs
[2025-07-02T03:07:01.633+0000] {logging_mixin.py:188} INFO - [2025-07-02T03:07:01.633+0000] {dag.py:3947} INFO - Setting next_dagrun for hello_world_dag to 2025-07-01 00:00:00+00:00, run_after=2025-07-02 00:00:00+00:00
[2025-07-02T03:07:01.668+0000] {processor.py:183} INFO - Processing /opt/airflow/dags/hello_dag.py took 0.115 seconds
[2025-07-02T03:07:32.023+0000] {processor.py:161} INFO - Started process (PID=894) to work on /opt/airflow/dags/hello_dag.py
[2025-07-02T03:07:32.025+0000] {processor.py:830} INFO - Processing file /opt/airflow/dags/hello_dag.py for tasks to queue
[2025-07-02T03:07:32.028+0000] {logging_mixin.py:188} INFO - [2025-07-02T03:07:32.028+0000] {dagbag.py:545} INFO - Filling up the DagBag from /opt/airflow/dags/hello_dag.py
[2025-07-02T03:07:32.045+0000] {processor.py:840} INFO - DAG(s) 'hello_world_dag' retrieved from /opt/airflow/dags/hello_dag.py
[2025-07-02T03:07:32.091+0000] {logging_mixin.py:188} INFO - [2025-07-02T03:07:32.090+0000] {dag.py:3089} INFO - Sync 1 DAGs
[2025-07-02T03:07:32.115+0000] {logging_mixin.py:188} INFO - [2025-07-02T03:07:32.115+0000] {dag.py:3947} INFO - Setting next_dagrun for hello_world_dag to 2025-07-01 00:00:00+00:00, run_after=2025-07-02 00:00:00+00:00
[2025-07-02T03:07:32.155+0000] {processor.py:183} INFO - Processing /opt/airflow/dags/hello_dag.py took 0.138 seconds
[2025-07-02T03:08:02.512+0000] {processor.py:161} INFO - Started process (PID=921) to work on /opt/airflow/dags/hello_dag.py
[2025-07-02T03:08:02.514+0000] {processor.py:830} INFO - Processing file /opt/airflow/dags/hello_dag.py for tasks to queue
[2025-07-02T03:08:02.518+0000] {logging_mixin.py:188} INFO - [2025-07-02T03:08:02.517+0000] {dagbag.py:545} INFO - Filling up the DagBag from /opt/airflow/dags/hello_dag.py
[2025-07-02T03:08:02.533+0000] {processor.py:840} INFO - DAG(s) 'hello_world_dag' retrieved from /opt/airflow/dags/hello_dag.py
[2025-07-02T03:08:02.562+0000] {logging_mixin.py:188} INFO - [2025-07-02T03:08:02.562+0000] {dag.py:3089} INFO - Sync 1 DAGs
[2025-07-02T03:08:02.588+0000] {logging_mixin.py:188} INFO - [2025-07-02T03:08:02.588+0000] {dag.py:3947} INFO - Setting next_dagrun for hello_world_dag to 2025-07-01 00:00:00+00:00, run_after=2025-07-02 00:00:00+00:00
[2025-07-02T03:08:02.625+0000] {processor.py:183} INFO - Processing /opt/airflow/dags/hello_dag.py took 0.121 seconds
[2025-07-02T03:08:32.976+0000] {processor.py:161} INFO - Started process (PID=948) to work on /opt/airflow/dags/hello_dag.py
[2025-07-02T03:08:32.978+0000] {processor.py:830} INFO - Processing file /opt/airflow/dags/hello_dag.py for tasks to queue
[2025-07-02T03:08:32.981+0000] {logging_mixin.py:188} INFO - [2025-07-02T03:08:32.980+0000] {dagbag.py:545} INFO - Filling up the DagBag from /opt/airflow/dags/hello_dag.py
[2025-07-02T03:08:32.994+0000] {processor.py:840} INFO - DAG(s) 'hello_world_dag' retrieved from /opt/airflow/dags/hello_dag.py
[2025-07-02T03:08:33.025+0000] {logging_mixin.py:188} INFO - [2025-07-02T03:08:33.025+0000] {dag.py:3089} INFO - Sync 1 DAGs
[2025-07-02T03:08:33.048+0000] {logging_mixin.py:188} INFO - [2025-07-02T03:08:33.048+0000] {dag.py:3947} INFO - Setting next_dagrun for hello_world_dag to 2025-07-01 00:00:00+00:00, run_after=2025-07-02 00:00:00+00:00
[2025-07-02T03:08:33.085+0000] {processor.py:183} INFO - Processing /opt/airflow/dags/hello_dag.py took 0.115 seconds
[2025-07-02T03:09:03.464+0000] {processor.py:161} INFO - Started process (PID=975) to work on /opt/airflow/dags/hello_dag.py
[2025-07-02T03:09:03.465+0000] {processor.py:830} INFO - Processing file /opt/airflow/dags/hello_dag.py for tasks to queue
[2025-07-02T03:09:03.468+0000] {logging_mixin.py:188} INFO - [2025-07-02T03:09:03.467+0000] {dagbag.py:545} INFO - Filling up the DagBag from /opt/airflow/dags/hello_dag.py
[2025-07-02T03:09:03.482+0000] {processor.py:840} INFO - DAG(s) 'hello_world_dag' retrieved from /opt/airflow/dags/hello_dag.py
[2025-07-02T03:09:03.510+0000] {logging_mixin.py:188} INFO - [2025-07-02T03:09:03.510+0000] {dag.py:3089} INFO - Sync 1 DAGs
[2025-07-02T03:09:03.535+0000] {logging_mixin.py:188} INFO - [2025-07-02T03:09:03.535+0000] {dag.py:3947} INFO - Setting next_dagrun for hello_world_dag to 2025-07-01 00:00:00+00:00, run_after=2025-07-02 00:00:00+00:00
[2025-07-02T03:09:03.572+0000] {processor.py:183} INFO - Processing /opt/airflow/dags/hello_dag.py took 0.116 seconds
[2025-07-02T03:12:01.841+0000] {processor.py:161} INFO - Started process (PID=182) to work on /opt/airflow/dags/hello_dag.py
[2025-07-02T03:12:01.843+0000] {processor.py:830} INFO - Processing file /opt/airflow/dags/hello_dag.py for tasks to queue
[2025-07-02T03:12:01.846+0000] {logging_mixin.py:188} INFO - [2025-07-02T03:12:01.845+0000] {dagbag.py:545} INFO - Filling up the DagBag from /opt/airflow/dags/hello_dag.py
[2025-07-02T03:12:02.007+0000] {processor.py:840} INFO - DAG(s) 'hello_world_dag' retrieved from /opt/airflow/dags/hello_dag.py
[2025-07-02T03:12:02.742+0000] {logging_mixin.py:188} INFO - [2025-07-02T03:12:02.741+0000] {override.py:1858} INFO - Created Permission View: can read on DAG:hello_world_dag
[2025-07-02T03:12:02.762+0000] {logging_mixin.py:188} INFO - [2025-07-02T03:12:02.762+0000] {override.py:1858} INFO - Created Permission View: can edit on DAG:hello_world_dag
[2025-07-02T03:12:02.777+0000] {logging_mixin.py:188} INFO - [2025-07-02T03:12:02.777+0000] {override.py:1858} INFO - Created Permission View: can delete on DAG:hello_world_dag
[2025-07-02T03:12:02.778+0000] {logging_mixin.py:188} INFO - [2025-07-02T03:12:02.778+0000] {dag.py:3089} INFO - Sync 1 DAGs
[2025-07-02T03:12:02.790+0000] {logging_mixin.py:188} INFO - [2025-07-02T03:12:02.789+0000] {dag.py:3111} INFO - Creating ORM DAG for hello_world_dag
[2025-07-02T03:12:02.803+0000] {logging_mixin.py:188} INFO - [2025-07-02T03:12:02.802+0000] {dag.py:3947} INFO - Setting next_dagrun for hello_world_dag to 2025-07-01 00:00:00+00:00, run_after=2025-07-02 00:00:00+00:00
[2025-07-02T03:12:02.846+0000] {processor.py:183} INFO - Processing /opt/airflow/dags/hello_dag.py took 1.014 seconds
[2025-07-02T03:14:23.944+0000] {processor.py:161} INFO - Started process (PID=182) to work on /opt/airflow/dags/hello_dag.py
[2025-07-02T03:14:23.949+0000] {processor.py:830} INFO - Processing file /opt/airflow/dags/hello_dag.py for tasks to queue
[2025-07-02T03:14:23.955+0000] {logging_mixin.py:188} INFO - [2025-07-02T03:14:23.954+0000] {dagbag.py:545} INFO - Filling up the DagBag from /opt/airflow/dags/hello_dag.py
[2025-07-02T03:14:24.387+0000] {processor.py:840} INFO - DAG(s) 'hello_world_dag' retrieved from /opt/airflow/dags/hello_dag.py
[2025-07-02T03:14:25.250+0000] {logging_mixin.py:188} INFO - [2025-07-02T03:14:25.249+0000] {override.py:1858} INFO - Created Permission View: can edit on DAG:hello_world_dag
[2025-07-02T03:14:25.279+0000] {logging_mixin.py:188} INFO - [2025-07-02T03:14:25.278+0000] {override.py:1858} INFO - Created Permission View: can read on DAG:hello_world_dag
[2025-07-02T03:14:25.302+0000] {logging_mixin.py:188} INFO - [2025-07-02T03:14:25.301+0000] {override.py:1858} INFO - Created Permission View: can delete on DAG:hello_world_dag
[2025-07-02T03:14:25.303+0000] {logging_mixin.py:188} INFO - [2025-07-02T03:14:25.303+0000] {dag.py:3089} INFO - Sync 1 DAGs
[2025-07-02T03:14:25.333+0000] {logging_mixin.py:188} INFO - [2025-07-02T03:14:25.332+0000] {dag.py:3111} INFO - Creating ORM DAG for hello_world_dag
[2025-07-02T03:14:25.352+0000] {logging_mixin.py:188} INFO - [2025-07-02T03:14:25.352+0000] {dag.py:3947} INFO - Setting next_dagrun for hello_world_dag to 2025-07-01 00:00:00+00:00, run_after=2025-07-02 00:00:00+00:00
[2025-07-02T03:14:25.417+0000] {processor.py:183} INFO - Processing /opt/airflow/dags/hello_dag.py took 1.484 seconds
